#
# A fatal error has been detected by the Java Runtime Environment:
#
#  SIGSEGV (0xb) at pc=0x0000000105bc26c2, pid=28739, tid=30987
#
# JRE version: Java(TM) SE Runtime Environment (17.0.8+9) (build 17.0.8+9-LTS-211)
# Java VM: Java HotSpot(TM) 64-Bit Server VM (17.0.8+9-LTS-211, mixed mode, sharing, tiered, compressed oops, compressed class ptrs, g1 gc, bsd-amd64)
# Problematic frame:
# V  [libjvm.dylib+0x5606c2]  jni_DeleteGlobalRef+0x32
#
# No core dump will be written. Core dumps have been disabled. To enable core dumping, try "ulimit -c unlimited" before starting Java again
#
# If you would like to submit a bug report, please visit:
#   https://bugreport.java.com/bugreport/crash.jsp
# The crash happened outside the Java Virtual Machine in native code.
# See problematic frame for where to report the bug.
#

---------------  S U M M A R Y ------------

Command Line: --module-path=/Users/estebannajera/Desktop/tarea-programacion-iii-2023/evacomuna/target/classes:/Users/estebannajera/.m2/repository/jakarta/activation/jakarta.activation-api/2.1.2/jakarta.activation-api-2.1.2.jar:/Users/estebannajera/.m2/repository/jakarta/xml/bind/jakarta.xml.bind-api/4.0.0/jakarta.xml.bind-api-4.0.0.jar:/Users/estebannajera/.m2/repository/jakarta/xml/soap/jakarta.xml.soap-api/3.0.0/jakarta.xml.soap-api-3.0.0.jar:/Users/estebannajera/.m2/repository/jakarta/xml/ws/jakarta.xml.ws-api/4.0.0/jakarta.xml.ws-api-4.0.0.jar:/Users/estebannajera/.m2/repository/org/controlsfx/controlsfx/11.1.2/controlsfx-11.1.2.jar:/Users/estebannajera/.m2/repository/org/openjfx/javafx-base/13/javafx-base-13-mac.jar:/Users/estebannajera/.m2/repository/org/openjfx/javafx-controls/13/javafx-controls-13-mac.jar:/Users/estebannajera/.m2/repository/org/openjfx/javafx-fxml/13/javafx-fxml-13-mac.jar:/Users/estebannajera/.m2/repository/org/openjfx/javafx-graphics/13/javafx-graphics-13-mac.jar --add-modules=Evacomuna -Djdk.module.main=Evacomuna Evacomuna/cr.ac.una.evacomuna.App

Host: "MacBookAir7,2" x86_64 2200 MHz, 4 cores, 8G, Darwin 21.6.0, macOS 12.6.5 (21G531)
Time: Mon Sep 11 16:27:32 2023 CST elapsed time: 33.648973 seconds (0d 0h 0m 33s)

---------------  T H R E A D  ---------------

Current thread (0x00007fc17023a200):  JavaThread "InvokeLaterDispatcher" daemon [_thread_in_native, id=30987, stack(0x00007000094d4000,0x00007000095d4000)]

Stack: [0x00007000094d4000,0x00007000095d4000],  sp=0x00007000095d3910,  free space=1022k
Native frames: (J=compiled Java code, j=interpreted, Vv=VM code, C=native code)
V  [libjvm.dylib+0x5606c2]  jni_DeleteGlobalRef+0x32
C  [libglass.dylib+0x8e55]  -[GlassRunnable dealloc]+0x35
C  [Foundation+0x818be]  -[_NSThreadPerformInfo dealloc]+0x2a
C  [Foundation+0x4e446]  -[NSObject(NSThreadPerformAdditions) performSelectorOnMainThread:withObject:waitUntilDone:]+0x7c
j  com.sun.glass.ui.mac.MacApplication._submitForLaterInvocation(Ljava/lang/Runnable;)V+0 javafx.graphics
J 5078 c1 com.sun.glass.ui.mac.MacApplication.submitForLaterInvocation(Ljava/lang/Runnable;)V javafx.graphics (6 bytes) @ 0x000000010e8a2614 [0x000000010e8a25c0+0x0000000000000054]
j  com.sun.glass.ui.InvokeLaterDispatcher.run()V+82 javafx.graphics
v  ~StubRoutines::call_stub
V  [libjvm.dylib+0x508331]  _ZN9JavaCalls11call_helperEP9JavaValueRK12methodHandleP17JavaCallArgumentsP10JavaThread+0x2a1
V  [libjvm.dylib+0x5073a7]  _ZN9JavaCalls12call_virtualEP9JavaValueP5KlassP6SymbolS5_P17JavaCallArgumentsP10JavaThread+0x147
V  [libjvm.dylib+0x507473]  _ZN9JavaCalls12call_virtualEP9JavaValue6HandleP5KlassP6SymbolS6_P10JavaThread+0x63
V  [libjvm.dylib+0x5af1e4]  _ZL12thread_entryP10JavaThreadS0_+0xb4
V  [libjvm.dylib+0x9fce87]  _ZN10JavaThread17thread_main_innerEv+0x147
V  [libjvm.dylib+0x9fb46a]  _ZN6Thread8call_runEv+0x11a
V  [libjvm.dylib+0x88b5e8]  _ZL19thread_native_entryP6Thread+0x148
C  [libsystem_pthread.dylib+0x64e1]  _pthread_start+0x7d
C  [libsystem_pthread.dylib+0x1f6b]  thread_start+0xf

Java frames: (J=compiled Java code, j=interpreted, Vv=VM code)
j  com.sun.glass.ui.mac.MacApplication._submitForLaterInvocation(Ljava/lang/Runnable;)V+0 javafx.graphics
J 5078 c1 com.sun.glass.ui.mac.MacApplication.submitForLaterInvocation(Ljava/lang/Runnable;)V javafx.graphics (6 bytes) @ 0x000000010e8a2614 [0x000000010e8a25c0+0x0000000000000054]
j  com.sun.glass.ui.InvokeLaterDispatcher.run()V+82 javafx.graphics
v  ~StubRoutines::call_stub

siginfo: si_signo: 11 (SIGSEGV), si_code: 1 (SEGV_MAPERR), si_addr: 0x0000000000000338

Register to memory mapping:

RAX=0x000000000000dead is an unknown value
RBX=0x00006000006cae50 points into unknown readable memory: 0x001d8001055bd181 | 81 d1 5b 05 01 80 1d 00
RCX=0x0000000000000008 is an unknown value
RDX=0x0100000000000000 is an unknown value
RSP=0x00007000095d3910 is pointing into the stack for thread: 0x00007fc17023a200
RBP=0x00007000095d3930 is pointing into the stack for thread: 0x00007fc17023a200
RSI=0x00007fc16f209a60 is a global jni handle
RDI=0x00007fc170236c00 points into unknown readable memory: 0x0000000000000000 | 00 00 00 00 00 00 00 00
R8 =0x00000000000130a8 is an unknown value
R9 =0x0 is NULL
R10=0x00000001055bd180: OBJC_CLASS_$_GlassRunnable+0 in /Users/estebannajera/.openjfx/cache/13/libglass.dylib at 0x0000000105579000
R11=0x0000000105581e20: -[GlassRunnable dealloc]+0 in /Users/estebannajera/.openjfx/cache/13/libglass.dylib at 0x0000000105579000
R12=0x00007ff8337e51d0 points into unknown readable memory: 0x6c616564006e7572 | 72 75 6e 00 64 65 61 6c
R13=0x00006000006cae50 points into unknown readable memory: 0x001d8001055bd181 | 81 d1 5b 05 01 80 1d 00
R14=0x00007fc16f209a60 is a global jni handle
R15=0x0 is NULL


Registers:
RAX=0x000000000000dead, RBX=0x00006000006cae50, RCX=0x0000000000000008, RDX=0x0100000000000000
RSP=0x00007000095d3910, RBP=0x00007000095d3930, RSI=0x00007fc16f209a60, RDI=0x00007fc170236c00
R8 =0x00000000000130a8, R9 =0x0000000000000000, R10=0x00000001055bd180, R11=0x0000000105581e20
R12=0x00007ff8337e51d0, R13=0x00006000006cae50, R14=0x00007fc16f209a60, R15=0x0000000000000000
RIP=0x0000000105bc26c2, EFLAGS=0x0000000000010246, ERR=0x0000000000000006
  TRAPNO=0x000000000000000e

Top of Stack: (sp=0x00007000095d3910)
0x00007000095d3910:   00000001062c40c0 00006000006cae50
0x00007000095d3920:   00006000006cae58 0000000000000000
0x00007000095d3930:   00007000095d3960 0000000105581e55
0x00007000095d3940:   0000000000000000 00006000006caec0
0x00007000095d3950:   0000600001051000 00007ff81925b000
0x00007000095d3960:   00007000095d39a0 00007ff81a3098be
0x00007000095d3970:   00006000006cae50 00006000006caec0
0x00007000095d3980:   00007ff8337e51d0 3f774f9b9ab500b2
0x00007000095d3990:   00006000006caec0 00007ff819258400
0x00007000095d39a0:   00007000095d39f0 00007ff81a2d6446
0x00007000095d39b0:   00006000006caec0 00006000006cae50
0x00007000095d39c0:   00000000095d39f0 00000001644ecf58
0x00007000095d39d0:   0000000000000000 00000001644ecf58
0x00007000095d39e0:   00007000095d3a80 00007fc17023a200
0x00007000095d39f0:   00007000095d3a58 00000001153ba53a
0x00007000095d3a00:   0000000785b97400 0000000123449298
0x00007000095d3a10:   00007000095d3a10 0000000000000000
0x00007000095d3a20:   00007000095d3a80 0000000164514ea0
0x00007000095d3a30:   0000000000000000 000000078026d788
0x00007000095d3a40:   00000001644ecf58 0000000000000000
0x00007000095d3a50:   00007000095d3a90 00007000095d3b40
0x00007000095d3a60:   000000010e8a2614 0000000000000000
0x00007000095d3a70:   00000001153b7f78 0000000785b974e0
0x00007000095d3a80:   000000078026d800 000000010e8a2614
0x00007000095d3a90:   00000007801da100 00000001641784a8
0x00007000095d3aa0:   0000000000000000 00007000095d3ae0
0x00007000095d3ab0:   00007000095d3b40 00000001153b642b
0x00007000095d3ac0:   00007000095d3b40 00000001153b688f
0x00007000095d3ad0:   00000001153b688f 0000000785b974e0
0x00007000095d3ae0:   000000078026d800 0000000000000003
0x00007000095d3af0:   0000000000000000 00007000095d3ae8
0x00007000095d3b00:   0000000164516bba 00007000095d3b78 

Instructions: (pc=0x0000000105bc26c2)
0x0000000105bc25c2:   83 ff f8 72 18 48 8d 15 47 7a 59 00 be 08 00 00
0x0000000105bc25d2:   00 4c 89 ff e8 35 7a bf ff 49 8b 7f 18 48 8d 47
0x0000000105bc25e2:   08 49 3b 47 20 76 14 be 08 00 00 00 4c 89 ff 31
0x0000000105bc25f2:   d2 e8 48 7a bf ff 48 89 c7 eb 04 49 89 47 18 4c
0x0000000105bc2602:   89 37 be 01 00 00 00 e8 42 8f 03 00 49 89 c6 48
0x0000000105bc2612:   83 7d c8 00 74 09 48 8d 7d c0 e8 ff f6 36 00 49
0x0000000105bc2622:   8b 9c 24 e8 00 00 00 48 8b 43 10 48 83 38 00 74
0x0000000105bc2632:   0c 48 89 df e8 a5 76 f4 ff 48 8b 43 10 48 8b 4b
0x0000000105bc2642:   08 48 89 41 10 48 8b 43 08 48 8b 4b 18 48 89 48
0x0000000105bc2652:   18 48 8b 43 08 48 8b 4b 20 48 89 48 20 49 8d bc
0x0000000105bc2662:   24 88 02 00 00 4c 89 e6 e8 41 32 e9 ff 41 c7 84
0x0000000105bc2672:   24 38 03 00 00 04 00 00 00 4c 89 f0 48 83 c4 20
0x0000000105bc2682:   5b 41 5c 41 5e 41 5f 5d c3 0f 1f 44 00 00 55 48
0x0000000105bc2692:   89 e5 41 57 41 56 53 50 49 89 ff b8 55 21 ff ff
0x0000000105bc26a2:   03 87 b8 00 00 00 49 89 f6 49 81 c7 58 fd ff ff
0x0000000105bc26b2:   83 f8 02 72 0b 4c 89 ff e8 81 c3 49 00 45 31 ff
0x0000000105bc26c2:   41 c7 87 38 03 00 00 05 00 00 00 f0 83 04 24 00
0x0000000105bc26d2:   49 8b 87 40 03 00 00 48 a9 01 00 00 00 74 0d 4c
0x0000000105bc26e2:   89 ff be 01 00 00 00 e8 32 c3 3b 00 41 83 bf 2c
0x0000000105bc26f2:   03 00 00 00 75 0d 41 f7 87 28 03 00 00 0c 00 00
0x0000000105bc2702:   00 74 0a 4c 89 ff 31 f6 e8 71 da 49 00 41 c7 87
0x0000000105bc2712:   38 03 00 00 06 00 00 00 4c 89 f7 e8 9e 8f 03 00
0x0000000105bc2722:   49 8b 9f e8 00 00 00 48 8b 43 10 48 83 38 00 74
0x0000000105bc2732:   0c 48 89 df e8 a5 75 f4 ff 48 8b 43 10 48 8b 4b
0x0000000105bc2742:   08 48 89 41 10 48 8b 43 08 48 8b 4b 18 48 89 48
0x0000000105bc2752:   18 48 8b 43 08 48 8b 4b 20 48 89 48 20 49 8d bf
0x0000000105bc2762:   88 02 00 00 4c 89 fe e8 42 31 e9 ff 41 c7 87 38
0x0000000105bc2772:   03 00 00 04 00 00 00 48 83 c4 08 5b 41 5e 41 5f
0x0000000105bc2782:   5d c3 66 2e 0f 1f 84 00 00 00 00 00 66 90 55 48
0x0000000105bc2792:   89 e5 41 57 41 56 53 50 49 89 ff b8 55 21 ff ff
0x0000000105bc27a2:   03 87 b8 00 00 00 49 89 f6 49 81 c7 58 fd ff ff
0x0000000105bc27b2:   83 f8 02 72 0b 4c 89 ff e8 81 c2 49 00 45 31 ff 


Stack slot to memory mapping:
stack at sp + 0 slots: 0x00000001062c40c0: jni_NativeInterface+0 in /Library/Java/JavaVirtualMachines/jdk-17.jdk/Contents/Home/lib/server/libjvm.dylib at 0x0000000105662000
stack at sp + 1 slots: 0x00006000006cae50 points into unknown readable memory: 0x001d8001055bd181 | 81 d1 5b 05 01 80 1d 00
stack at sp + 2 slots: 0x00006000006cae58 points into unknown readable memory: 0x00007fc16f209a60 | 60 9a 20 6f c1 7f 00 00
stack at sp + 3 slots: 0x0 is NULL
stack at sp + 4 slots: 0x00007000095d3960 is pointing into the stack for thread: 0x00007fc17023a200
stack at sp + 5 slots: 0x0000000105581e55: -[GlassRunnable dealloc]+0x35 in /Users/estebannajera/.openjfx/cache/13/libglass.dylib at 0x0000000105579000
stack at sp + 6 slots: 0x0 is NULL
stack at sp + 7 slots: 0x00006000006caec0 points into unknown readable memory: 0x011dfff85a981491 | 91 14 98 5a f8 ff 1d 01


---------------  P R O C E S S  ---------------

Threads class SMR info:
_java_thread_list=0x00006000004f5b20, length=16, elements={
0x00007fc16e814400, 0x00007fc170009000, 0x00007fc16e817a00, 0x00007fc16e80d000,
0x00007fc170060800, 0x00007fc170059600, 0x00007fc170848000, 0x00007fc170846800,
0x00007fc16e816a00, 0x00007fc16f829600, 0x00007fc17023a200, 0x00007fc1702e3600,
0x00007fc16e9ae200, 0x00007fc1701caa00, 0x00007fc16fbff000, 0x00007fc16f809800
}

Java Threads: ( => current thread )
  0x00007fc16e814400 JavaThread "Reference Handler" daemon [_thread_blocked, id=16643, stack(0x00007000087aa000,0x00007000088aa000)]
  0x00007fc170009000 JavaThread "Finalizer" daemon [_thread_blocked, id=15363, stack(0x00007000088ad000,0x00007000089ad000)]
  0x00007fc16e817a00 JavaThread "Signal Dispatcher" daemon [_thread_blocked, id=42499, stack(0x0000700008ab6000,0x0000700008bb6000)]
  0x00007fc16e80d000 JavaThread "Service Thread" daemon [_thread_blocked, id=23043, stack(0x0000700008bb9000,0x0000700008cb9000)]
  0x00007fc170060800 JavaThread "Monitor Deflation Thread" daemon [_thread_blocked, id=23555, stack(0x0000700008cbc000,0x0000700008dbc000)]
  0x00007fc170059600 JavaThread "C2 CompilerThread0" daemon [_thread_blocked, id=41987, stack(0x0000700008dbf000,0x0000700008ebf000)]
  0x00007fc170848000 JavaThread "C1 CompilerThread0" daemon [_thread_blocked, id=24323, stack(0x0000700008ec2000,0x0000700008fc2000)]
  0x00007fc170846800 JavaThread "Sweeper thread" daemon [_thread_blocked, id=24835, stack(0x0000700008fc5000,0x00007000090c5000)]
  0x00007fc16e816a00 JavaThread "Common-Cleaner" daemon [_thread_blocked, id=25347, stack(0x00007000090c8000,0x00007000091c8000)]
  0x00007fc16f829600 JavaThread "Notification Thread" daemon [_thread_blocked, id=25603, stack(0x00007000091cb000,0x00007000092cb000)]
=>0x00007fc17023a200 JavaThread "InvokeLaterDispatcher" daemon [_thread_in_native, id=30987, stack(0x00007000094d4000,0x00007000095d4000)]
  0x00007fc1702e3600 JavaThread "Prism Font Disposer" daemon [_thread_blocked, id=71947, stack(0x0000700009ef8000,0x0000700009ff8000)]
  0x00007fc16e9ae200 JavaThread "Cleaner-0" daemon [_thread_blocked, id=56839, stack(0x0000700009ffb000,0x000070000a0fb000)]
  0x00007fc1701caa00 JavaThread "Keep-Alive-Timer" daemon [_thread_blocked, id=60263, stack(0x000070000a204000,0x000070000a304000)]
  0x00007fc16fbff000 JavaThread "PulseTimer-CVDisplayLink thread" daemon [_thread_in_native, id=64327, stack(0x0000700008a33000,0x0000700008ab3000)]
  0x00007fc16f809800 JavaThread "DestroyJavaVM" [_thread_blocked, id=6147, stack(0x0000700008095000,0x0000700008195000)]

Other Threads:
  0x00007fc16e706a10 VMThread "VM Thread" [stack: 0x00007000086a7000,0x00007000087a7000] [id=14851]
  0x00007fc16f01e440 WatcherThread [stack: 0x00007000092ce000,0x00007000093ce000] [id=25859]
  0x00007fc16f006b20 GCTaskThread "GC Thread#0" [stack: 0x0000700008198000,0x0000700008298000] [id=19715]
  0x00007fc16f223af0 GCTaskThread "GC Thread#1" [stack: 0x00007000095d7000,0x00007000096d7000] [id=84739]
  0x00007fc16f223d90 GCTaskThread "GC Thread#2" [stack: 0x00007000096da000,0x00007000097da000] [id=84227]
  0x00007fc16f224200 GCTaskThread "GC Thread#3" [stack: 0x00007000097dd000,0x00007000098dd000] [id=83971]
  0x00007fc16f204f80 ConcurrentGCThread "G1 Main Marker" [stack: 0x000070000829b000,0x000070000839b000] [id=19459]
  0x00007fc16f205800 ConcurrentGCThread "G1 Conc#0" [stack: 0x000070000839e000,0x000070000849e000] [id=13059]
  0x00007fc171304080 ConcurrentGCThread "G1 Refine#0" [stack: 0x00007000084a1000,0x00007000085a1000] [id=13571]
  0x00007fc16f02d0a0 ConcurrentGCThread "G1 Refine#1" [stack: 0x0000700009bef000,0x0000700009cef000] [id=82183]
  0x00007fc16e723b60 ConcurrentGCThread "G1 Refine#2" [stack: 0x0000700009cf2000,0x0000700009df2000] [id=74755]
  0x00007fc16e723e30 ConcurrentGCThread "G1 Refine#3" [stack: 0x0000700009df5000,0x0000700009ef5000] [id=53763]
  0x00007fc171304910 ConcurrentGCThread "G1 Service" [stack: 0x00007000085a4000,0x00007000086a4000] [id=13827]

Threads with active compile tasks:

VM state: not at safepoint (normal execution)

VM Mutex/Monitor currently owned by a thread: None

Heap address: 0x0000000780000000, size: 2048 MB, Compressed Oops mode: Zero based, Oop shift amount: 3

CDS archive(s) mapped at: [0x0000000123000000-0x0000000123be4000-0x0000000123be4000), size 12468224, SharedBaseAddress: 0x0000000123000000, ArchiveRelocationMode: 1.
Compressed class space mapped at: 0x0000000124000000-0x0000000164000000, reserved size: 1073741824
Narrow klass base: 0x0000000123000000, Narrow klass shift: 0, Narrow klass range: 0x100000000

GC Precious Log:
 CPUs: 4 total, 4 available
 Memory: 8192M
 Large Page Support: Disabled
 NUMA Support: Disabled
 Compressed Oops: Enabled (Zero based)
 Heap Region Size: 1M
 Heap Min Capacity: 8M
 Heap Initial Capacity: 128M
 Heap Max Capacity: 2G
 Pre-touch: Disabled
 Parallel Workers: 4
 Concurrent Workers: 1
 Concurrent Refinement Workers: 4
 Periodic GC: Disabled

Heap:
 garbage-first heap   total 109568K, used 86663K [0x0000000780000000, 0x0000000800000000)
  region size 1024K, 60 young (61440K), 4 survivors (4096K)
 Metaspace       used 26460K, committed 26816K, reserved 1114112K
  class space    used 3711K, committed 3904K, reserved 1048576K

Heap Regions: E=young(eden), S=young(survivor), O=old, HS=humongous(starts), HC=humongous(continues), CS=collection set, F=free, OA=open archive, CA=closed archive, TAMS=top-at-mark-start (previous, next)
|   0|0x0000000780000000, 0x0000000780100000, 0x0000000780100000|100%| O|  |TAMS 0x0000000780100000, 0x0000000780000000| Untracked 
|   1|0x0000000780100000, 0x0000000780200000, 0x0000000780200000|100%| O|  |TAMS 0x0000000780200000, 0x0000000780100000| Untracked 
|   2|0x0000000780200000, 0x0000000780300000, 0x0000000780300000|100%| O|  |TAMS 0x0000000780300000, 0x0000000780200000| Untracked 
|   3|0x0000000780300000, 0x0000000780400000, 0x0000000780400000|100%|HS|  |TAMS 0x0000000780400000, 0x0000000780300000| Complete 
|   4|0x0000000780400000, 0x0000000780500000, 0x0000000780500000|100%|HC|  |TAMS 0x0000000780500000, 0x0000000780400000| Complete 
|   5|0x0000000780500000, 0x0000000780600000, 0x0000000780600000|100%| O|  |TAMS 0x0000000780500000, 0x0000000780500000| Untracked 
|   6|0x0000000780600000, 0x0000000780700000, 0x0000000780700000|100%| O|  |TAMS 0x0000000780600000, 0x0000000780600000| Untracked 
|   7|0x0000000780700000, 0x0000000780800000, 0x0000000780800000|100%|HS|  |TAMS 0x0000000780800000, 0x0000000780700000| Complete 
|   8|0x0000000780800000, 0x0000000780900000, 0x0000000780900000|100%|HC|  |TAMS 0x0000000780900000, 0x0000000780800000| Complete 
|   9|0x0000000780900000, 0x0000000780a00000, 0x0000000780a00000|100%|HS|  |TAMS 0x0000000780a00000, 0x0000000780900000| Complete 
|  10|0x0000000780a00000, 0x0000000780b00000, 0x0000000780b00000|100%|HC|  |TAMS 0x0000000780b00000, 0x0000000780a00000| Complete 
|  11|0x0000000780b00000, 0x0000000780c00000, 0x0000000780c00000|100%|HS|  |TAMS 0x0000000780c00000, 0x0000000780b00000| Complete 
|  12|0x0000000780c00000, 0x0000000780d00000, 0x0000000780d00000|100%|HC|  |TAMS 0x0000000780d00000, 0x0000000780c00000| Complete 
|  13|0x0000000780d00000, 0x0000000780e00000, 0x0000000780e00000|100%|HS|  |TAMS 0x0000000780e00000, 0x0000000780d00000| Complete 
|  14|0x0000000780e00000, 0x0000000780f00000, 0x0000000780f00000|100%|HC|  |TAMS 0x0000000780f00000, 0x0000000780e00000| Complete 
|  15|0x0000000780f00000, 0x0000000781000000, 0x0000000781000000|100%|HS|  |TAMS 0x0000000781000000, 0x0000000780f00000| Complete 
|  16|0x0000000781000000, 0x0000000781100000, 0x0000000781100000|100%|HC|  |TAMS 0x0000000781100000, 0x0000000781000000| Complete 
|  17|0x0000000781100000, 0x0000000781200000, 0x0000000781200000|100%|HS|  |TAMS 0x0000000781200000, 0x0000000781100000| Complete 
|  18|0x0000000781200000, 0x0000000781300000, 0x0000000781300000|100%|HC|  |TAMS 0x0000000781300000, 0x0000000781200000| Complete 
|  19|0x0000000781300000, 0x0000000781400000, 0x0000000781400000|100%|HS|  |TAMS 0x0000000781400000, 0x0000000781300000| Complete 
|  20|0x0000000781400000, 0x0000000781500000, 0x0000000781500000|100%|HC|  |TAMS 0x0000000781500000, 0x0000000781400000| Complete 
|  21|0x0000000781500000, 0x0000000781600000, 0x0000000781600000|100%|HS|  |TAMS 0x0000000781600000, 0x0000000781500000| Complete 
|  22|0x0000000781600000, 0x0000000781700000, 0x0000000781700000|100%|HC|  |TAMS 0x0000000781700000, 0x0000000781600000| Complete 
|  23|0x0000000781700000, 0x0000000781800000, 0x0000000781800000|100%| O|  |TAMS 0x00000007817d7600, 0x0000000781700000| Untracked 
|  24|0x0000000781800000, 0x00000007818abe00, 0x0000000781900000| 67%| O|  |TAMS 0x0000000781800000, 0x0000000781800000| Untracked 
|  25|0x0000000781900000, 0x0000000781900000, 0x0000000781a00000|  0%| F|  |TAMS 0x0000000781900000, 0x0000000781900000| Untracked 
|  26|0x0000000781a00000, 0x0000000781a00000, 0x0000000781b00000|  0%| F|  |TAMS 0x0000000781a00000, 0x0000000781a00000| Untracked 
|  27|0x0000000781b00000, 0x0000000781b00000, 0x0000000781c00000|  0%| F|  |TAMS 0x0000000781b00000, 0x0000000781b00000| Untracked 
|  28|0x0000000781c00000, 0x0000000781c00000, 0x0000000781d00000|  0%| F|  |TAMS 0x0000000781c00000, 0x0000000781c00000| Untracked 
|  29|0x0000000781d00000, 0x0000000781d00000, 0x0000000781e00000|  0%| F|  |TAMS 0x0000000781d00000, 0x0000000781d00000| Untracked 
|  30|0x0000000781e00000, 0x0000000781e00000, 0x0000000781f00000|  0%| F|  |TAMS 0x0000000781e00000, 0x0000000781e00000| Untracked 
|  31|0x0000000781f00000, 0x0000000781f00000, 0x0000000782000000|  0%| F|  |TAMS 0x0000000781f00000, 0x0000000781f00000| Untracked 
|  32|0x0000000782000000, 0x0000000782000000, 0x0000000782100000|  0%| F|  |TAMS 0x0000000782000000, 0x0000000782000000| Untracked 
|  33|0x0000000782100000, 0x0000000782100000, 0x0000000782200000|  0%| F|  |TAMS 0x0000000782100000, 0x0000000782100000| Untracked 
|  34|0x0000000782200000, 0x0000000782200000, 0x0000000782300000|  0%| F|  |TAMS 0x0000000782200000, 0x0000000782200000| Untracked 
|  35|0x0000000782300000, 0x0000000782300000, 0x0000000782400000|  0%| F|  |TAMS 0x0000000782300000, 0x0000000782300000| Untracked 
|  36|0x0000000782400000, 0x0000000782400000, 0x0000000782500000|  0%| F|  |TAMS 0x0000000782400000, 0x0000000782400000| Untracked 
|  37|0x0000000782500000, 0x0000000782500000, 0x0000000782600000|  0%| F|  |TAMS 0x0000000782500000, 0x0000000782500000| Untracked 
|  38|0x0000000782600000, 0x0000000782600000, 0x0000000782700000|  0%| F|  |TAMS 0x0000000782600000, 0x0000000782600000| Untracked 
|  39|0x0000000782700000, 0x0000000782700000, 0x0000000782800000|  0%| F|  |TAMS 0x0000000782700000, 0x0000000782700000| Untracked 
|  40|0x0000000782800000, 0x0000000782800000, 0x0000000782900000|  0%| F|  |TAMS 0x0000000782800000, 0x0000000782800000| Untracked 
|  41|0x0000000782900000, 0x0000000782900000, 0x0000000782a00000|  0%| F|  |TAMS 0x0000000782900000, 0x0000000782900000| Untracked 
|  42|0x0000000782a00000, 0x0000000782a00000, 0x0000000782b00000|  0%| F|  |TAMS 0x0000000782a00000, 0x0000000782a00000| Untracked 
|  43|0x0000000782b00000, 0x0000000782b00000, 0x0000000782c00000|  0%| F|  |TAMS 0x0000000782b00000, 0x0000000782b00000| Untracked 
|  44|0x0000000782c00000, 0x0000000782c00000, 0x0000000782d00000|  0%| F|  |TAMS 0x0000000782c00000, 0x0000000782c00000| Untracked 
|  45|0x0000000782d00000, 0x0000000782e00000, 0x0000000782e00000|100%| E|  |TAMS 0x0000000782d00000, 0x0000000782d00000| Complete 
|  46|0x0000000782e00000, 0x0000000782f00000, 0x0000000782f00000|100%| E|CS|TAMS 0x0000000782e00000, 0x0000000782e00000| Complete 
|  47|0x0000000782f00000, 0x0000000783000000, 0x0000000783000000|100%| E|CS|TAMS 0x0000000782f00000, 0x0000000782f00000| Complete 
|  48|0x0000000783000000, 0x0000000783100000, 0x0000000783100000|100%| E|CS|TAMS 0x0000000783000000, 0x0000000783000000| Complete 
|  49|0x0000000783100000, 0x0000000783200000, 0x0000000783200000|100%| E|CS|TAMS 0x0000000783100000, 0x0000000783100000| Complete 
|  50|0x0000000783200000, 0x0000000783300000, 0x0000000783300000|100%| E|CS|TAMS 0x0000000783200000, 0x0000000783200000| Complete 
|  51|0x0000000783300000, 0x0000000783400000, 0x0000000783400000|100%| E|CS|TAMS 0x0000000783300000, 0x0000000783300000| Complete 
|  52|0x0000000783400000, 0x0000000783500000, 0x0000000783500000|100%| E|CS|TAMS 0x0000000783400000, 0x0000000783400000| Complete 
|  53|0x0000000783500000, 0x0000000783600000, 0x0000000783600000|100%| E|CS|TAMS 0x0000000783500000, 0x0000000783500000| Complete 
|  54|0x0000000783600000, 0x0000000783700000, 0x0000000783700000|100%| E|CS|TAMS 0x0000000783600000, 0x0000000783600000| Complete 
|  55|0x0000000783700000, 0x0000000783800000, 0x0000000783800000|100%| E|CS|TAMS 0x0000000783700000, 0x0000000783700000| Complete 
|  56|0x0000000783800000, 0x0000000783900000, 0x0000000783900000|100%| E|CS|TAMS 0x0000000783800000, 0x0000000783800000| Complete 
|  57|0x0000000783900000, 0x0000000783a00000, 0x0000000783a00000|100%| E|CS|TAMS 0x0000000783900000, 0x0000000783900000| Complete 
|  58|0x0000000783a00000, 0x0000000783b00000, 0x0000000783b00000|100%| E|CS|TAMS 0x0000000783a00000, 0x0000000783a00000| Complete 
|  59|0x0000000783b00000, 0x0000000783c00000, 0x0000000783c00000|100%| E|CS|TAMS 0x0000000783b00000, 0x0000000783b00000| Complete 
|  60|0x0000000783c00000, 0x0000000783d00000, 0x0000000783d00000|100%| E|CS|TAMS 0x0000000783c00000, 0x0000000783c00000| Complete 
|  61|0x0000000783d00000, 0x0000000783e00000, 0x0000000783e00000|100%| E|CS|TAMS 0x0000000783d00000, 0x0000000783d00000| Complete 
|  62|0x0000000783e00000, 0x0000000783f00000, 0x0000000783f00000|100%| E|CS|TAMS 0x0000000783e00000, 0x0000000783e00000| Complete 
|  63|0x0000000783f00000, 0x0000000784000000, 0x0000000784000000|100%| E|CS|TAMS 0x0000000783f00000, 0x0000000783f00000| Complete 
|  64|0x0000000784000000, 0x0000000784100000, 0x0000000784100000|100%| E|CS|TAMS 0x0000000784000000, 0x0000000784000000| Complete 
|  65|0x0000000784100000, 0x0000000784200000, 0x0000000784200000|100%| E|CS|TAMS 0x0000000784100000, 0x0000000784100000| Complete 
|  66|0x0000000784200000, 0x0000000784300000, 0x0000000784300000|100%| E|CS|TAMS 0x0000000784200000, 0x0000000784200000| Complete 
|  67|0x0000000784300000, 0x0000000784400000, 0x0000000784400000|100%| E|CS|TAMS 0x0000000784300000, 0x0000000784300000| Complete 
|  68|0x0000000784400000, 0x0000000784500000, 0x0000000784500000|100%| E|CS|TAMS 0x0000000784400000, 0x0000000784400000| Complete 
|  69|0x0000000784500000, 0x0000000784600000, 0x0000000784600000|100%| E|CS|TAMS 0x0000000784500000, 0x0000000784500000| Complete 
|  70|0x0000000784600000, 0x0000000784700000, 0x0000000784700000|100%| E|CS|TAMS 0x0000000784600000, 0x0000000784600000| Complete 
|  71|0x0000000784700000, 0x0000000784800000, 0x0000000784800000|100%| E|CS|TAMS 0x0000000784700000, 0x0000000784700000| Complete 
|  72|0x0000000784800000, 0x0000000784900000, 0x0000000784900000|100%| E|CS|TAMS 0x0000000784800000, 0x0000000784800000| Complete 
|  73|0x0000000784900000, 0x0000000784a00000, 0x0000000784a00000|100%| E|CS|TAMS 0x0000000784900000, 0x0000000784900000| Complete 
|  74|0x0000000784a00000, 0x0000000784b00000, 0x0000000784b00000|100%| E|CS|TAMS 0x0000000784a00000, 0x0000000784a00000| Complete 
|  75|0x0000000784b00000, 0x0000000784c00000, 0x0000000784c00000|100%| E|CS|TAMS 0x0000000784b00000, 0x0000000784b00000| Complete 
|  76|0x0000000784c00000, 0x0000000784d00000, 0x0000000784d00000|100%| E|CS|TAMS 0x0000000784c00000, 0x0000000784c00000| Complete 
|  77|0x0000000784d00000, 0x0000000784e00000, 0x0000000784e00000|100%| E|CS|TAMS 0x0000000784d00000, 0x0000000784d00000| Complete 
|  78|0x0000000784e00000, 0x0000000784f00000, 0x0000000784f00000|100%| E|CS|TAMS 0x0000000784e00000, 0x0000000784e00000| Complete 
|  79|0x0000000784f00000, 0x0000000785000000, 0x0000000785000000|100%| E|CS|TAMS 0x0000000784f00000, 0x0000000784f00000| Complete 
|  80|0x0000000785000000, 0x0000000785100000, 0x0000000785100000|100%| E|CS|TAMS 0x0000000785000000, 0x0000000785000000| Complete 
|  81|0x0000000785100000, 0x0000000785200000, 0x0000000785200000|100%| E|CS|TAMS 0x0000000785100000, 0x0000000785100000| Complete 
|  82|0x0000000785200000, 0x0000000785300000, 0x0000000785300000|100%| E|CS|TAMS 0x0000000785200000, 0x0000000785200000| Complete 
|  83|0x0000000785300000, 0x0000000785400000, 0x0000000785400000|100%| E|CS|TAMS 0x0000000785300000, 0x0000000785300000| Complete 
|  84|0x0000000785400000, 0x0000000785500000, 0x0000000785500000|100%| E|CS|TAMS 0x0000000785400000, 0x0000000785400000| Complete 
|  85|0x0000000785500000, 0x0000000785600000, 0x0000000785600000|100%| E|CS|TAMS 0x0000000785500000, 0x0000000785500000| Complete 
|  86|0x0000000785600000, 0x0000000785700000, 0x0000000785700000|100%| E|CS|TAMS 0x0000000785600000, 0x0000000785600000| Complete 
|  87|0x0000000785700000, 0x0000000785800000, 0x0000000785800000|100%| E|CS|TAMS 0x0000000785700000, 0x0000000785700000| Complete 
|  88|0x0000000785800000, 0x0000000785900000, 0x0000000785900000|100%| E|CS|TAMS 0x0000000785800000, 0x0000000785800000| Complete 
|  89|0x0000000785900000, 0x0000000785a00000, 0x0000000785a00000|100%| E|CS|TAMS 0x0000000785900000, 0x0000000785900000| Complete 
|  90|0x0000000785a00000, 0x0000000785b00000, 0x0000000785b00000|100%| E|CS|TAMS 0x0000000785a00000, 0x0000000785a00000| Complete 
|  91|0x0000000785b00000, 0x0000000785c00000, 0x0000000785c00000|100%| E|CS|TAMS 0x0000000785b00000, 0x0000000785b00000| Complete 
|  92|0x0000000785c00000, 0x0000000785d00000, 0x0000000785d00000|100%| E|CS|TAMS 0x0000000785c00000, 0x0000000785c00000| Complete 
|  93|0x0000000785d00000, 0x0000000785e00000, 0x0000000785e00000|100%| E|CS|TAMS 0x0000000785d00000, 0x0000000785d00000| Complete 
|  94|0x0000000785e00000, 0x0000000785f00000, 0x0000000785f00000|100%| E|CS|TAMS 0x0000000785e00000, 0x0000000785e00000| Complete 
|  95|0x0000000785f00000, 0x0000000786000000, 0x0000000786000000|100%| E|CS|TAMS 0x0000000785f00000, 0x0000000785f00000| Complete 
|  96|0x0000000786000000, 0x0000000786100000, 0x0000000786100000|100%| E|CS|TAMS 0x0000000786000000, 0x0000000786000000| Complete 
|  97|0x0000000786100000, 0x0000000786200000, 0x0000000786200000|100%| E|CS|TAMS 0x0000000786100000, 0x0000000786100000| Complete 
|  98|0x0000000786200000, 0x0000000786300000, 0x0000000786300000|100%| E|CS|TAMS 0x0000000786200000, 0x0000000786200000| Complete 
|  99|0x0000000786300000, 0x0000000786400000, 0x0000000786400000|100%| E|CS|TAMS 0x0000000786300000, 0x0000000786300000| Complete 
| 113|0x0000000787100000, 0x0000000787200000, 0x0000000787200000|100%| S|CS|TAMS 0x0000000787100000, 0x0000000787100000| Complete 
| 114|0x0000000787200000, 0x0000000787300000, 0x0000000787300000|100%| S|CS|TAMS 0x0000000787200000, 0x0000000787200000| Complete 
| 115|0x0000000787300000, 0x0000000787400000, 0x0000000787400000|100%| S|CS|TAMS 0x0000000787300000, 0x0000000787300000| Complete 
| 116|0x0000000787400000, 0x0000000787500000, 0x0000000787500000|100%| S|CS|TAMS 0x0000000787400000, 0x0000000787400000| Complete 
| 127|0x0000000787f00000, 0x0000000788000000, 0x0000000788000000|100%| E|CS|TAMS 0x0000000787f00000, 0x0000000787f00000| Complete 
|2046|0x00000007ffe00000, 0x00000007ffe76000, 0x00000007fff00000| 46%|OA|  |TAMS 0x00000007ffe76000, 0x00000007ffe00000| Untracked 
|2047|0x00000007fff00000, 0x00000007fff80000, 0x0000000800000000| 50%|CA|  |TAMS 0x00000007fff80000, 0x00000007fff00000| Untracked 

Card table byte_map: [0x000000010400a000,0x000000010440a000] _byte_map_base: 0x000000010040a000

Marking Bits (Prev, Next): (CMBitMap*) 0x00007fc170814a50, (CMBitMap*) 0x00007fc170814a10
 Prev Bits: [0x000000011ee76000, 0x0000000120e76000)
 Next Bits: [0x000000011ce76000, 0x000000011ee76000)

Polling page: 0x0000000103955000

Metaspace:

Usage:
  Non-class:     22.22 MB used.
      Class:      3.62 MB used.
       Both:     25.84 MB used.

Virtual space:
  Non-class space:       64.00 MB reserved,      22.38 MB ( 35%) committed,  1 nodes.
      Class space:        1.00 GB reserved,       3.81 MB ( <1%) committed,  1 nodes.
             Both:        1.06 GB reserved,      26.19 MB (  2%) committed. 

Chunk freelists:
   Non-Class:  8.89 MB
       Class:  12.10 MB
        Both:  20.99 MB

MaxMetaspaceSize: unlimited
CompressedClassSpaceSize: 1.00 GB
Initial GC threshold: 21.00 MB
Current GC threshold: 35.25 MB
CDS: on
MetaspaceReclaimPolicy: balanced
 - commit_granule_bytes: 65536.
 - commit_granule_words: 8192.
 - virtual_space_node_default_size: 8388608.
 - enlarge_chunks_in_place: 1.
 - new_chunks_are_fully_committed: 0.
 - uncommit_free_chunks: 1.
 - use_allocation_guard: 0.
 - handle_deallocations: 1.


Internal statistics:

num_allocs_failed_limit: 3.
num_arena_births: 326.
num_arena_deaths: 0.
num_vsnodes_births: 2.
num_vsnodes_deaths: 0.
num_space_committed: 419.
num_space_uncommitted: 0.
num_chunks_returned_to_freelist: 3.
num_chunks_taken_from_freelist: 1275.
num_chunk_merges: 3.
num_chunk_splits: 878.
num_chunks_enlarged: 666.
num_purges: 0.
num_inconsistent_stats: 0.

CodeHeap 'non-profiled nmethods': size=120032Kb used=2265Kb max_used=2265Kb free=117767Kb
 bounds [0x000000011593e000, 0x0000000115bae000, 0x000000011ce76000]
CodeHeap 'profiled nmethods': size=120028Kb used=11335Kb max_used=11335Kb free=108692Kb
 bounds [0x000000010de76000, 0x000000010e996000, 0x00000001153ad000]
CodeHeap 'non-nmethods': size=5700Kb used=1452Kb max_used=1501Kb free=4247Kb
 bounds [0x00000001153ad000, 0x000000011561d000, 0x000000011593e000]
 total_blobs=6425 nmethods=5605 adapters=731
 compilation: enabled
              stopped_count=0, restarted_count=0
 full_count=0

Compilation events (20 events):
Event: 33.240 Thread 0x00007fc170059600 5576       4       java.util.AbstractList$Itr::hasNext (20 bytes)
Event: 33.241 Thread 0x00007fc170059600 nmethod 5576 0x0000000115b71b10 code [0x0000000115b71ca0, 0x0000000115b71d58]
Event: 33.241 Thread 0x00007fc170059600 5565   !   4       java.util.AbstractList$Itr::next (46 bytes)
Event: 33.242 Thread 0x00007fc170059600 nmethod 5565 0x0000000115b71e10 code [0x0000000115b71fa0, 0x0000000115b720e8]
Event: 33.242 Thread 0x00007fc170059600 5596       4       java.lang.StrictMath::floorOrCeil (128 bytes)
Event: 33.242 Thread 0x00007fc170059600 nmethod 5596 0x0000000115b72290 code [0x0000000115b72440, 0x0000000115b72518]
Event: 33.243 Thread 0x00007fc170059600 5603       4       javafx.scene.Node::transformedBoundsChanged (43 bytes)
Event: 33.247 Thread 0x00007fc170059600 nmethod 5603 0x0000000115b72590 code [0x0000000115b72780, 0x0000000115b72ba8]
Event: 33.248 Thread 0x00007fc170059600 5583       4       javafx.beans.property.ObjectPropertyBase::isBound (13 bytes)
Event: 33.248 Thread 0x00007fc170059600 nmethod 5583 0x0000000115b73090 code [0x0000000115b73200, 0x0000000115b73298]
Event: 33.248 Thread 0x00007fc170059600 5579       4       java.util.HashMap::afterNodeRemoval (1 bytes)
Event: 33.248 Thread 0x00007fc170059600 nmethod 5579 0x0000000115b73390 code [0x0000000115b73500, 0x0000000115b73578]
Event: 33.248 Thread 0x00007fc170059600 5582       4       java.util.Collections::emptyList (4 bytes)
Event: 33.249 Thread 0x00007fc170059600 nmethod 5582 0x0000000115b73690 code [0x0000000115b73800, 0x0000000115b73858]
Event: 33.627 Thread 0x00007fc170848000 5613   !   3       com.sun.javafx.binding.ExpressionHelper$Generic::fireValueChangedEvent (218 bytes)
Event: 33.635 Thread 0x00007fc170059600 5611 %     4       com.sun.javafx.css.StyleManager$RefList::remove @ 12 (81 bytes)
Event: 33.635 Thread 0x00007fc170848000 nmethod 5613 0x000000010e97da90 code [0x000000010e97dd20, 0x000000010e97e790]
Event: 33.636 Thread 0x00007fc170848000 5612   !   3       java.util.ArrayList$Itr::remove (68 bytes)
Event: 33.638 Thread 0x00007fc170848000 nmethod 5612 0x000000010e97ee10 code [0x000000010e97f020, 0x000000010e97f590]
Event: 33.638 Thread 0x00007fc170848000 5615   !   3       com.sun.javafx.tk.Toolkit::firePulse (279 bytes)

GC Heap History (8 events):
Event: 0.824 GC heap before
{Heap before GC invocations=0 (full 0):
 garbage-first heap   total 133120K, used 13272K [0x0000000780000000, 0x0000000800000000)
  region size 1024K, 13 young (13312K), 0 survivors (0K)
 Metaspace       used 3002K, committed 3200K, reserved 1114112K
  class space    used 338K, committed 448K, reserved 1048576K
}
Event: 0.826 GC heap after
{Heap after GC invocations=1 (full 0):
 garbage-first heap   total 133120K, used 2408K [0x0000000780000000, 0x0000000800000000)
  region size 1024K, 2 young (2048K), 2 survivors (2048K)
 Metaspace       used 3002K, committed 3200K, reserved 1114112K
  class space    used 338K, committed 448K, reserved 1048576K
}
Event: 1.712 GC heap before
{Heap before GC invocations=1 (full 0):
 garbage-first heap   total 133120K, used 24936K [0x0000000780000000, 0x0000000800000000)
  region size 1024K, 25 young (25600K), 2 survivors (2048K)
 Metaspace       used 9231K, committed 9408K, reserved 1114112K
  class space    used 1259K, committed 1344K, reserved 1048576K
}
Event: 1.721 GC heap after
{Heap after GC invocations=2 (full 0):
 garbage-first heap   total 133120K, used 7267K [0x0000000780000000, 0x0000000800000000)
  region size 1024K, 4 young (4096K), 4 survivors (4096K)
 Metaspace       used 9231K, committed 9408K, reserved 1114112K
  class space    used 1259K, committed 1344K, reserved 1048576K
}
Event: 27.290 GC heap before
{Heap before GC invocations=2 (full 0):
 garbage-first heap   total 133120K, used 66659K [0x0000000780000000, 0x0000000800000000)
  region size 1024K, 42 young (43008K), 4 survivors (4096K)
 Metaspace       used 18383K, committed 18624K, reserved 1114112K
  class space    used 2644K, committed 2752K, reserved 1048576K
}
Event: 27.310 GC heap after
{Heap after GC invocations=3 (full 0):
 garbage-first heap   total 133120K, used 29493K [0x0000000780000000, 0x0000000800000000)
  region size 1024K, 6 young (6144K), 6 survivors (6144K)
 Metaspace       used 18383K, committed 18624K, reserved 1114112K
  class space    used 2644K, committed 2752K, reserved 1048576K
}
Event: 27.747 GC heap before
{Heap before GC invocations=3 (full 0):
 garbage-first heap   total 133120K, used 39733K [0x0000000780000000, 0x0000000800000000)
  region size 1024K, 17 young (17408K), 6 survivors (6144K)
 Metaspace       used 21299K, committed 21504K, reserved 1114112K
  class space    used 3074K, committed 3200K, reserved 1048576K
}
Event: 27.761 GC heap after
{Heap after GC invocations=4 (full 0):
 garbage-first heap   total 133120K, used 30343K [0x0000000780000000, 0x0000000800000000)
  region size 1024K, 4 young (4096K), 4 survivors (4096K)
 Metaspace       used 21299K, committed 21504K, reserved 1114112K
  class space    used 3074K, committed 3200K, reserved 1048576K
}

Deoptimization events (20 events):
Event: 30.507 Thread 0x00007fc16f809e00 DEOPT PACKING pc=0x0000000115aa67b0 sp=0x00007000094cf800
Event: 30.507 Thread 0x00007fc16f809e00 DEOPT UNPACKING pc=0x00000001153ff099 sp=0x00007000094cf7b8 mode 2
Event: 30.509 Thread 0x00007fc16f809e00 Uncommon trap: trap_request=0xffffffbe fr.pc=0x0000000115ade9ac relative=0x000000000000122c
Event: 30.509 Thread 0x00007fc16f809e00 Uncommon trap: reason=profile_predicate action=maybe_recompile pc=0x0000000115ade9ac method=com.sun.marlin.DRenderer._endRendering(IILcom/sun/marlin/MarlinAlphaConsumer;)V @ 1253 c2
Event: 30.509 Thread 0x00007fc16f809e00 DEOPT PACKING pc=0x0000000115ade9ac sp=0x00007000094cf950
Event: 30.509 Thread 0x00007fc16f809e00 DEOPT UNPACKING pc=0x00000001153ff099 sp=0x00007000094cf7f8 mode 2
Event: 30.510 Thread 0x00007fc16f809e00 Uncommon trap: trap_request=0xffffffbe fr.pc=0x0000000115a97234 relative=0x00000000000019f4
Event: 30.510 Thread 0x00007fc16f809e00 Uncommon trap: reason=profile_predicate action=maybe_recompile pc=0x0000000115a97234 method=com.sun.marlin.DRenderer._endRendering(IILcom/sun/marlin/MarlinAlphaConsumer;)V @ 1253 c2
Event: 30.510 Thread 0x00007fc16f809e00 DEOPT PACKING pc=0x0000000115a97234 sp=0x00007000094cf870
Event: 30.510 Thread 0x00007fc16f809e00 DEOPT UNPACKING pc=0x00000001153ff099 sp=0x00007000094cf7f8 mode 2
Event: 30.755 Thread 0x00007fc16f809e00 DEOPT PACKING pc=0x000000010e3e97d1 sp=0x00007000094cfb50
Event: 30.755 Thread 0x00007fc16f809e00 DEOPT UNPACKING pc=0x00000001153ff82f sp=0x00007000094cf070 mode 0
Event: 30.775 Thread 0x00007fc16f809e00 DEOPT PACKING pc=0x000000010e74d131 sp=0x00007000094cf860
Event: 30.775 Thread 0x00007fc16f809e00 DEOPT UNPACKING pc=0x00000001153ff82f sp=0x00007000094ceda0 mode 0
Event: 30.856 Thread 0x00007fc16f809e00 DEOPT PACKING pc=0x000000010e752515 sp=0x00007000094cf250
Event: 30.856 Thread 0x00007fc16f809e00 DEOPT UNPACKING pc=0x00000001153ff82f sp=0x00007000094ce710 mode 0
Event: 30.999 Thread 0x00007fc170236c00 DEOPT PACKING pc=0x000000010e18753c sp=0x00007ff7bc6cb3d0
Event: 30.999 Thread 0x00007fc170236c00 DEOPT UNPACKING pc=0x00000001153ff82f sp=0x00007ff7bc6ca868 mode 0
Event: 33.072 Thread 0x00007fc170236c00 DEOPT PACKING pc=0x000000010e18753c sp=0x00007ff7bc6c8990
Event: 33.072 Thread 0x00007fc170236c00 DEOPT UNPACKING pc=0x00000001153ff82f sp=0x00007ff7bc6c7e28 mode 0

Classes unloaded (0 events):
No events

Classes redefined (0 events):
No events

Internal exceptions (20 events):
Event: 27.793 Thread 0x00007fc170236c00 Exception <a 'sun/nio/fs/UnixException'{0x0000000787fae410}> (0x0000000787fae410) 
thrown [open/src/hotspot/share/prims/jni.cpp, line 516]
Event: 27.804 Thread 0x00007fc170236c00 Exception <a 'sun/nio/fs/UnixException'{0x000000078631aeb0}> (0x000000078631aeb0) 
thrown [open/src/hotspot/share/prims/jni.cpp, line 516]
Event: 27.806 Thread 0x00007fc170236c00 Exception <a 'sun/nio/fs/UnixException'{0x0000000786325bd8}> (0x0000000786325bd8) 
thrown [open/src/hotspot/share/prims/jni.cpp, line 516]
Event: 27.808 Thread 0x00007fc170236c00 Exception <a 'sun/nio/fs/UnixException'{0x00000007863317c8}> (0x00000007863317c8) 
thrown [open/src/hotspot/share/prims/jni.cpp, line 516]
Event: 27.808 Thread 0x00007fc170236c00 Exception <a 'sun/nio/fs/UnixException'{0x0000000786333658}> (0x0000000786333658) 
thrown [open/src/hotspot/share/prims/jni.cpp, line 516]
Event: 27.815 Thread 0x00007fc170236c00 Exception <a 'sun/nio/fs/UnixException'{0x0000000786361f60}> (0x0000000786361f60) 
thrown [open/src/hotspot/share/prims/jni.cpp, line 516]
Event: 27.816 Thread 0x00007fc170236c00 Exception <a 'sun/nio/fs/UnixException'{0x000000078636fcf8}> (0x000000078636fcf8) 
thrown [open/src/hotspot/share/prims/jni.cpp, line 516]
Event: 27.875 Thread 0x00007fc170236c00 Exception <a 'sun/nio/fs/UnixException'{0x00000007861201d8}> (0x00000007861201d8) 
thrown [open/src/hotspot/share/prims/jni.cpp, line 516]
Event: 27.878 Thread 0x00007fc170236c00 Exception <a 'sun/nio/fs/UnixException'{0x0000000786139a28}> (0x0000000786139a28) 
thrown [open/src/hotspot/share/prims/jni.cpp, line 516]
Event: 27.884 Thread 0x00007fc170236c00 Exception <a 'sun/nio/fs/UnixException'{0x0000000786155a90}> (0x0000000786155a90) 
thrown [open/src/hotspot/share/prims/jni.cpp, line 516]
Event: 27.885 Thread 0x00007fc170236c00 Exception <a 'sun/nio/fs/UnixException'{0x0000000786159cc8}> (0x0000000786159cc8) 
thrown [open/src/hotspot/share/prims/jni.cpp, line 516]
Event: 27.974 Thread 0x00007fc170236c00 Exception <a 'java/io/FileNotFoundException'{0x0000000785e78de8}> (0x0000000785e78de8) 
thrown [open/src/hotspot/share/prims/jni.cpp, line 516]
Event: 29.130 Thread 0x00007fc170236c00 Exception <a 'java/lang/ClassNotFoundException'{0x00000007853a3028}: jdk/net/ExtendedSocketOptions> (0x00000007853a3028) 
thrown [open/src/hotspot/share/classfile/systemDictionary.cpp, line 256]
Event: 29.142 Thread 0x00007fc170236c00 Exception <a 'sun/nio/fs/UnixException'{0x00000007853c1050}> (0x00000007853c1050) 
thrown [open/src/hotspot/share/prims/jni.cpp, line 516]
Event: 29.250 Thread 0x00007fc170236c00 Exception <a 'java/io/FileNotFoundException'{0x0000000785140da0}> (0x0000000785140da0) 
thrown [open/src/hotspot/share/prims/jni.cpp, line 516]
Event: 29.250 Thread 0x00007fc170236c00 Exception <a 'java/io/FileNotFoundException'{0x0000000785142298}> (0x0000000785142298) 
thrown [open/src/hotspot/share/prims/jni.cpp, line 516]
Event: 29.304 Thread 0x00007fc170236c00 Exception <a 'java/lang/NoSuchMethodError'{0x00000007850cc0c8}: 'void java.lang.invoke.DirectMethodHandle$Holder.invokeSpecialIFC(java.lang.Object, java.lang.Object, java.lang.Object, java.lang.Object)'> (0x00000007850cc0c8) 
thrown [open/src/hotspot/share/interpreter/linkResolver.cpp, line 759]
Event: 29.348 Thread 0x00007fc170236c00 Exception <a 'java/lang/NoSuchMethodError'{0x0000000784e63d48}: 'int java.lang.invoke.DirectMethodHandle$Holder.invokeSpecial(java.lang.Object, java.lang.Object, int)'> (0x0000000784e63d48) 
thrown [open/src/hotspot/share/interpreter/linkResolver.cpp, line 759]
Event: 30.301 Thread 0x00007fc170236c00 Exception <a 'java/io/FileNotFoundException'{0x00000007846ef628}> (0x00000007846ef628) 
thrown [open/src/hotspot/share/prims/jni.cpp, line 516]
Event: 30.302 Thread 0x00007fc170236c00 Exception <a 'java/io/FileNotFoundException'{0x00000007846f0b20}> (0x00000007846f0b20) 
thrown [open/src/hotspot/share/prims/jni.cpp, line 516]

VM Operations (20 events):
Event: 29.238 Executing VM operation: HandshakeAllThreads
Event: 29.238 Executing VM operation: HandshakeAllThreads done
Event: 29.241 Executing VM operation: HandshakeAllThreads
Event: 29.241 Executing VM operation: HandshakeAllThreads done
Event: 29.265 Executing VM operation: ICBufferFull
Event: 29.265 Executing VM operation: ICBufferFull done
Event: 29.518 Executing VM operation: HandshakeAllThreads
Event: 29.518 Executing VM operation: HandshakeAllThreads done
Event: 29.727 Executing VM operation: HandshakeAllThreads
Event: 29.727 Executing VM operation: HandshakeAllThreads done
Event: 30.242 Executing VM operation: ICBufferFull
Event: 30.242 Executing VM operation: ICBufferFull done
Event: 30.456 Executing VM operation: ICBufferFull
Event: 30.456 Executing VM operation: ICBufferFull done
Event: 31.460 Executing VM operation: Cleanup
Event: 31.460 Executing VM operation: Cleanup done
Event: 32.460 Executing VM operation: Cleanup
Event: 32.460 Executing VM operation: Cleanup done
Event: 33.463 Executing VM operation: Cleanup
Event: 33.463 Executing VM operation: Cleanup done

Events (20 events):
Event: 29.237 Thread 0x00007fc1701caa00 Thread added: 0x00007fc1701caa00
Event: 29.237 Protecting memory [0x000070000a204000,0x000070000a208000] with protection modes 0
Event: 29.237 loading class sun/net/www/http/ClientVector
Event: 29.237 loading class sun/net/www/http/ClientVector done
Event: 29.238 loading class sun/net/www/http/KeepAliveEntry
Event: 29.238 loading class sun/net/www/http/KeepAliveEntry done
Event: 29.246 loading class javax/xml/datatype/DatatypeConfigurationException
Event: 29.246 loading class javax/xml/datatype/DatatypeConfigurationException done
Event: 29.518 loading class java/nio/DirectFloatBufferU
Event: 29.518 loading class java/nio/DirectFloatBufferU done
Event: 32.237 Protecting memory [0x00007000098e0000,0x00007000098e4000] with protection modes 3
Event: 32.237 Thread 0x00007fc16e9bb400 Thread exited: 0x00007fc16e9bb400
Event: 33.003 Protecting memory [0x0000700008a33000,0x0000700008a37000] with protection modes 0
Event: 33.003 Thread 0x00007fc17315ca00 Thread added: 0x00007fc17315ca00
Event: 33.370 Protecting memory [0x0000700008a33000,0x0000700008a37000] with protection modes 3
Event: 33.370 Thread 0x00007fc17315ca00 Thread exited: 0x00007fc17315ca00
Event: 33.620 Protecting memory [0x0000700008a33000,0x0000700008a37000] with protection modes 0
Event: 33.621 Thread 0x00007fc16fbff000 Thread added: 0x00007fc16fbff000
Event: 33.644 Protecting memory [0x00007ff7bbed2000,0x00007ff7bbed6000] with protection modes 3
Event: 33.644 Thread 0x00007fc170236c00 Thread exited: 0x00007fc170236c00


Dynamic libraries:
0x0000000103957000 	/Library/Java/JavaVirtualMachines/jdk-17.jdk/Contents/Home/lib/libjli.dylib
0x00007ff8240df000 	/usr/lib/libz.1.dylib
0x00007ff8241bf000 	/usr/lib/libSystem.B.dylib
0x00007ff8241ba000 	/usr/lib/system/libcache.dylib
0x00007ff824176000 	/usr/lib/system/libcommonCrypto.dylib
0x00007ff82419f000 	/usr/lib/system/libcompiler_rt.dylib
0x00007ff824195000 	/usr/lib/system/libcopyfile.dylib
0x00007ff81914d000 	/usr/lib/system/libcorecrypto.dylib
0x00007ff81920b000 	/usr/lib/system/libdispatch.dylib
0x00007ff8193cb000 	/usr/lib/system/libdyld.dylib
0x00007ff8241b1000 	/usr/lib/system/libkeymgr.dylib
0x00007ff824154000 	/usr/lib/system/libmacho.dylib
0x00007ff8237d5000 	/usr/lib/system/libquarantine.dylib
0x00007ff8241af000 	/usr/lib/system/libremovefile.dylib
0x00007ff81e360000 	/usr/lib/system/libsystem_asl.dylib
0x00007ff8190f6000 	/usr/lib/system/libsystem_blocks.dylib
0x00007ff81928f000 	/usr/lib/system/libsystem_c.dylib
0x00007ff8241a7000 	/usr/lib/system/libsystem_collections.dylib
0x00007ff822a89000 	/usr/lib/system/libsystem_configuration.dylib
0x00007ff821d32000 	/usr/lib/system/libsystem_containermanager.dylib
0x00007ff823e8c000 	/usr/lib/system/libsystem_coreservices.dylib
0x00007ff81ba01000 	/usr/lib/system/libsystem_darwin.dylib
0x00007ff8241b2000 	/usr/lib/system/libsystem_dnssd.dylib
0x00007ff81928c000 	/usr/lib/system/libsystem_featureflags.dylib
0x00007ff8193e1000 	/usr/lib/system/libsystem_info.dylib
0x00007ff8240f2000 	/usr/lib/system/libsystem_m.dylib
0x00007ff8191df000 	/usr/lib/system/libsystem_malloc.dylib
0x00007ff81e2fb000 	/usr/lib/system/libsystem_networkextension.dylib
0x00007ff81be27000 	/usr/lib/system/libsystem_notify.dylib
0x00007ff82a432000 	/usr/lib/system/libsystem_product_info_filter.dylib
0x00007ff822a8d000 	/usr/lib/system/libsystem_sandbox.dylib
0x00007ff8241ac000 	/usr/lib/system/libsystem_secinit.dylib
0x00007ff819387000 	/usr/lib/system/libsystem_kernel.dylib
0x00007ff8193d7000 	/usr/lib/system/libsystem_platform.dylib
0x00007ff8193bf000 	/usr/lib/system/libsystem_pthread.dylib
0x00007ff81fbae000 	/usr/lib/system/libsystem_symptoms.dylib
0x00007ff819134000 	/usr/lib/system/libsystem_trace.dylib
0x00007ff824182000 	/usr/lib/system/libunwind.dylib
0x00007ff8190f8000 	/usr/lib/system/libxpc.dylib
0x00007ff819371000 	/usr/lib/libc++abi.dylib
0x00007ff819252000 	/usr/lib/libobjc.A.dylib
0x00007ff82418d000 	/usr/lib/liboah.dylib
0x00007ff819318000 	/usr/lib/libc++.1.dylib
0x00007ff830238000 	/System/Library/Frameworks/Cocoa.framework/Versions/A/Cocoa
0x00007ff81be85000 	/System/Library/Frameworks/AppKit.framework/Versions/C/AppKit
0x00007ff81f39c000 	/System/Library/Frameworks/CoreData.framework/Versions/A/CoreData
0x00007ff81a288000 	/System/Library/Frameworks/Foundation.framework/Versions/C/Foundation
0x00007ff81cd15000 	/System/Library/PrivateFrameworks/UIFoundation.framework/Versions/A/UIFoundation
0x00007ff82a135000 	/System/Library/PrivateFrameworks/RemoteViewServices.framework/Versions/A/RemoteViewServices
0x00007ff822413000 	/System/Library/PrivateFrameworks/XCTTargetBootstrap.framework/Versions/A/XCTTargetBootstrap
0x00007ff825fcb000 	/System/Library/PrivateFrameworks/InternationalSupport.framework/Versions/A/InternationalSupport
0x00007ff826055000 	/System/Library/PrivateFrameworks/UserActivity.framework/Versions/A/UserActivity
0x00007ff8253a7000 	/usr/lib/libspindump.dylib
0x00007ff81cfa4000 	/System/Library/Frameworks/UniformTypeIdentifiers.framework/Versions/A/UniformTypeIdentifiers
0x00007ff820b37000 	/usr/lib/libapp_launch_measurement.dylib
0x00007ff81fd6e000 	/System/Library/PrivateFrameworks/CoreAnalytics.framework/Versions/A/CoreAnalytics
0x00007ff820b3a000 	/System/Library/PrivateFrameworks/CoreAutoLayout.framework/Versions/A/CoreAutoLayout
0x00007ff821d6a000 	/System/Library/Frameworks/Metal.framework/Versions/A/Metal
0x00007ff822a99000 	/usr/lib/liblangid.dylib
0x00007ff822418000 	/System/Library/PrivateFrameworks/CoreSVG.framework/Versions/A/CoreSVG
0x00007ff81e390000 	/System/Library/PrivateFrameworks/SkyLight.framework/Versions/A/SkyLight
0x00007ff81e72f000 	/System/Library/Frameworks/CoreGraphics.framework/Versions/A/CoreGraphics
0x00007ff82a7f5000 	/System/Library/Frameworks/Accelerate.framework/Versions/A/Accelerate
0x00007ff824e26000 	/System/Library/PrivateFrameworks/IconServices.framework/Versions/A/IconServices
0x00007ff821d4f000 	/System/Library/Frameworks/IOSurface.framework/Versions/A/IOSurface
0x00007ff81fd9c000 	/usr/lib/libDiagnosticMessagesClient.dylib
0x00007ff82dedc000 	/System/Library/Frameworks/ApplicationServices.framework/Versions/A/ApplicationServices
0x00007ff8223ff000 	/System/Library/PrivateFrameworks/DFRFoundation.framework/Versions/A/DFRFoundation
0x00007ff81b76d000 	/usr/lib/libicucore.A.dylib
0x00007ff826dc1000 	/System/Library/Frameworks/AudioToolbox.framework/Versions/A/AudioToolbox
0x00007ff825fd7000 	/System/Library/PrivateFrameworks/DataDetectorsCore.framework/Versions/A/DataDetectorsCore
0x00007ff9224d3000 	/System/Library/PrivateFrameworks/TextInput.framework/Versions/A/TextInput
0x00007ff81e313000 	/usr/lib/libMobileGestalt.dylib
0x00007ff82210b000 	/System/Library/Frameworks/Carbon.framework/Versions/A/Frameworks/HIToolbox.framework/Versions/A/HIToolbox
0x00007ff820539000 	/System/Library/Frameworks/QuartzCore.framework/Versions/A/QuartzCore
0x00007ff81b412000 	/System/Library/Frameworks/Security.framework/Versions/A/Security
0x00007ff82a16d000 	/System/Library/Frameworks/Carbon.framework/Versions/A/Frameworks/SpeechRecognition.framework/Versions/A/SpeechRecognition
0x00007ff820897000 	/System/Library/PrivateFrameworks/CoreUI.framework/Versions/A/CoreUI
0x00007ff81acdc000 	/System/Library/Frameworks/CoreAudio.framework/Versions/A/CoreAudio
0x00007ff81fe8b000 	/System/Library/Frameworks/DiskArbitration.framework/Versions/A/DiskArbitration
0x00007ff825797000 	/System/Library/PrivateFrameworks/MultitouchSupport.framework/Versions/A/MultitouchSupport
0x00007ff81e312000 	/usr/lib/libenergytrace.dylib
0x00007ff81bd71000 	/System/Library/Frameworks/IOKit.framework/Versions/A/IOKit
0x00007ff82a55d000 	/System/Library/Frameworks/CoreServices.framework/Versions/A/CoreServices
0x00007ff820ad1000 	/System/Library/PrivateFrameworks/PerformanceAnalysis.framework/Versions/A/PerformanceAnalysis
0x00007ffa321b2000 	/System/Library/Frameworks/OpenGL.framework/Versions/A/OpenGL
0x00007ff8236fb000 	/System/Library/PrivateFrameworks/MobileKeyBag.framework/Versions/A/MobileKeyBag
0x00007ff81edfb000 	/System/Library/Frameworks/ColorSync.framework/Versions/A/ColorSync
0x00007ff81940c000 	/System/Library/Frameworks/CoreFoundation.framework/Versions/A/CoreFoundation
0x00007ff82268f000 	/System/Library/Frameworks/CoreImage.framework/Versions/A/CoreImage
0x00007ff81aaf0000 	/System/Library/Frameworks/CoreText.framework/Versions/A/CoreText
0x00007ff822448000 	/System/Library/Frameworks/ImageIO.framework/Versions/A/ImageIO
0x00007ff8241c5000 	/System/Library/PrivateFrameworks/SoftLinking.framework/Versions/A/SoftLinking
0x00007ff820b82000 	/usr/lib/libxml2.2.dylib
0x00007ff824449000 	/usr/lib/libcompression.dylib
0x00007ff825efe000 	/System/Library/PrivateFrameworks/TextureIO.framework/Versions/A/TextureIO
0x00007ff824b37000 	/usr/lib/libate.dylib
0x00007ff824913000 	/usr/lib/liblzma.5.dylib
0x00007ff819f9a000 	/System/Library/Frameworks/SystemConfiguration.framework/Versions/A/SystemConfiguration
0x00007ff8241c1000 	/usr/lib/libfakelink.dylib
0x00007ff81de6b000 	/System/Library/Frameworks/CFNetwork.framework/Versions/A/CFNetwork
0x00007ff824302000 	/usr/lib/libarchive.2.dylib
0x00007ff822a95000 	/System/Library/PrivateFrameworks/AppleSystemInfo.framework/Versions/A/AppleSystemInfo
0x00007ff8237fc000 	/usr/lib/libbsm.0.dylib
0x00007ff81d47a000 	/usr/lib/libnetwork.dylib
0x00007ff82415a000 	/usr/lib/system/libkxld.dylib
0x00007ff82342f000 	/System/Library/PrivateFrameworks/IOMobileFramebuffer.framework/Versions/A/IOMobileFramebuffer
0x00007ffb31b8d000 	/usr/lib/libCoreEntitlements.dylib
0x00007ff823e6e000 	/System/Library/PrivateFrameworks/AppleFSCompression.framework/Versions/A/AppleFSCompression
0x00007ff8237e4000 	/usr/lib/libcoretls.dylib
0x00007ff82492d000 	/usr/lib/libcoretls_cfhelpers.dylib
0x00007ff824444000 	/usr/lib/libpam.2.dylib
0x00007ff81f7cd000 	/usr/lib/libsqlite3.dylib
0x00007ff82499c000 	/usr/lib/libxar.1.dylib
0x00007ff823e7e000 	/usr/lib/libbz2.1.0.dylib
0x00007ff8241c6000 	/usr/lib/libpcap.A.dylib
0x00007ff81fba6000 	/usr/lib/libdns_services.dylib
0x00007ff824414000 	/usr/lib/libapple_nghttp2.dylib
0x00007ff824200000 	/usr/lib/libiconv.2.dylib
0x00007ff824153000 	/usr/lib/libcharset.1.dylib
0x00007ff820b05000 	/System/Library/Frameworks/CoreServices.framework/Versions/A/Frameworks/FSEvents.framework/Versions/A/FSEvents
0x00007ff81ba0b000 	/System/Library/Frameworks/CoreServices.framework/Versions/A/Frameworks/CarbonCore.framework/Versions/A/CarbonCore
0x00007ff81fdef000 	/System/Library/Frameworks/CoreServices.framework/Versions/A/Frameworks/Metadata.framework/Versions/A/Metadata
0x00007ff823e91000 	/System/Library/Frameworks/CoreServices.framework/Versions/A/Frameworks/OSServices.framework/Versions/A/OSServices
0x00007ff824389000 	/System/Library/Frameworks/CoreServices.framework/Versions/A/Frameworks/SearchKit.framework/Versions/A/SearchKit
0x00007ff81fb38000 	/System/Library/Frameworks/CoreServices.framework/Versions/A/Frameworks/AE.framework/Versions/A/AE
0x00007ff81990f000 	/System/Library/Frameworks/CoreServices.framework/Versions/A/Frameworks/LaunchServices.framework/Versions/A/LaunchServices
0x00007ff8248c4000 	/System/Library/Frameworks/CoreServices.framework/Versions/A/Frameworks/DictionaryServices.framework/Versions/A/DictionaryServices
0x00007ff820b12000 	/System/Library/Frameworks/CoreServices.framework/Versions/A/Frameworks/SharedFileList.framework/Versions/A/SharedFileList
0x00007ff8237d8000 	/usr/lib/libCheckFix.dylib
0x00007ff81e377000 	/System/Library/PrivateFrameworks/TCC.framework/Versions/A/TCC
0x00007ff822a9b000 	/System/Library/PrivateFrameworks/CoreNLP.framework/Versions/A/CoreNLP
0x00007ff81fd9f000 	/System/Library/PrivateFrameworks/MetadataUtilities.framework/Versions/A/MetadataUtilities
0x00007ff81a04b000 	/usr/lib/libmecabra.dylib
0x00007ff82380c000 	/usr/lib/libmecab.dylib
0x00007ff81a016000 	/usr/lib/libCRFSuite.dylib
0x00007ff823866000 	/usr/lib/libgermantok.dylib
0x00007ff8243ef000 	/usr/lib/libThaiTokenizer.dylib
0x00007ff81fe92000 	/System/Library/Frameworks/Accelerate.framework/Versions/A/Frameworks/vImage.framework/Versions/A/vImage
0x00007ff82a534000 	/System/Library/Frameworks/Accelerate.framework/Versions/A/Frameworks/vecLib.framework/Versions/A/vecLib
0x00007ff8249dd000 	/System/Library/Frameworks/Accelerate.framework/Versions/A/Frameworks/vecLib.framework/Versions/A/libvMisc.dylib
0x00007ff82325a000 	/System/Library/Frameworks/Accelerate.framework/Versions/A/Frameworks/vecLib.framework/Versions/A/libvDSP.dylib
0x00007ff819c8a000 	/System/Library/Frameworks/Accelerate.framework/Versions/A/Frameworks/vecLib.framework/Versions/A/libBLAS.dylib
0x00007ff824526000 	/System/Library/Frameworks/Accelerate.framework/Versions/A/Frameworks/vecLib.framework/Versions/A/libLAPACK.dylib
0x00007ff823869000 	/System/Library/Frameworks/Accelerate.framework/Versions/A/Frameworks/vecLib.framework/Versions/A/libLinearAlgebra.dylib
0x00007ff82442c000 	/System/Library/Frameworks/Accelerate.framework/Versions/A/Frameworks/vecLib.framework/Versions/A/libSparseBLAS.dylib
0x00007ff824520000 	/System/Library/Frameworks/Accelerate.framework/Versions/A/Frameworks/vecLib.framework/Versions/A/libQuadrature.dylib
0x00007ff822b86000 	/System/Library/Frameworks/Accelerate.framework/Versions/A/Frameworks/vecLib.framework/Versions/A/libBNNS.dylib
0x00007ff819f24000 	/System/Library/Frameworks/Accelerate.framework/Versions/A/Frameworks/vecLib.framework/Versions/A/libSparse.dylib
0x00007ff822b7f000 	/System/Library/PrivateFrameworks/LinguisticData.framework/Versions/A/LinguisticData
0x00007ff819eda000 	/System/Library/PrivateFrameworks/Lexicon.framework/Versions/A/Lexicon
0x00007ff8249d6000 	/usr/lib/libChineseTokenizer.dylib
0x00007ff81a645000 	/System/Library/PrivateFrameworks/LanguageModeling.framework/Versions/A/LanguageModeling
0x00007ff8243f1000 	/System/Library/PrivateFrameworks/AppleSauce.framework/Versions/A/AppleSauce
0x00007ff82341d000 	/System/Library/PrivateFrameworks/CoreEmoji.framework/Versions/A/CoreEmoji
0x00007ff8242f1000 	/usr/lib/libcmph.dylib
0x00007ff820ae9000 	/System/Library/Frameworks/OpenDirectory.framework/Versions/A/Frameworks/CFOpenDirectory.framework/Versions/A/CFOpenDirectory
0x00007ff820add000 	/System/Library/Frameworks/OpenDirectory.framework/Versions/A/OpenDirectory
0x00007ff82492f000 	/System/Library/PrivateFrameworks/APFS.framework/Versions/A/APFS
0x00007ff823733000 	/System/Library/Frameworks/SecurityFoundation.framework/Versions/A/SecurityFoundation
0x00007ff8249aa000 	/usr/lib/libutil.dylib
0x00007ff81bd35000 	/System/Library/PrivateFrameworks/CoreServicesStore.framework/Versions/A/CoreServicesStore
0x00007ff8249ae000 	/usr/lib/libxslt.1.dylib
0x00007ff8237c0000 	/System/Library/PrivateFrameworks/BackgroundTaskManagement.framework/Versions/A/BackgroundTaskManagement
0x00007ff825e1e000 	/System/Library/Frameworks/ImageIO.framework/Versions/A/Resources/libRadiance.dylib
0x00007ff825e27000 	/System/Library/Frameworks/ImageIO.framework/Versions/A/Resources/libJPEG.dylib
0x00007ff825d76000 	/System/Library/Frameworks/ImageIO.framework/Versions/A/Resources/libPng.dylib
0x00007ff825d97000 	/System/Library/Frameworks/ImageIO.framework/Versions/A/Resources/libTIFF.dylib
0x00007ff825e87000 	/System/Library/Frameworks/ImageIO.framework/Versions/A/Resources/libGIF.dylib
0x00007ff8256b1000 	/System/Library/Frameworks/ImageIO.framework/Versions/A/Resources/libJP2.dylib
0x00007ff824dec000 	/usr/lib/libexpat.1.dylib
0x00007ff825666000 	/System/Library/PrivateFrameworks/AppleJPEG.framework/Versions/A/AppleJPEG
0x00007ff821fcf000 	/System/Library/PrivateFrameworks/FontServices.framework/libFontParser.dylib
0x00007ff81fae2000 	/System/Library/PrivateFrameworks/RunningBoardServices.framework/Versions/A/RunningBoardServices
0x00007ff8307f3000 	/System/Library/PrivateFrameworks/IOSurfaceAccelerator.framework/Versions/A/IOSurfaceAccelerator
0x00007ff825793000 	/System/Library/PrivateFrameworks/WatchdogClient.framework/Versions/A/WatchdogClient
0x00007ff81a733000 	/System/Library/Frameworks/CoreDisplay.framework/Versions/A/CoreDisplay
0x00007ff821ecd000 	/System/Library/Frameworks/CoreMedia.framework/Versions/A/CoreMedia
0x00007ff821d61000 	/System/Library/PrivateFrameworks/IOAccelerator.framework/Versions/A/IOAccelerator
0x00007ff820c66000 	/System/Library/Frameworks/CoreVideo.framework/Versions/A/CoreVideo
0x00007ff824442000 	/System/Library/Frameworks/MetalPerformanceShaders.framework/Versions/A/MetalPerformanceShaders
0x00007ff8257d0000 	/System/Library/Frameworks/VideoToolbox.framework/Versions/A/VideoToolbox
0x00007ff81fa2c000 	/System/Library/PrivateFrameworks/BaseBoard.framework/Versions/A/BaseBoard
0x00007ff81f7b3000 	/System/Library/PrivateFrameworks/ProtocolBuffer.framework/Versions/A/ProtocolBuffer
0x00007ff825e17000 	/System/Library/PrivateFrameworks/GPUWrangler.framework/Versions/A/GPUWrangler
0x00007ff825dfb000 	/System/Library/PrivateFrameworks/IOPresentment.framework/Versions/A/IOPresentment
0x00007ff825e21000 	/System/Library/PrivateFrameworks/DSExternalDisplay.framework/Versions/A/DSExternalDisplay
0x00007ffa321a6000 	/System/Library/Frameworks/OpenGL.framework/Versions/A/Libraries/libCoreFSCache.dylib
0x00007ffb1f27c000 	/System/Library/PrivateFrameworks/GPUCompiler.framework/Versions/31001/Libraries/libGPUCompilerUtils.dylib
0x00007ff825e8c000 	/System/Library/PrivateFrameworks/CMCaptureCore.framework/Versions/A/CMCaptureCore
0x00007ff825395000 	/System/Library/PrivateFrameworks/AppServerSupport.framework/Versions/A/AppServerSupport
0x00007ff82765a000 	/System/Library/PrivateFrameworks/perfdata.framework/Versions/A/perfdata
0x00007ff81a85f000 	/System/Library/PrivateFrameworks/AudioToolboxCore.framework/Versions/A/AudioToolboxCore
0x00007ff821eab000 	/System/Library/PrivateFrameworks/caulk.framework/Versions/A/caulk
0x00007ff826f6c000 	/usr/lib/libAudioStatistics.dylib
0x00007ff91ec61000 	/System/Library/PrivateFrameworks/SystemPolicy.framework/Versions/A/SystemPolicy
0x00007ff8271c7000 	/usr/lib/libSMC.dylib
0x00007ff8300eb000 	/System/Library/Frameworks/CoreMIDI.framework/Versions/A/CoreMIDI
0x00007ff825d45000 	/usr/lib/libAudioToolboxUtility.dylib
0x00007ff91ae89000 	/System/Library/PrivateFrameworks/OSAServicesClient.framework/Versions/A/OSAServicesClient
0x00007ff827667000 	/usr/lib/libperfcheck.dylib
0x00007ff91f70e000 	/usr/lib/libmis.dylib
0x00007ffa32201000 	/System/Library/Frameworks/OpenGL.framework/Versions/A/Libraries/libGLU.dylib
0x00007ffa321c5000 	/System/Library/Frameworks/OpenGL.framework/Versions/A/Libraries/libGFXShared.dylib
0x00007ffa323ce000 	/System/Library/Frameworks/OpenGL.framework/Versions/A/Libraries/libGL.dylib
0x00007ffa321ce000 	/System/Library/Frameworks/OpenGL.framework/Versions/A/Libraries/libGLImage.dylib
0x00007ffa321c2000 	/System/Library/Frameworks/OpenGL.framework/Versions/A/Libraries/libCVMSPluginSupport.dylib
0x00007ffa321ad000 	/System/Library/Frameworks/OpenGL.framework/Versions/A/Libraries/libCoreVMClient.dylib
0x00007ff822a17000 	/System/Library/Frameworks/MetalPerformanceShaders.framework/Versions/A/Frameworks/MPSCore.framework/Versions/A/MPSCore
0x00007ff823dd9000 	/System/Library/Frameworks/MetalPerformanceShaders.framework/Versions/A/Frameworks/MPSImage.framework/Versions/A/MPSImage
0x00007ff82387f000 	/System/Library/Frameworks/MetalPerformanceShaders.framework/Versions/A/Frameworks/MPSNeuralNetwork.framework/Versions/A/MPSNeuralNetwork
0x00007ff823cf3000 	/System/Library/Frameworks/MetalPerformanceShaders.framework/Versions/A/Frameworks/MPSMatrix.framework/Versions/A/MPSMatrix
0x00007ff823aae000 	/System/Library/Frameworks/MetalPerformanceShaders.framework/Versions/A/Frameworks/MPSRayIntersector.framework/Versions/A/MPSRayIntersector
0x00007ff823d2b000 	/System/Library/Frameworks/MetalPerformanceShaders.framework/Versions/A/Frameworks/MPSNDArray.framework/Versions/A/MPSNDArray
0x00007ffa37c86000 	/System/Library/Frameworks/MetalPerformanceShaders.framework/Versions/A/Frameworks/MPSFunctions.framework/Versions/A/MPSFunctions
0x00007ff819b66000 	/System/Library/PrivateFrameworks/MetalTools.framework/Versions/A/MetalTools
0x00007ff822a93000 	/System/Library/PrivateFrameworks/AggregateDictionary.framework/Versions/A/AggregateDictionary
0x00007ff824bce000 	/usr/lib/libIOReport.dylib
0x00007ffa337dd000 	/System/Library/Frameworks/OpenCL.framework/Versions/A/OpenCL
0x00007ff824f33000 	/System/Library/PrivateFrameworks/FaceCore.framework/Versions/A/FaceCore
0x00007ff824f24000 	/System/Library/PrivateFrameworks/GraphVisualizer.framework/Versions/A/GraphVisualizer
0x00007ffb1f187000 	/System/Library/PrivateFrameworks/FontServices.framework/Versions/A/FontServices
0x00007ff82534d000 	/System/Library/PrivateFrameworks/OTSVG.framework/Versions/A/OTSVG
0x00007ff82084c000 	/System/Library/Frameworks/ApplicationServices.framework/Versions/A/Frameworks/ATS.framework/Versions/A/Resources/libFontRegistry.dylib
0x00007ff82539d000 	/System/Library/PrivateFrameworks/FontServices.framework/libhvf.dylib
0x00007ffb1f188000 	/System/Library/PrivateFrameworks/FontServices.framework/libXTFontStaticRegistryData.dylib
0x00007ff824d9c000 	/System/Library/PrivateFrameworks/AppleVA.framework/Versions/A/AppleVA
0x00007ff826f8c000 	/System/Library/Frameworks/ApplicationServices.framework/Versions/A/Frameworks/ATS.framework/Versions/A/ATS
0x00007ff81eef9000 	/System/Library/Frameworks/ApplicationServices.framework/Versions/A/Frameworks/HIServices.framework/Versions/A/HIServices
0x00007ff825e96000 	/System/Library/Frameworks/ApplicationServices.framework/Versions/A/Frameworks/PrintCore.framework/Versions/A/PrintCore
0x00007ff82731a000 	/System/Library/Frameworks/ApplicationServices.framework/Versions/A/Frameworks/QD.framework/Versions/A/QD
0x00007ff827312000 	/System/Library/Frameworks/ApplicationServices.framework/Versions/A/Frameworks/ColorSyncLegacy.framework/Versions/A/ColorSyncLegacy
0x00007ff826f7c000 	/System/Library/Frameworks/ApplicationServices.framework/Versions/A/Frameworks/SpeechSynthesis.framework/Versions/A/SpeechSynthesis
0x00007ff825e57000 	/System/Library/Frameworks/ApplicationServices.framework/Versions/A/Frameworks/ATSUI.framework/Versions/A/ATSUI
0x00007ff8272a7000 	/usr/lib/libcups.2.dylib
0x00007ff827676000 	/System/Library/Frameworks/Kerberos.framework/Versions/A/Kerberos
0x00007ff827685000 	/System/Library/Frameworks/GSS.framework/Versions/A/GSS
0x00007ff826ff8000 	/usr/lib/libresolv.9.dylib
0x00007ff8253ac000 	/System/Library/PrivateFrameworks/Heimdal.framework/Versions/A/Heimdal
0x00007ff82e26e000 	/System/Library/Frameworks/Kerberos.framework/Versions/A/Libraries/libHeimdalProxy.dylib
0x00007ff81fbb6000 	/System/Library/Frameworks/Network.framework/Versions/A/Network
0x00007ff824e07000 	/usr/lib/libheimdal-asn1.dylib
0x00007ff8276d0000 	/System/Library/PrivateFrameworks/CommonAuth.framework/Versions/A/CommonAuth
0x00007ff826efe000 	/System/Library/PrivateFrameworks/AudioSession.framework/Versions/A/AudioSession
0x00007ff824e97000 	/System/Library/PrivateFrameworks/MediaExperience.framework/Versions/A/MediaExperience
0x00007ff826d90000 	/System/Library/PrivateFrameworks/AudioSession.framework/libSessionUtility.dylib
0x00007ff827326000 	/System/Library/PrivateFrameworks/AudioResourceArbitration.framework/Versions/A/AudioResourceArbitration
0x00007ff82b3a7000 	/System/Library/PrivateFrameworks/PowerLog.framework/Versions/A/PowerLog
0x00007ff824e10000 	/System/Library/PrivateFrameworks/IconFoundation.framework/Versions/A/IconFoundation
0x00007ff82a15d000 	/System/Library/PrivateFrameworks/SpeechRecognitionCore.framework/Versions/A/SpeechRecognitionCore
0x0000000105662000 	/Library/Java/JavaVirtualMachines/jdk-17.jdk/Contents/Home/lib/server/libjvm.dylib
0x0000000103986000 	/Library/Java/JavaVirtualMachines/jdk-17.jdk/Contents/Home/lib/libjimage.dylib
0x0000000103a04000 	/Library/Java/JavaVirtualMachines/jdk-17.jdk/Contents/Home/lib/libjava.dylib
0x000000010446a000 	/Library/Java/JavaVirtualMachines/jdk-17.jdk/Contents/Home/lib/libnio.dylib
0x00000001044a4000 	/Library/Java/JavaVirtualMachines/jdk-17.jdk/Contents/Home/lib/libnet.dylib
0x0000000104486000 	/Library/Java/JavaVirtualMachines/jdk-17.jdk/Contents/Home/lib/libzip.dylib
0x000000010444f000 	/Users/estebannajera/.openjfx/cache/13/libprism_es2.dylib
0x00007ff81bcf7000 	/System/Library/PrivateFrameworks/CoreServicesInternal.framework/Versions/A/CoreServicesInternal
0x00007ffa323d9000 	/System/Library/Frameworks/OpenGL.framework/Versions/A/Resources/GLEngine.bundle/GLEngine
0x00007ffa3223f000 	/System/Library/Frameworks/OpenGL.framework/Versions/A/Libraries/libGLProgrammability.dylib
0x00007ffa2abab000 	/System/Library/Extensions/AppleIntelBDWGraphicsGLDriver.bundle/Contents/MacOS/AppleIntelBDWGraphicsGLDriver
0x00007ff9298a9000 	/System/Library/PrivateFrameworks/GPUSupport.framework/Versions/A/Libraries/libGPUSupportMercury.dylib
0x00007ffa32563000 	/System/Library/Frameworks/OpenGL.framework/Versions/A/Resources/GLRendererFloat.bundle/GLRendererFloat
0x0000000105579000 	/Users/estebannajera/.openjfx/cache/13/libglass.dylib
0x00007ff82b998000 	/System/Library/Frameworks/FileProvider.framework/Versions/A/FileProvider
0x00007ff81f999000 	/System/Library/Frameworks/Accounts.framework/Versions/A/Accounts
0x00007ff82bb11000 	/System/Library/PrivateFrameworks/GenerationalStorage.framework/Versions/A/GenerationalStorage
0x00007ff82c622000 	/System/Library/PrivateFrameworks/CoreSymbolication.framework/Versions/A/CoreSymbolication
0x00007ff82b39c000 	/System/Library/PrivateFrameworks/SymptomDiagnosticReporter.framework/Versions/A/SymptomDiagnosticReporter
0x00007ff81cfb8000 	/System/Library/PrivateFrameworks/DesktopServicesPriv.framework/Versions/A/DesktopServicesPriv
0x00007ff81be36000 	/usr/lib/libsandbox.1.dylib
0x00007ff820ce5000 	/System/Library/PrivateFrameworks/UserManagement.framework/Versions/A/UserManagement
0x00007ff82c5e7000 	/System/Library/PrivateFrameworks/DebugSymbols.framework/Versions/A/DebugSymbols
0x00007ff827307000 	/System/Library/PrivateFrameworks/NetAuth.framework/Versions/A/NetAuth
0x00007ff828216000 	/System/Library/PrivateFrameworks/Sharing.framework/Versions/A/Sharing
0x00007ff820cb8000 	/System/Library/PrivateFrameworks/login.framework/Versions/A/Frameworks/loginsupport.framework/Versions/A/loginsupport
0x00007ff82d785000 	/System/Library/PrivateFrameworks/Apple80211.framework/Versions/A/Apple80211
0x00007ff823ebe000 	/System/Library/PrivateFrameworks/AuthKit.framework/Versions/A/AuthKit
0x00007ff823513000 	/System/Library/PrivateFrameworks/CoreUtils.framework/Versions/A/CoreUtils
0x00007ff82343a000 	/System/Library/Frameworks/CoreWLAN.framework/Versions/A/CoreWLAN
0x00007ff828375000 	/System/Library/Frameworks/IOBluetooth.framework/Versions/A/IOBluetooth
0x00007ff82d7ed000 	/System/Library/PrivateFrameworks/CoreWiFi.framework/Versions/A/CoreWiFi
0x00007ff82c1bb000 	/System/Library/PrivateFrameworks/FrontBoardServices.framework/Versions/A/FrontBoardServices
0x00007ff82c24c000 	/System/Library/PrivateFrameworks/BoardServices.framework/Versions/A/BoardServices
0x00007ff823722000 	/System/Library/PrivateFrameworks/AssertionServices.framework/Versions/A/AssertionServices
0x00007ff82d970000 	/System/Library/PrivateFrameworks/BackBoardServices.framework/Versions/A/BackBoardServices
0x00007ff827761000 	/System/Library/PrivateFrameworks/CorePhoneNumbers.framework/Versions/A/CorePhoneNumbers
0x00007ff827025000 	/System/Library/PrivateFrameworks/MultiverseSupport.framework/Versions/A/MultiverseSupport
0x00007ff82dbe4000 	/System/Library/PrivateFrameworks/RemoteServiceDiscovery.framework/Versions/A/RemoteServiceDiscovery
0x00007ff82b4b9000 	/System/Library/PrivateFrameworks/DiskManagement.framework/Versions/A/DiskManagement
0x00007ff82b3cd000 	/System/Library/PrivateFrameworks/AppleIDAuthSupport.framework/Versions/A/AppleIDAuthSupport
0x00007ffb19b02000 	/System/Library/PrivateFrameworks/AAAFoundation.framework/Versions/A/AAAFoundation
0x00007ff827742000 	/System/Library/PrivateFrameworks/KeychainCircle.framework/Versions/A/KeychainCircle
0x00007ff82dbf4000 	/System/Library/PrivateFrameworks/RemoteXPC.framework/Versions/A/RemoteXPC
0x00007ff82b485000 	/System/Library/PrivateFrameworks/MediaKit.framework/Versions/A/MediaKit
0x00007ff82b3d9000 	/System/Library/Frameworks/DiscRecording.framework/Versions/A/DiscRecording
0x00007ff824d14000 	/usr/lib/libCoreStorage.dylib
0x00007ff82dc5f000 	/usr/lib/libcsfde.dylib
0x00007ff828442000 	/System/Library/PrivateFrameworks/ProtectedCloudStorage.framework/Versions/A/ProtectedCloudStorage
0x00007ff82dc5b000 	/System/Library/PrivateFrameworks/EFILogin.framework/Versions/A/EFILogin
0x00007ff82bb37000 	/System/Library/PrivateFrameworks/OctagonTrust.framework/Versions/A/OctagonTrust
0x00007ffb1e3ea000 	/System/Library/PrivateFrameworks/CoreUtilsExtras.framework/Versions/A/CoreUtilsExtras
0x00007ff82b300000 	/System/Library/Frameworks/CoreBluetooth.framework/Versions/A/CoreBluetooth
0x00007ff82e2f3000 	/System/Library/Frameworks/AudioUnit.framework/Versions/A/AudioUnit
0x00007ff824d0c000 	/usr/lib/libMatch.1.dylib
0x00007ff923d32000 	/System/Library/Frameworks/Accelerate.framework/Versions/A/Frameworks/vImage.framework/Versions/A/Libraries/libCGInterfaces.dylib
0x0000000122f58000 	/usr/lib/libobjc-trampolines.dylib
0x00007ff8209dd000 	/System/Library/PrivateFrameworks/ViewBridge.framework/Versions/A/ViewBridge
0x000000016c5c7000 	/Users/estebannajera/.openjfx/cache/13/libjavafx_font.dylib
0x00007ff825464000 	/System/Library/PrivateFrameworks/login.framework/Versions/A/login
0x00007ffb31c7c000 	/usr/lib/libRosetta.dylib


VM Arguments:
jvm_args: --module-path=/Users/estebannajera/Desktop/tarea-programacion-iii-2023/evacomuna/target/classes:/Users/estebannajera/.m2/repository/jakarta/activation/jakarta.activation-api/2.1.2/jakarta.activation-api-2.1.2.jar:/Users/estebannajera/.m2/repository/jakarta/xml/bind/jakarta.xml.bind-api/4.0.0/jakarta.xml.bind-api-4.0.0.jar:/Users/estebannajera/.m2/repository/jakarta/xml/soap/jakarta.xml.soap-api/3.0.0/jakarta.xml.soap-api-3.0.0.jar:/Users/estebannajera/.m2/repository/jakarta/xml/ws/jakarta.xml.ws-api/4.0.0/jakarta.xml.ws-api-4.0.0.jar:/Users/estebannajera/.m2/repository/org/controlsfx/controlsfx/11.1.2/controlsfx-11.1.2.jar:/Users/estebannajera/.m2/repository/org/openjfx/javafx-base/13/javafx-base-13-mac.jar:/Users/estebannajera/.m2/repository/org/openjfx/javafx-controls/13/javafx-controls-13-mac.jar:/Users/estebannajera/.m2/repository/org/openjfx/javafx-fxml/13/javafx-fxml-13-mac.jar:/Users/estebannajera/.m2/repository/org/openjfx/javafx-graphics/13/javafx-graphics-13-mac.jar --add-modules=Evacomuna -Djdk.module.main=Evacomuna 
java_command: Evacomuna/cr.ac.una.evacomuna.App
java_class_path (initial): /Users/estebannajera/.m2/repository/com/fasterxml/woodstox/woodstox-core/6.5.0/woodstox-core-6.5.0.jar:/Users/estebannajera/.m2/repository/com/sun/xml/bind/jaxb-core/4.0.2/jaxb-core-4.0.2.jar:/Users/estebannajera/.m2/repository/com/sun/xml/bind/jaxb-impl/4.0.2/jaxb-impl-4.0.2.jar:/Users/estebannajera/.m2/repository/com/sun/xml/fastinfoset/FastInfoset/2.1.0/FastInfoset-2.1.0.jar:/Users/estebannajera/.m2/repository/com/sun/xml/messaging/saaj/saaj-impl/3.0.0/saaj-impl-3.0.0.jar:/Users/estebannajera/.m2/repository/com/sun/xml/stream/buffer/streambuffer/2.1.0/streambuffer-2.1.0.jar:/Users/estebannajera/.m2/repository/com/sun/xml/ws/jaxws-rt/4.0.1/jaxws-rt-4.0.1.jar:/Users/estebannajera/.m2/repository/jakarta/annotation/jakarta.annotation-api/2.1.1/jakarta.annotation-api-2.1.1.jar:/Users/estebannajera/.m2/repository/jakarta/mail/jakarta.mail-api/2.1.1/jakarta.mail-api-2.1.1.jar:/Users/estebannajera/.m2/repository/org/codehaus/woodstox/stax2-api/4.2.1/stax2-api-4.2.1.jar:/Users/estebannajera/.m2/repository/org/eclipse/angus/angus-activation/2.0.0/angus-activation-2.0.0.jar:/Users/estebannajera/.m2/repository/org/eclipse/angus/angus-mail/2.0.1/angus-mail-2.0.1.jar:/Users/estebannajera/.m2/repository/org/glassfish/external/management-api/3.2.3/management-api-3.2.3.jar:/Users/estebannajera/.m2/repository/org/glassfish/gmbal/gmbal-api-only/4.0.3/gmbal-api-only-4.0.3.jar:/Users/estebannajera/.m2/repository/org/glassfish/ha/ha-api/3.1.13/ha-api-3.1.13.jar:/Users/estebannajera/.m2/repository/org/jvnet/mimepull/mimepull/1.10.0/mimepull-1.10.0.jar:/Users/estebannajera/.m2/repository/org/jvnet/staxex/stax-ex/2.1.0/stax-ex-2.1.0.jar:/Users/estebannajera/.m2/repository/org/openjfx/javafx-base/13/javafx-base-13.jar:/Users/estebannajera/.m2/repository/org/openjfx/javafx-controls/13/javafx-controls-13.jar:/Users/estebannajera/.m2/repository/org/openjfx/javafx-fxml/13/javafx-fxml-13.jar:/Users/estebannajera/.m2/repository/org/openjfx/javafx-graphics/13/javafx-
Launcher Type: SUN_STANDARD

[Global flags]
     intx CICompilerCount                          = 3                                         {product} {ergonomic}
     uint ConcGCThreads                            = 1                                         {product} {ergonomic}
     uint G1ConcRefinementThreads                  = 4                                         {product} {ergonomic}
   size_t G1HeapRegionSize                         = 1048576                                   {product} {ergonomic}
    uintx GCDrainStackTargetSize                   = 64                                        {product} {ergonomic}
   size_t InitialHeapSize                          = 134217728                                 {product} {ergonomic}
   size_t MarkStackSize                            = 4194304                                   {product} {ergonomic}
   size_t MaxHeapSize                              = 2147483648                                {product} {ergonomic}
   size_t MaxNewSize                               = 1287651328                                {product} {ergonomic}
   size_t MinHeapDeltaBytes                        = 1048576                                   {product} {ergonomic}
   size_t MinHeapSize                              = 8388608                                   {product} {ergonomic}
    uintx NonNMethodCodeHeapSize                   = 5832780                                {pd product} {ergonomic}
    uintx NonProfiledCodeHeapSize                  = 122912730                              {pd product} {ergonomic}
    uintx ProfiledCodeHeapSize                     = 122912730                              {pd product} {ergonomic}
    uintx ReservedCodeCacheSize                    = 251658240                              {pd product} {ergonomic}
     bool SegmentedCodeCache                       = true                                      {product} {ergonomic}
   size_t SoftMaxHeapSize                          = 2147483648                             {manageable} {ergonomic}
     bool UseCompressedClassPointers               = true                           {product lp64_product} {ergonomic}
     bool UseCompressedOops                        = true                           {product lp64_product} {ergonomic}
     bool UseG1GC                                  = true                                      {product} {ergonomic}
     bool UseNUMA                                  = false                                     {product} {ergonomic}
     bool UseNUMAInterleaving                      = false                                     {product} {ergonomic}

Logging:
Log output configuration:
 #0: stdout all=warning uptime,level,tags
 #1: stderr all=off uptime,level,tags

Environment Variables:
JAVA_HOME=/Library/Java/JavaVirtualMachines/jdk-17.jdk/Contents/Home
PATH=/usr/bin:/bin:/usr/sbin:/sbin
SHELL=/bin/zsh
LC_CTYPE=UTF-8

Signal Handlers:
   SIGSEGV: _ZL13crash_handleriP9__siginfoPv in libjvm.dylib, mask=11100110000111110111111111111111, flags=SA_RESTART|SA_SIGINFO
    SIGBUS: _ZL13crash_handleriP9__siginfoPv in libjvm.dylib, mask=11100110000111110111111111111111, flags=SA_RESTART|SA_SIGINFO
    SIGFPE: _ZL13crash_handleriP9__siginfoPv in libjvm.dylib, mask=11100110000111110111111111111111, flags=SA_RESTART|SA_SIGINFO
   SIGPIPE: _ZL17javaSignalHandleriP9__siginfoPv in libjvm.dylib, mask=11100110000111110111111111111111, flags=SA_RESTART|SA_SIGINFO
   SIGXFSZ: _ZL17javaSignalHandleriP9__siginfoPv in libjvm.dylib, mask=11100110000111110111111111111111, flags=SA_RESTART|SA_SIGINFO
    SIGILL: _ZL13crash_handleriP9__siginfoPv in libjvm.dylib, mask=11100110000111110111111111111111, flags=SA_RESTART|SA_SIGINFO
   SIGUSR2: _ZL10SR_handleriP9__siginfoP17__darwin_ucontext in libjvm.dylib, mask=00100000000000000000000000000000, flags=SA_RESTART|SA_SIGINFO
    SIGHUP: _ZL11UserHandleriPvS_ in libjvm.dylib, mask=11100110000111110111111111111111, flags=SA_RESTART|SA_SIGINFO
    SIGINT: SIG_IGN, mask=00000000000000000000000000000000, flags=none
   SIGTERM: _ZL11UserHandleriPvS_ in libjvm.dylib, mask=11100110000111110111111111111111, flags=SA_RESTART|SA_SIGINFO
   SIGQUIT: _ZL11UserHandleriPvS_ in libjvm.dylib, mask=11100110000111110111111111111111, flags=SA_RESTART|SA_SIGINFO
   SIGTRAP: _ZL13crash_handleriP9__siginfoPv in libjvm.dylib, mask=11100110000111110111111111111111, flags=SA_RESTART|SA_SIGINFO


---------------  S Y S T E M  ---------------

OS:
uname: Darwin 21.6.0 Darwin Kernel Version 21.6.0: Thu Mar  9 20:08:59 PST 2023; root:xnu-8020.240.18.700.8~1/RELEASE_X86_64 x86_64
OS uptime: 1 days 18:33 hours
rlimit (soft/hard): STACK 8192k/65532k , CORE 0k/infinity , NPROC 1392/2088 , NOFILE 10240/infinity , AS infinity/infinity , CPU infinity/infinity , DATA infinity/infinity , FSIZE infinity/infinity , MEMLOCK infinity/infinity , RSS infinity/infinity
load average: 3.49 3.77 3.43

CPU: total 4 (initial active 4) (2 cores per cpu, 2 threads per core) family 6 model 61 stepping 4 microcode 0x2f, cx8, cmov, fxsr, ht, mmx, 3dnowpref, sse, sse2, sse3, ssse3, sse4.1, sse4.2, popcnt, lzcnt, tsc, tscinvbit, avx, avx2, aes, erms, clmul, bmi1, bmi2, rtm, adx, fma, vzeroupper, clflush

Memory: 4k page, physical 8388608k(38492k free), swap 3145728k(971008k free)

vm_info: Java HotSpot(TM) 64-Bit Server VM (17.0.8+9-LTS-211) for bsd-amd64 JRE (17.0.8+9-LTS-211), built on Jun 14 2023 09:35:19 by "mach5one" with clang Apple LLVM 12.0.0 (clang-1200.0.32.29)

END.
