#
# A fatal error has been detected by the Java Runtime Environment:
#
#  SIGSEGV (0xb) at pc=0x000000010b0096c2, pid=24696, tid=36099
#
# JRE version: Java(TM) SE Runtime Environment (17.0.8+9) (build 17.0.8+9-LTS-211)
# Java VM: Java HotSpot(TM) 64-Bit Server VM (17.0.8+9-LTS-211, mixed mode, sharing, tiered, compressed oops, compressed class ptrs, g1 gc, bsd-amd64)
# Problematic frame:
# V  [libjvm.dylib+0x5606c2]  jni_DeleteGlobalRef+0x32
#
# No core dump will be written. Core dumps have been disabled. To enable core dumping, try "ulimit -c unlimited" before starting Java again
#
# If you would like to submit a bug report, please visit:
#   https://bugreport.java.com/bugreport/crash.jsp
# The crash happened outside the Java Virtual Machine in native code.
# See problematic frame for where to report the bug.
#

---------------  S U M M A R Y ------------

Command Line: --module-path=/Users/estebannajera/Desktop/tarea-programacion-iii-2023/evacomuna/target/classes:/Users/estebannajera/.m2/repository/commons-io/commons-io/2.11.0/commons-io-2.11.0.jar:/Users/estebannajera/.m2/repository/io/github/typhon0/AnimateFX/1.2.4/AnimateFX-1.2.4.jar:/Users/estebannajera/.m2/repository/jakarta/activation/jakarta.activation-api/2.1.2/jakarta.activation-api-2.1.2.jar:/Users/estebannajera/.m2/repository/jakarta/xml/bind/jakarta.xml.bind-api/4.0.0/jakarta.xml.bind-api-4.0.0.jar:/Users/estebannajera/.m2/repository/jakarta/xml/soap/jakarta.xml.soap-api/3.0.0/jakarta.xml.soap-api-3.0.0.jar:/Users/estebannajera/.m2/repository/jakarta/xml/ws/jakarta.xml.ws-api/4.0.0/jakarta.xml.ws-api-4.0.0.jar:/Users/estebannajera/.m2/repository/org/apache/commons/commons-compress/1.20/commons-compress-1.20.jar:/Users/estebannajera/.m2/repository/org/controlsfx/controlsfx/11.1.2/controlsfx-11.1.2.jar:/Users/estebannajera/.m2/repository/org/openjfx/javafx-base/13/javafx-base-13-mac.jar:/Users/estebannajera/.m2/repository/org/openjfx/javafx-controls/13/javafx-controls-13-mac.jar:/Users/estebannajera/.m2/repository/org/openjfx/javafx-fxml/13/javafx-fxml-13-mac.jar:/Users/estebannajera/.m2/repository/org/openjfx/javafx-graphics/13/javafx-graphics-13-mac.jar --add-modules=Evacomuna -Djdk.module.main=Evacomuna Evacomuna/cr.ac.una.evacomuna.App

Host: "MacBookAir7,2" x86_64 2200 MHz, 4 cores, 8G, Darwin 21.6.0, macOS 12.6.5 (21G531)
Time: Wed Sep 20 10:14:28 2023 CST elapsed time: 31.490341 seconds (0d 0h 0m 31s)

---------------  T H R E A D  ---------------

Current thread (0x00007f8c82116200):  JavaThread "InvokeLaterDispatcher" daemon [_thread_in_native, id=36099, stack(0x0000700004b62000,0x0000700004c62000)]

Stack: [0x0000700004b62000,0x0000700004c62000],  sp=0x0000700004c61950,  free space=1022k
Native frames: (J=compiled Java code, j=interpreted, Vv=VM code, C=native code)
V  [libjvm.dylib+0x5606c2]  jni_DeleteGlobalRef+0x32
C  [libglass.dylib+0x8e55]  -[GlassRunnable dealloc]+0x35
C  [Foundation+0x818be]  -[_NSThreadPerformInfo dealloc]+0x2a
C  [Foundation+0x4e446]  -[NSObject(NSThreadPerformAdditions) performSelectorOnMainThread:withObject:waitUntilDone:]+0x7c
J 4190  com.sun.glass.ui.mac.MacApplication._submitForLaterInvocation(Ljava/lang/Runnable;)V javafx.graphics (0 bytes) @ 0x000000011ffe26e7 [0x000000011ffe2620+0x00000000000000c7]
J 4530 c1 com.sun.glass.ui.mac.MacApplication.submitForLaterInvocation(Ljava/lang/Runnable;)V javafx.graphics (6 bytes) @ 0x0000000118c385b4 [0x0000000118c38540+0x0000000000000074]
j  com.sun.glass.ui.InvokeLaterDispatcher.run()V+82 javafx.graphics
v  ~StubRoutines::call_stub
V  [libjvm.dylib+0x508331]  _ZN9JavaCalls11call_helperEP9JavaValueRK12methodHandleP17JavaCallArgumentsP10JavaThread+0x2a1
V  [libjvm.dylib+0x5073a7]  _ZN9JavaCalls12call_virtualEP9JavaValueP5KlassP6SymbolS5_P17JavaCallArgumentsP10JavaThread+0x147
V  [libjvm.dylib+0x507473]  _ZN9JavaCalls12call_virtualEP9JavaValue6HandleP5KlassP6SymbolS6_P10JavaThread+0x63
V  [libjvm.dylib+0x5af1e4]  _ZL12thread_entryP10JavaThreadS0_+0xb4
V  [libjvm.dylib+0x9fce87]  _ZN10JavaThread17thread_main_innerEv+0x147
V  [libjvm.dylib+0x9fb46a]  _ZN6Thread8call_runEv+0x11a
V  [libjvm.dylib+0x88b5e8]  _ZL19thread_native_entryP6Thread+0x148
C  [libsystem_pthread.dylib+0x64e1]  _pthread_start+0x7d
C  [libsystem_pthread.dylib+0x1f6b]  thread_start+0xf

Java frames: (J=compiled Java code, j=interpreted, Vv=VM code)
J 4190  com.sun.glass.ui.mac.MacApplication._submitForLaterInvocation(Ljava/lang/Runnable;)V javafx.graphics (0 bytes) @ 0x000000011ffe2674 [0x000000011ffe2620+0x0000000000000054]
J 4530 c1 com.sun.glass.ui.mac.MacApplication.submitForLaterInvocation(Ljava/lang/Runnable;)V javafx.graphics (6 bytes) @ 0x0000000118c385b4 [0x0000000118c38540+0x0000000000000074]
j  com.sun.glass.ui.InvokeLaterDispatcher.run()V+82 javafx.graphics
v  ~StubRoutines::call_stub

siginfo: si_signo: 11 (SIGSEGV), si_code: 1 (SEGV_MAPERR), si_addr: 0x0000000000000338

Register to memory mapping:

RAX=0x000000000000dead is an unknown value
RBX=0x0000600001c10090 points into unknown readable memory: 0x001d800110715181 | 81 51 71 10 01 80 1d 00
RCX=0x0000000000000008 is an unknown value
RDX=0x0100000000000000 is an unknown value
RSP=0x0000700004c61950 is pointing into the stack for thread: 0x00007f8c82116200
RBP=0x0000700004c61970 is pointing into the stack for thread: 0x00007f8c82116200
RSI=0x00007f8c81a06200 is a global jni handle
RDI=0x00007f8c82116800 points into unknown readable memory: 0x0000000000000000 | 00 00 00 00 00 00 00 00
R8 =0x00000000000130a8 is an unknown value
R9 =0x0 is NULL
R10=0x0000000110715180: OBJC_CLASS_$_GlassRunnable+0 in /Users/estebannajera/.openjfx/cache/13/libglass.dylib at 0x00000001106d1000
R11=0x00000001106d9e20: -[GlassRunnable dealloc]+0 in /Users/estebannajera/.openjfx/cache/13/libglass.dylib at 0x00000001106d1000
R12=0x00007ff8361921d0 points into unknown readable memory: 0x6c616564006e7572 | 72 75 6e 00 64 65 61 6c
R13=0x0000600001c10090 points into unknown readable memory: 0x001d800110715181 | 81 51 71 10 01 80 1d 00
R14=0x00007f8c81a06200 is a global jni handle
R15=0x0 is NULL


Registers:
RAX=0x000000000000dead, RBX=0x0000600001c10090, RCX=0x0000000000000008, RDX=0x0100000000000000
RSP=0x0000700004c61950, RBP=0x0000700004c61970, RSI=0x00007f8c81a06200, RDI=0x00007f8c82116800
R8 =0x00000000000130a8, R9 =0x0000000000000000, R10=0x0000000110715180, R11=0x00000001106d9e20
R12=0x00007ff8361921d0, R13=0x0000600001c10090, R14=0x00007f8c81a06200, R15=0x0000000000000000
RIP=0x000000010b0096c2, EFLAGS=0x0000000000010246, ERR=0x0000000000000006
  TRAPNO=0x000000000000000e

Top of Stack: (sp=0x0000700004c61950)
0x0000700004c61950:   000000010b70b0c0 0000600001c10090
0x0000700004c61960:   0000600001c10098 0000000000000000
0x0000700004c61970:   0000700004c619a0 00000001106d9e55
0x0000700004c61980:   0000000000000000 0000600001c10040
0x0000700004c61990:   0000600000555d00 00007ff81bc08000
0x0000700004c619a0:   0000700004c619e0 00007ff81ccb68be
0x0000700004c619b0:   0000600001c10090 0000600001c10040
0x0000700004c619c0:   00007ff8361921d0 51b0a670753600d8
0x0000700004c619d0:   0000600001c10040 00007ff81bc05400
0x0000700004c619e0:   0000700004c61a30 00007ff81cc83446
0x0000700004c619f0:   0000600001c10040 0000600001c10090
0x0000700004c61a00:   0000000004c61a30 000000016c2b18e0
0x0000700004c61a10:   0000000000000000 0000700004c61ad8
0x0000700004c61a20:   000000012b02b218 00007f8c82116200
0x0000700004c61a30:   0000700004c61a80 000000011ffe26e7
0x0000700004c61a40:   000000078146c1a8 0000000787f80770
0x0000700004c61a50:   00007f8c82116200 000000016b517efe
0x0000700004c61a60:   000000078612e818 000000016b59b140
0x0000700004c61a70:   0000700004c61b40 0000000118b849e9
0x0000700004c61a80:   0000700004c61b40 0000000118c385b4
0x0000700004c61a90:   0000000780054228 000000078612e818
0x0000700004c61aa0:   0000700004c61b78 00007f8c82116200
0x0000700004c61ab0:   0000700004c61b40 000000011f8d342b
0x0000700004c61ac0:   0000700004c61b40 000000011f8d388f
0x0000700004c61ad0:   000000011f8d388f 0000000787f80770
0x0000700004c61ae0:   000000078146c1a8 0000000000000003
0x0000700004c61af0:   0000000000000000 0000700004c61ae8
0x0000700004c61b00:   000000016b517ef2 0000700004c61b78
0x0000700004c61b10:   000000016b518a00 0000000000000000
0x0000700004c61b20:   0000000781404310 000000016b517f90
0x0000700004c61b30:   0000700004c61ad8 0000700004c61b78
0x0000700004c61b40:   0000700004c61be0 000000011f8cacc9 

Instructions: (pc=0x000000010b0096c2)
0x000000010b0095c2:   83 ff f8 72 18 48 8d 15 47 7a 59 00 be 08 00 00
0x000000010b0095d2:   00 4c 89 ff e8 35 7a bf ff 49 8b 7f 18 48 8d 47
0x000000010b0095e2:   08 49 3b 47 20 76 14 be 08 00 00 00 4c 89 ff 31
0x000000010b0095f2:   d2 e8 48 7a bf ff 48 89 c7 eb 04 49 89 47 18 4c
0x000000010b009602:   89 37 be 01 00 00 00 e8 42 8f 03 00 49 89 c6 48
0x000000010b009612:   83 7d c8 00 74 09 48 8d 7d c0 e8 ff f6 36 00 49
0x000000010b009622:   8b 9c 24 e8 00 00 00 48 8b 43 10 48 83 38 00 74
0x000000010b009632:   0c 48 89 df e8 a5 76 f4 ff 48 8b 43 10 48 8b 4b
0x000000010b009642:   08 48 89 41 10 48 8b 43 08 48 8b 4b 18 48 89 48
0x000000010b009652:   18 48 8b 43 08 48 8b 4b 20 48 89 48 20 49 8d bc
0x000000010b009662:   24 88 02 00 00 4c 89 e6 e8 41 32 e9 ff 41 c7 84
0x000000010b009672:   24 38 03 00 00 04 00 00 00 4c 89 f0 48 83 c4 20
0x000000010b009682:   5b 41 5c 41 5e 41 5f 5d c3 0f 1f 44 00 00 55 48
0x000000010b009692:   89 e5 41 57 41 56 53 50 49 89 ff b8 55 21 ff ff
0x000000010b0096a2:   03 87 b8 00 00 00 49 89 f6 49 81 c7 58 fd ff ff
0x000000010b0096b2:   83 f8 02 72 0b 4c 89 ff e8 81 c3 49 00 45 31 ff
0x000000010b0096c2:   41 c7 87 38 03 00 00 05 00 00 00 f0 83 04 24 00
0x000000010b0096d2:   49 8b 87 40 03 00 00 48 a9 01 00 00 00 74 0d 4c
0x000000010b0096e2:   89 ff be 01 00 00 00 e8 32 c3 3b 00 41 83 bf 2c
0x000000010b0096f2:   03 00 00 00 75 0d 41 f7 87 28 03 00 00 0c 00 00
0x000000010b009702:   00 74 0a 4c 89 ff 31 f6 e8 71 da 49 00 41 c7 87
0x000000010b009712:   38 03 00 00 06 00 00 00 4c 89 f7 e8 9e 8f 03 00
0x000000010b009722:   49 8b 9f e8 00 00 00 48 8b 43 10 48 83 38 00 74
0x000000010b009732:   0c 48 89 df e8 a5 75 f4 ff 48 8b 43 10 48 8b 4b
0x000000010b009742:   08 48 89 41 10 48 8b 43 08 48 8b 4b 18 48 89 48
0x000000010b009752:   18 48 8b 43 08 48 8b 4b 20 48 89 48 20 49 8d bf
0x000000010b009762:   88 02 00 00 4c 89 fe e8 42 31 e9 ff 41 c7 87 38
0x000000010b009772:   03 00 00 04 00 00 00 48 83 c4 08 5b 41 5e 41 5f
0x000000010b009782:   5d c3 66 2e 0f 1f 84 00 00 00 00 00 66 90 55 48
0x000000010b009792:   89 e5 41 57 41 56 53 50 49 89 ff b8 55 21 ff ff
0x000000010b0097a2:   03 87 b8 00 00 00 49 89 f6 49 81 c7 58 fd ff ff
0x000000010b0097b2:   83 f8 02 72 0b 4c 89 ff e8 81 c2 49 00 45 31 ff 


Stack slot to memory mapping:
stack at sp + 0 slots: 0x000000010b70b0c0: jni_NativeInterface+0 in /Library/Java/JavaVirtualMachines/jdk-17.jdk/Contents/Home/lib/server/libjvm.dylib at 0x000000010aaa9000
stack at sp + 1 slots: 0x0000600001c10090 points into unknown readable memory: 0x001d800110715181 | 81 51 71 10 01 80 1d 00
stack at sp + 2 slots: 0x0000600001c10098 points into unknown readable memory: 0x00007f8c81a06200 | 00 62 a0 81 8c 7f 00 00
stack at sp + 3 slots: 0x0 is NULL
stack at sp + 4 slots: 0x0000700004c619a0 is pointing into the stack for thread: 0x00007f8c82116200
stack at sp + 5 slots: 0x00000001106d9e55: -[GlassRunnable dealloc]+0x35 in /Users/estebannajera/.openjfx/cache/13/libglass.dylib at 0x00000001106d1000
stack at sp + 6 slots: 0x0 is NULL
stack at sp + 7 slots: 0x0000600001c10040 points into unknown readable memory: 0x011dfff85d32e491 | 91 e4 32 5d f8 ff 1d 01


---------------  P R O C E S S  ---------------

Threads class SMR info:
_java_thread_list=0x0000600001efd8e0, length=15, elements={
0x00007f8c8080b800, 0x00007f8c80812200, 0x00007f8c8101ec00, 0x00007f8c82882600,
0x00007f8c81020000, 0x00007f8c81021800, 0x00007f8c81024400, 0x00007f8c81024a00,
0x00007f8c82029e00, 0x00007f8c80811c00, 0x00007f8c82116200, 0x00007f8c8243e200,
0x00007f8c80ba8400, 0x00007f8c8582fc00, 0x00007f8c82035a00
}

Java Threads: ( => current thread )
  0x00007f8c8080b800 JavaThread "Reference Handler" daemon [_thread_blocked, id=14851, stack(0x0000700003baf000,0x0000700003caf000)]
  0x00007f8c80812200 JavaThread "Finalizer" daemon [_thread_blocked, id=15363, stack(0x0000700003cb2000,0x0000700003db2000)]
  0x00007f8c8101ec00 JavaThread "Signal Dispatcher" daemon [_thread_blocked, id=42243, stack(0x0000700003f3e000,0x000070000403e000)]
  0x00007f8c82882600 JavaThread "Service Thread" daemon [_thread_blocked, id=41731, stack(0x0000700004041000,0x0000700004141000)]
  0x00007f8c81020000 JavaThread "Monitor Deflation Thread" daemon [_thread_blocked, id=41219, stack(0x0000700004144000,0x0000700004244000)]
  0x00007f8c81021800 JavaThread "C2 CompilerThread0" daemon [_thread_in_native, id=40963, stack(0x0000700004247000,0x0000700004347000)]
  0x00007f8c81024400 JavaThread "C1 CompilerThread0" daemon [_thread_blocked, id=40707, stack(0x000070000434a000,0x000070000444a000)]
  0x00007f8c81024a00 JavaThread "Sweeper thread" daemon [_thread_blocked, id=23555, stack(0x000070000444d000,0x000070000454d000)]
  0x00007f8c82029e00 JavaThread "Common-Cleaner" daemon [_thread_blocked, id=40451, stack(0x0000700004550000,0x0000700004650000)]
  0x00007f8c80811c00 JavaThread "Notification Thread" daemon [_thread_blocked, id=40195, stack(0x0000700004653000,0x0000700004753000)]
=>0x00007f8c82116200 JavaThread "InvokeLaterDispatcher" daemon [_thread_in_native, id=36099, stack(0x0000700004b62000,0x0000700004c62000)]
  0x00007f8c8243e200 JavaThread "Prism Font Disposer" daemon [_thread_blocked, id=58379, stack(0x0000700005483000,0x0000700005583000)]
  0x00007f8c80ba8400 JavaThread "Cleaner-0" daemon [_thread_blocked, id=60167, stack(0x0000700005586000,0x0000700005686000)]
  0x00007f8c8582fc00 JavaThread "PulseTimer-CVDisplayLink thread" daemon [_thread_in_native, id=43331, stack(0x0000700003db5000,0x0000700003e35000)]
  0x00007f8c82035a00 JavaThread "DestroyJavaVM" [_thread_blocked, id=9987, stack(0x000070000349a000,0x000070000359a000)]

Other Threads:
  0x00007f8c80705a00 VMThread "VM Thread" [stack: 0x0000700003aac000,0x0000700003bac000] [id=14339]
  0x00007f8c81b0cd70 WatcherThread [stack: 0x0000700004756000,0x0000700004856000] [id=24323]
  0x00007f8c81b05c80 GCTaskThread "GC Thread#0" [stack: 0x000070000359d000,0x000070000369d000] [id=19971]
  0x00007f8c81a15ee0 GCTaskThread "GC Thread#1" [stack: 0x000070000495c000,0x0000700004a5c000] [id=29187]
  0x00007f8c81a16350 GCTaskThread "GC Thread#2" [stack: 0x0000700004a5f000,0x0000700004b5f000] [id=36355]
  0x00007f8c81a3b450 GCTaskThread "GC Thread#3" [stack: 0x0000700004f74000,0x0000700005074000] [id=83467]
  0x00007f8c81b06320 ConcurrentGCThread "G1 Main Marker" [stack: 0x00007000036a0000,0x00007000037a0000] [id=12547]
  0x00007f8c81b06ba0 ConcurrentGCThread "G1 Conc#0" [stack: 0x00007000037a3000,0x00007000038a3000] [id=18947]
  0x00007f8c81b08400 ConcurrentGCThread "G1 Refine#0" [stack: 0x00007000038a6000,0x00007000039a6000] [id=18179]
  0x00007f8c81b204e0 ConcurrentGCThread "G1 Refine#1" [stack: 0x0000700005077000,0x0000700005177000] [id=54787]
  0x00007f8c80730b70 ConcurrentGCThread "G1 Refine#2" [stack: 0x000070000517a000,0x000070000527a000] [id=55299]
  0x00007f8c80731160 ConcurrentGCThread "G1 Refine#3" [stack: 0x000070000527d000,0x000070000537d000] [id=55811]
  0x00007f8c807045e0 ConcurrentGCThread "G1 Service" [stack: 0x00007000039a9000,0x0000700003aa9000] [id=13059]

Threads with active compile tasks:
C2 CompilerThread0    31529 5840       4       jdk.internal.org.objectweb.asm.SymbolTable::addConstantUtf8 (98 bytes)

VM state: not at safepoint (normal execution)

VM Mutex/Monitor currently owned by a thread: None

Heap address: 0x0000000780000000, size: 2048 MB, Compressed Oops mode: Zero based, Oop shift amount: 3

CDS archive(s) mapped at: [0x000000012a000000-0x000000012abe4000-0x000000012abe4000), size 12468224, SharedBaseAddress: 0x000000012a000000, ArchiveRelocationMode: 1.
Compressed class space mapped at: 0x000000012b000000-0x000000016b000000, reserved size: 1073741824
Narrow klass base: 0x000000012a000000, Narrow klass shift: 0, Narrow klass range: 0x100000000

GC Precious Log:
 CPUs: 4 total, 4 available
 Memory: 8192M
 Large Page Support: Disabled
 NUMA Support: Disabled
 Compressed Oops: Enabled (Zero based)
 Heap Region Size: 1M
 Heap Min Capacity: 8M
 Heap Initial Capacity: 128M
 Heap Max Capacity: 2G
 Pre-touch: Disabled
 Parallel Workers: 4
 Concurrent Workers: 1
 Concurrent Refinement Workers: 4
 Periodic GC: Disabled

Heap:
 garbage-first heap   total 104448K, used 52437K [0x0000000780000000, 0x0000000800000000)
  region size 1024K, 7 young (7168K), 5 survivors (5120K)
 Metaspace       used 28842K, committed 29184K, reserved 1114112K
  class space    used 4022K, committed 4224K, reserved 1048576K

Heap Regions: E=young(eden), S=young(survivor), O=old, HS=humongous(starts), HC=humongous(continues), CS=collection set, F=free, OA=open archive, CA=closed archive, TAMS=top-at-mark-start (previous, next)
|   0|0x0000000780000000, 0x0000000780100000, 0x0000000780100000|100%| O|  |TAMS 0x0000000780100000, 0x0000000780100000| Untracked 
|   1|0x0000000780100000, 0x00000007801e0c00, 0x0000000780200000| 87%| O|  |TAMS 0x00000007801e0c00, 0x00000007801e0c00| Untracked 
|   2|0x0000000780200000, 0x0000000780300000, 0x0000000780300000|100%|HS|  |TAMS 0x0000000780300000, 0x0000000780300000| Complete 
|   3|0x0000000780300000, 0x0000000780400000, 0x0000000780400000|100%|HC|  |TAMS 0x0000000780400000, 0x0000000780400000| Complete 
|   4|0x0000000780400000, 0x0000000780500000, 0x0000000780500000|100%| O|  |TAMS 0x0000000780500000, 0x0000000780500000| Untracked 
|   5|0x0000000780500000, 0x0000000780600000, 0x0000000780600000|100%| O|  |TAMS 0x0000000780600000, 0x0000000780600000| Untracked 
|   6|0x0000000780600000, 0x0000000780700000, 0x0000000780700000|100%|HS|  |TAMS 0x0000000780700000, 0x0000000780700000| Complete 
|   7|0x0000000780700000, 0x0000000780800000, 0x0000000780800000|100%|HC|  |TAMS 0x0000000780800000, 0x0000000780800000| Complete 
|   8|0x0000000780800000, 0x0000000780900000, 0x0000000780900000|100%|HS|  |TAMS 0x0000000780900000, 0x0000000780900000| Complete 
|   9|0x0000000780900000, 0x0000000780a00000, 0x0000000780a00000|100%|HC|  |TAMS 0x0000000780a00000, 0x0000000780a00000| Complete 
|  10|0x0000000780a00000, 0x0000000780b00000, 0x0000000780b00000|100%|HS|  |TAMS 0x0000000780b00000, 0x0000000780b00000| Complete 
|  11|0x0000000780b00000, 0x0000000780c00000, 0x0000000780c00000|100%|HC|  |TAMS 0x0000000780c00000, 0x0000000780c00000| Complete 
|  12|0x0000000780c00000, 0x0000000780d00000, 0x0000000780d00000|100%|HS|  |TAMS 0x0000000780d00000, 0x0000000780d00000| Complete 
|  13|0x0000000780d00000, 0x0000000780e00000, 0x0000000780e00000|100%|HC|  |TAMS 0x0000000780e00000, 0x0000000780e00000| Complete 
|  14|0x0000000780e00000, 0x0000000780f00000, 0x0000000780f00000|100%|HS|  |TAMS 0x0000000780f00000, 0x0000000780f00000| Complete 
|  15|0x0000000780f00000, 0x0000000781000000, 0x0000000781000000|100%|HC|  |TAMS 0x0000000781000000, 0x0000000781000000| Complete 
|  16|0x0000000781000000, 0x0000000781100000, 0x0000000781100000|100%|HS|  |TAMS 0x0000000781100000, 0x0000000781100000| Complete 
|  17|0x0000000781100000, 0x0000000781200000, 0x0000000781200000|100%|HC|  |TAMS 0x0000000781200000, 0x0000000781200000| Complete 
|  18|0x0000000781200000, 0x0000000781300000, 0x0000000781300000|100%|HS|  |TAMS 0x0000000781300000, 0x0000000781300000| Complete 
|  19|0x0000000781300000, 0x0000000781400000, 0x0000000781400000|100%|HC|  |TAMS 0x0000000781400000, 0x0000000781400000| Complete 
|  20|0x0000000781400000, 0x0000000781500000, 0x0000000781500000|100%| O|  |TAMS 0x0000000781500000, 0x0000000781500000| Untracked 
|  21|0x0000000781500000, 0x0000000781600000, 0x0000000781600000|100%| O|  |TAMS 0x0000000781600000, 0x0000000781600000| Untracked 
|  22|0x0000000781600000, 0x0000000781700000, 0x0000000781700000|100%| O|  |TAMS 0x0000000781700000, 0x0000000781700000| Untracked 
|  23|0x0000000781700000, 0x0000000781800000, 0x0000000781800000|100%| O|  |TAMS 0x0000000781800000, 0x0000000781800000| Untracked 
|  24|0x0000000781800000, 0x0000000781900000, 0x0000000781900000|100%| O|  |TAMS 0x0000000781900000, 0x0000000781900000| Untracked 
|  25|0x0000000781900000, 0x0000000781a00000, 0x0000000781a00000|100%| O|  |TAMS 0x0000000781a00000, 0x0000000781a00000| Untracked 
|  26|0x0000000781a00000, 0x0000000781b00000, 0x0000000781b00000|100%| O|  |TAMS 0x0000000781b00000, 0x0000000781b00000| Untracked 
|  27|0x0000000781b00000, 0x0000000781c00000, 0x0000000781c00000|100%|HS|  |TAMS 0x0000000781c00000, 0x0000000781c00000| Complete 
|  28|0x0000000781c00000, 0x0000000781d00000, 0x0000000781d00000|100%|HC|  |TAMS 0x0000000781d00000, 0x0000000781d00000| Complete 
|  29|0x0000000781d00000, 0x0000000781e00000, 0x0000000781e00000|100%| O|  |TAMS 0x0000000781e00000, 0x0000000781e00000| Untracked 
|  30|0x0000000781e00000, 0x0000000781f00000, 0x0000000781f00000|100%| O|  |TAMS 0x0000000781f00000, 0x0000000781f00000| Untracked 
|  31|0x0000000781f00000, 0x0000000782000000, 0x0000000782000000|100%| O|  |TAMS 0x0000000782000000, 0x0000000782000000| Untracked 
|  32|0x0000000782000000, 0x0000000782100000, 0x0000000782100000|100%| O|  |TAMS 0x0000000782100000, 0x0000000782100000| Untracked 
|  33|0x0000000782100000, 0x0000000782200000, 0x0000000782200000|100%|HS|  |TAMS 0x0000000782100000, 0x0000000782200000| Complete 
|  34|0x0000000782200000, 0x0000000782300000, 0x0000000782300000|100%|HS|  |TAMS 0x0000000782200000, 0x0000000782300000| Complete 
|  35|0x0000000782300000, 0x0000000782400000, 0x0000000782400000|100%| O|  |TAMS 0x0000000782400000, 0x0000000782400000| Untracked 
|  36|0x0000000782400000, 0x0000000782500000, 0x0000000782500000|100%|HS|  |TAMS 0x0000000782400000, 0x0000000782500000| Complete 
|  37|0x0000000782500000, 0x0000000782600000, 0x0000000782600000|100%|HC|  |TAMS 0x0000000782500000, 0x0000000782600000| Complete 
|  38|0x0000000782600000, 0x0000000782700000, 0x0000000782700000|100%|HS|  |TAMS 0x0000000782600000, 0x0000000782700000| Complete 
|  39|0x0000000782700000, 0x0000000782800000, 0x0000000782800000|100%|HS|  |TAMS 0x0000000782700000, 0x0000000782800000| Complete 
|  40|0x0000000782800000, 0x0000000782900000, 0x0000000782900000|100%|HC|  |TAMS 0x0000000782800000, 0x0000000782900000| Complete 
|  41|0x0000000782900000, 0x0000000782a00000, 0x0000000782a00000|100%|HS|  |TAMS 0x0000000782900000, 0x0000000782a00000| Complete 
|  42|0x0000000782a00000, 0x0000000782b00000, 0x0000000782b00000|100%|HS|  |TAMS 0x0000000782a00000, 0x0000000782a00000| Complete 
|  43|0x0000000782b00000, 0x0000000782c00000, 0x0000000782c00000|100%|HS|  |TAMS 0x0000000782b00000, 0x0000000782b00000| Complete 
|  44|0x0000000782c00000, 0x0000000782c00000, 0x0000000782d00000|  0%| F|  |TAMS 0x0000000782c00000, 0x0000000782c00000| Untracked 
|  45|0x0000000782d00000, 0x0000000782d00000, 0x0000000782e00000|  0%| F|  |TAMS 0x0000000782d00000, 0x0000000782d00000| Untracked 
|  46|0x0000000782e00000, 0x0000000782e00000, 0x0000000782f00000|  0%| F|  |TAMS 0x0000000782e00000, 0x0000000782e00000| Untracked 
|  47|0x0000000782f00000, 0x0000000782f00000, 0x0000000783000000|  0%| F|  |TAMS 0x0000000782f00000, 0x0000000782f00000| Untracked 
|  48|0x0000000783000000, 0x0000000783000000, 0x0000000783100000|  0%| F|  |TAMS 0x0000000783000000, 0x0000000783000000| Untracked 
|  49|0x0000000783100000, 0x0000000783100000, 0x0000000783200000|  0%| F|  |TAMS 0x0000000783100000, 0x0000000783100000| Untracked 
|  50|0x0000000783200000, 0x0000000783200000, 0x0000000783300000|  0%| F|  |TAMS 0x0000000783200000, 0x0000000783200000| Untracked 
|  51|0x0000000783300000, 0x0000000783300000, 0x0000000783400000|  0%| F|  |TAMS 0x0000000783300000, 0x0000000783300000| Untracked 
|  52|0x0000000783400000, 0x0000000783400000, 0x0000000783500000|  0%| F|  |TAMS 0x0000000783400000, 0x0000000783400000| Untracked 
|  53|0x0000000783500000, 0x0000000783500000, 0x0000000783600000|  0%| F|  |TAMS 0x0000000783500000, 0x0000000783500000| Untracked 
|  54|0x0000000783600000, 0x0000000783600000, 0x0000000783700000|  0%| F|  |TAMS 0x0000000783600000, 0x0000000783600000| Untracked 
|  55|0x0000000783700000, 0x0000000783700000, 0x0000000783800000|  0%| F|  |TAMS 0x0000000783700000, 0x0000000783700000| Untracked 
|  56|0x0000000783800000, 0x0000000783800000, 0x0000000783900000|  0%| F|  |TAMS 0x0000000783800000, 0x0000000783800000| Untracked 
|  57|0x0000000783900000, 0x0000000783900000, 0x0000000783a00000|  0%| F|  |TAMS 0x0000000783900000, 0x0000000783900000| Untracked 
|  58|0x0000000783a00000, 0x0000000783a00000, 0x0000000783b00000|  0%| F|  |TAMS 0x0000000783a00000, 0x0000000783a00000| Untracked 
|  59|0x0000000783b00000, 0x0000000783b00000, 0x0000000783c00000|  0%| F|  |TAMS 0x0000000783b00000, 0x0000000783b00000| Untracked 
|  60|0x0000000783c00000, 0x0000000783c00000, 0x0000000783d00000|  0%| F|  |TAMS 0x0000000783c00000, 0x0000000783c00000| Untracked 
|  61|0x0000000783d00000, 0x0000000783d00000, 0x0000000783e00000|  0%| F|  |TAMS 0x0000000783d00000, 0x0000000783d00000| Untracked 
|  62|0x0000000783e00000, 0x0000000783e00000, 0x0000000783f00000|  0%| F|  |TAMS 0x0000000783e00000, 0x0000000783e00000| Untracked 
|  63|0x0000000783f00000, 0x0000000783f00000, 0x0000000784000000|  0%| F|  |TAMS 0x0000000783f00000, 0x0000000783f00000| Untracked 
|  64|0x0000000784000000, 0x0000000784000000, 0x0000000784100000|  0%| F|  |TAMS 0x0000000784000000, 0x0000000784000000| Untracked 
|  65|0x0000000784100000, 0x0000000784100000, 0x0000000784200000|  0%| F|  |TAMS 0x0000000784100000, 0x0000000784100000| Untracked 
|  66|0x0000000784200000, 0x0000000784200000, 0x0000000784300000|  0%| F|  |TAMS 0x0000000784200000, 0x0000000784200000| Untracked 
|  67|0x0000000784300000, 0x0000000784300000, 0x0000000784400000|  0%| F|  |TAMS 0x0000000784300000, 0x0000000784300000| Untracked 
|  68|0x0000000784400000, 0x0000000784400000, 0x0000000784500000|  0%| F|  |TAMS 0x0000000784400000, 0x0000000784400000| Untracked 
|  69|0x0000000784500000, 0x000000078455eb28, 0x0000000784600000| 36%| S|CS|TAMS 0x0000000784500000, 0x0000000784500000| Complete 
|  70|0x0000000784600000, 0x0000000784700000, 0x0000000784700000|100%| S|CS|TAMS 0x0000000784600000, 0x0000000784600000| Complete 
|  71|0x0000000784700000, 0x0000000784800000, 0x0000000784800000|100%| S|CS|TAMS 0x0000000784700000, 0x0000000784700000| Complete 
|  72|0x0000000784800000, 0x0000000784900000, 0x0000000784900000|100%| S|CS|TAMS 0x0000000784800000, 0x0000000784800000| Complete 
|  73|0x0000000784900000, 0x0000000784a00000, 0x0000000784a00000|100%| S|CS|TAMS 0x0000000784900000, 0x0000000784900000| Complete 
|  74|0x0000000784a00000, 0x0000000784a00000, 0x0000000784b00000|  0%| F|  |TAMS 0x0000000784a00000, 0x0000000784a00000| Untracked 
|  75|0x0000000784b00000, 0x0000000784b00000, 0x0000000784c00000|  0%| F|  |TAMS 0x0000000784b00000, 0x0000000784b00000| Untracked 
|  76|0x0000000784c00000, 0x0000000784c00000, 0x0000000784d00000|  0%| F|  |TAMS 0x0000000784c00000, 0x0000000784c00000| Untracked 
|  77|0x0000000784d00000, 0x0000000784d00000, 0x0000000784e00000|  0%| F|  |TAMS 0x0000000784d00000, 0x0000000784d00000| Untracked 
|  78|0x0000000784e00000, 0x0000000784e00000, 0x0000000784f00000|  0%| F|  |TAMS 0x0000000784e00000, 0x0000000784e00000| Untracked 
|  79|0x0000000784f00000, 0x0000000784f00000, 0x0000000785000000|  0%| F|  |TAMS 0x0000000784f00000, 0x0000000784f00000| Untracked 
|  80|0x0000000785000000, 0x0000000785000000, 0x0000000785100000|  0%| F|  |TAMS 0x0000000785000000, 0x0000000785000000| Untracked 
|  81|0x0000000785100000, 0x0000000785100000, 0x0000000785200000|  0%| F|  |TAMS 0x0000000785100000, 0x0000000785100000| Untracked 
|  82|0x0000000785200000, 0x0000000785200000, 0x0000000785300000|  0%| F|  |TAMS 0x0000000785200000, 0x0000000785200000| Untracked 
|  83|0x0000000785300000, 0x0000000785300000, 0x0000000785400000|  0%| F|  |TAMS 0x0000000785300000, 0x0000000785300000| Untracked 
|  84|0x0000000785400000, 0x0000000785400000, 0x0000000785500000|  0%| F|  |TAMS 0x0000000785400000, 0x0000000785400000| Untracked 
|  85|0x0000000785500000, 0x0000000785500000, 0x0000000785600000|  0%| F|  |TAMS 0x0000000785500000, 0x0000000785500000| Untracked 
|  86|0x0000000785600000, 0x0000000785600000, 0x0000000785700000|  0%| F|  |TAMS 0x0000000785600000, 0x0000000785600000| Untracked 
|  87|0x0000000785700000, 0x0000000785700000, 0x0000000785800000|  0%| F|  |TAMS 0x0000000785700000, 0x0000000785700000| Untracked 
|  88|0x0000000785800000, 0x0000000785800000, 0x0000000785900000|  0%| F|  |TAMS 0x0000000785800000, 0x0000000785800000| Untracked 
|  89|0x0000000785900000, 0x0000000785900000, 0x0000000785a00000|  0%| F|  |TAMS 0x0000000785900000, 0x0000000785900000| Untracked 
|  90|0x0000000785a00000, 0x0000000785a00000, 0x0000000785b00000|  0%| F|  |TAMS 0x0000000785a00000, 0x0000000785a00000| Untracked 
|  91|0x0000000785b00000, 0x0000000785b00000, 0x0000000785c00000|  0%| F|  |TAMS 0x0000000785b00000, 0x0000000785b00000| Untracked 
|  92|0x0000000785c00000, 0x0000000785c00000, 0x0000000785d00000|  0%| F|  |TAMS 0x0000000785c00000, 0x0000000785c00000| Untracked 
|  93|0x0000000785d00000, 0x0000000785d00000, 0x0000000785e00000|  0%| F|  |TAMS 0x0000000785d00000, 0x0000000785d00000| Untracked 
|  94|0x0000000785e00000, 0x0000000785e00000, 0x0000000785f00000|  0%| F|  |TAMS 0x0000000785e00000, 0x0000000785e00000| Untracked 
|  95|0x0000000785f00000, 0x0000000785f00000, 0x0000000786000000|  0%| F|  |TAMS 0x0000000785f00000, 0x0000000785f00000| Untracked 
|  96|0x0000000786000000, 0x0000000786000000, 0x0000000786100000|  0%| F|  |TAMS 0x0000000786000000, 0x0000000786000000| Untracked 
|  97|0x0000000786100000, 0x0000000786200000, 0x0000000786200000|100%| E|  |TAMS 0x0000000786100000, 0x0000000786100000| Complete 
| 127|0x0000000787f00000, 0x0000000788000000, 0x0000000788000000|100%| E|CS|TAMS 0x0000000787f00000, 0x0000000787f00000| Complete 
|2045|0x00000007ffd00000, 0x00000007ffe00000, 0x00000007ffe00000|100%| O|  |TAMS 0x00000007ffe00000, 0x00000007ffe00000| Untracked 
|2046|0x00000007ffe00000, 0x00000007ffe76000, 0x00000007fff00000| 46%|OA|  |TAMS 0x00000007ffe76000, 0x00000007ffe76000| Untracked 
|2047|0x00000007fff00000, 0x00000007fff80000, 0x0000000800000000| 50%|CA|  |TAMS 0x00000007fff80000, 0x00000007fff80000| Untracked 

Card table byte_map: [0x000000010a121000,0x000000010a521000] _byte_map_base: 0x0000000106521000

Marking Bits (Prev, Next): (CMBitMap*) 0x00007f8c8281dc10, (CMBitMap*) 0x00007f8c8281dc50
 Prev Bits: [0x000000010bb1d000, 0x000000010db1d000)
 Next Bits: [0x000000010db1d000, 0x000000010fb1d000)

Polling page: 0x0000000109a6c000

Metaspace:

Usage:
  Non-class:     24.24 MB used.
      Class:      3.93 MB used.
       Both:     28.17 MB used.

Virtual space:
  Non-class space:       64.00 MB reserved,      24.38 MB ( 38%) committed,  1 nodes.
      Class space:        1.00 GB reserved,       4.12 MB ( <1%) committed,  1 nodes.
             Both:        1.06 GB reserved,      28.50 MB (  3%) committed. 

Chunk freelists:
   Non-Class:  6.89 MB
       Class:  11.81 MB
        Both:  18.70 MB

MaxMetaspaceSize: unlimited
CompressedClassSpaceSize: 1.00 GB
Initial GC threshold: 21.00 MB
Current GC threshold: 44.38 MB
CDS: on
MetaspaceReclaimPolicy: balanced
 - commit_granule_bytes: 65536.
 - commit_granule_words: 8192.
 - virtual_space_node_default_size: 8388608.
 - enlarge_chunks_in_place: 1.
 - new_chunks_are_fully_committed: 0.
 - uncommit_free_chunks: 1.
 - use_allocation_guard: 0.
 - handle_deallocations: 1.


Internal statistics:

num_allocs_failed_limit: 3.
num_arena_births: 386.
num_arena_deaths: 0.
num_vsnodes_births: 2.
num_vsnodes_deaths: 0.
num_space_committed: 456.
num_space_uncommitted: 0.
num_chunks_returned_to_freelist: 3.
num_chunks_taken_from_freelist: 1444.
num_chunk_merges: 3.
num_chunk_splits: 953.
num_chunks_enlarged: 684.
num_purges: 0.
num_inconsistent_stats: 0.

CodeHeap 'non-profiled nmethods': size=120032Kb used=2332Kb max_used=2332Kb free=117699Kb
 bounds [0x000000011fe5b000, 0x00000001200cb000, 0x0000000127393000]
CodeHeap 'profiled nmethods': size=120028Kb used=12168Kb max_used=12168Kb free=107859Kb
 bounds [0x0000000118393000, 0x0000000118f83000, 0x000000011f8ca000]
CodeHeap 'non-nmethods': size=5700Kb used=1459Kb max_used=1511Kb free=4240Kb
 bounds [0x000000011f8ca000, 0x000000011fb3a000, 0x000000011fe5b000]
 total_blobs=6663 nmethods=5838 adapters=736
 compilation: enabled
              stopped_count=0, restarted_count=0
 full_count=0

Compilation events (20 events):
Event: 31.047 Thread 0x00007f8c81024400 nmethod 5835 0x0000000118f6e390 code [0x0000000118f6e540, 0x0000000118f6e6a0]
Event: 31.047 Thread 0x00007f8c81024400 5836       3       com.sun.javafx.tk.quantum.GlassViewEventHandler::lambda$handleBeginTouchEvent$24 (78 bytes)
Event: 31.047 Thread 0x00007f8c81024400 nmethod 5836 0x0000000118f6e790 code [0x0000000118f6e960, 0x0000000118f6ecc0]
Event: 31.047 Thread 0x00007f8c81024400 5837       3       javafx.scene.Scene$ScenePeerListener::touchEventBegin (84 bytes)
Event: 31.048 Thread 0x00007f8c81024400 nmethod 5837 0x0000000118f6ee10 code [0x0000000118f6f000, 0x0000000118f6f540]
Event: 31.048 Thread 0x00007f8c81024400 5838       3       com.sun.javafx.tk.quantum.GestureRecognizers::notifyBeginTouchEvent (40 bytes)
Event: 31.050 Thread 0x00007f8c81024400 nmethod 5838 0x0000000118f6f790 code [0x0000000118f6f980, 0x0000000118f6fff0]
Event: 31.050 Thread 0x00007f8c81024400 5839   !   3       com.sun.javafx.tk.quantum.GlassViewEventHandler::handleEndTouchEvent (100 bytes)
Event: 31.051 Thread 0x00007f8c81024400 nmethod 5839 0x0000000118f70290 code [0x0000000118f704e0, 0x0000000118f70de0]
Event: 31.446 Thread 0x00007f8c81021800 5840       4       jdk.internal.org.objectweb.asm.SymbolTable::addConstantUtf8 (98 bytes)
Event: 31.451 Thread 0x00007f8c81024400 5841       3       java.security.AccessControlContext::optimize (319 bytes)
Event: 31.453 Thread 0x00007f8c81024400 nmethod 5841 0x0000000118f71190 code [0x0000000118f71520, 0x0000000118f72b30]
Event: 31.467 Thread 0x00007f8c81024400 5842       3       java.lang.invoke.MethodHandles::makeIdentity (23 bytes)
Event: 31.468 Thread 0x00007f8c81024400 nmethod 5842 0x0000000118f73190 code [0x0000000118f73400, 0x0000000118f73dc0]
Event: 31.468 Thread 0x00007f8c81024400 5843       3       java.lang.invoke.LambdaForm::identityForm (27 bytes)
Event: 31.468 Thread 0x00007f8c81024400 nmethod 5843 0x0000000118f74190 code [0x0000000118f74340, 0x0000000118f74520]
Event: 31.473 Thread 0x00007f8c81024400 5844       3       java.lang.invoke.DelegatingMethodHandle::rebind (8 bytes)
Event: 31.473 Thread 0x00007f8c81024400 nmethod 5844 0x0000000118f74610 code [0x0000000118f747c0, 0x0000000118f74a50]
Event: 31.473 Thread 0x00007f8c81024400 5845       3       java.lang.invoke.SimpleMethodHandle::speciesData (4 bytes)
Event: 31.473 Thread 0x00007f8c81024400 nmethod 5845 0x0000000118f74b10 code [0x0000000118f74ca0, 0x0000000118f74db0]

GC Heap History (20 events):
Event: 8.241 GC heap before
{Heap before GC invocations=4 (full 0):
 garbage-first heap   total 58368K, used 44891K [0x0000000780000000, 0x0000000800000000)
  region size 1024K, 25 young (25600K), 8 survivors (8192K)
 Metaspace       used 23353K, committed 23680K, reserved 1114112K
  class space    used 3292K, committed 3456K, reserved 1048576K
}
Event: 8.253 GC heap after
{Heap after GC invocations=5 (full 0):
 garbage-first heap   total 59392K, used 31792K [0x0000000780000000, 0x0000000800000000)
  region size 1024K, 3 young (3072K), 3 survivors (3072K)
 Metaspace       used 23353K, committed 23680K, reserved 1114112K
  class space    used 3292K, committed 3456K, reserved 1048576K
}
Event: 8.442 GC heap before
{Heap before GC invocations=5 (full 0):
 garbage-first heap   total 59392K, used 37936K [0x0000000780000000, 0x0000000800000000)
  region size 1024K, 10 young (10240K), 3 survivors (3072K)
 Metaspace       used 23670K, committed 23936K, reserved 1114112K
  class space    used 3317K, committed 3456K, reserved 1048576K
}
Event: 8.448 GC heap after
{Heap after GC invocations=6 (full 0):
 garbage-first heap   total 59392K, used 33277K [0x0000000780000000, 0x0000000800000000)
  region size 1024K, 2 young (2048K), 2 survivors (2048K)
 Metaspace       used 23670K, committed 23936K, reserved 1114112K
  class space    used 3317K, committed 3456K, reserved 1048576K
}
Event: 10.950 GC heap before
{Heap before GC invocations=7 (full 0):
 garbage-first heap   total 65536K, used 45565K [0x0000000780000000, 0x0000000800000000)
  region size 1024K, 13 young (13312K), 2 survivors (2048K)
 Metaspace       used 24667K, committed 24960K, reserved 1114112K
  class space    used 3421K, committed 3584K, reserved 1048576K
}
Event: 10.953 GC heap after
{Heap after GC invocations=8 (full 0):
 garbage-first heap   total 65536K, used 35906K [0x0000000780000000, 0x0000000800000000)
  region size 1024K, 1 young (1024K), 1 survivors (1024K)
 Metaspace       used 24667K, committed 24960K, reserved 1114112K
  class space    used 3421K, committed 3584K, reserved 1048576K
}
Event: 15.149 GC heap before
{Heap before GC invocations=8 (full 0):
 garbage-first heap   total 65536K, used 46146K [0x0000000780000000, 0x0000000800000000)
  region size 1024K, 13 young (13312K), 1 survivors (1024K)
 Metaspace       used 26850K, committed 27200K, reserved 1114112K
  class space    used 3714K, committed 3904K, reserved 1048576K
}
Event: 15.152 GC heap after
{Heap after GC invocations=9 (full 0):
 garbage-first heap   total 65536K, used 37696K [0x0000000780000000, 0x0000000800000000)
  region size 1024K, 2 young (2048K), 2 survivors (2048K)
 Metaspace       used 26850K, committed 27200K, reserved 1114112K
  class space    used 3714K, committed 3904K, reserved 1048576K
}
Event: 15.268 GC heap before
{Heap before GC invocations=10 (full 0):
 garbage-first heap   total 68608K, used 49984K [0x0000000780000000, 0x0000000800000000)
  region size 1024K, 15 young (15360K), 2 survivors (2048K)
 Metaspace       used 26998K, committed 27328K, reserved 1114112K
  class space    used 3733K, committed 3904K, reserved 1048576K
}
Event: 15.271 GC heap after
{Heap after GC invocations=11 (full 0):
 garbage-first heap   total 68608K, used 39336K [0x0000000780000000, 0x0000000800000000)
  region size 1024K, 2 young (2048K), 2 survivors (2048K)
 Metaspace       used 26998K, committed 27328K, reserved 1114112K
  class space    used 3733K, committed 3904K, reserved 1048576K
}
Event: 15.274 GC heap before
{Heap before GC invocations=11 (full 0):
 garbage-first heap   total 68608K, used 40360K [0x0000000780000000, 0x0000000800000000)
  region size 1024K, 5 young (5120K), 2 survivors (2048K)
 Metaspace       used 27003K, committed 27328K, reserved 1114112K
  class space    used 3733K, committed 3904K, reserved 1048576K
}
Event: 15.276 GC heap after
{Heap after GC invocations=12 (full 0):
 garbage-first heap   total 68608K, used 39292K [0x0000000780000000, 0x0000000800000000)
  region size 1024K, 1 young (1024K), 1 survivors (1024K)
 Metaspace       used 27003K, committed 27328K, reserved 1114112K
  class space    used 3733K, committed 3904K, reserved 1048576K
}
Event: 17.610 GC heap before
{Heap before GC invocations=13 (full 0):
 garbage-first heap   total 83968K, used 46460K [0x0000000780000000, 0x0000000800000000)
  region size 1024K, 2 young (2048K), 1 survivors (1024K)
 Metaspace       used 27032K, committed 27392K, reserved 1114112K
  class space    used 3733K, committed 3904K, reserved 1048576K
}
Event: 17.612 GC heap after
{Heap after GC invocations=14 (full 0):
 garbage-first heap   total 83968K, used 42413K [0x0000000780000000, 0x0000000800000000)
  region size 1024K, 1 young (1024K), 1 survivors (1024K)
 Metaspace       used 27032K, committed 27392K, reserved 1114112K
  class space    used 3733K, committed 3904K, reserved 1048576K
}
Event: 17.714 GC heap before
{Heap before GC invocations=15 (full 0):
 garbage-first heap   total 83968K, used 43437K [0x0000000780000000, 0x0000000800000000)
  region size 1024K, 4 young (4096K), 1 survivors (1024K)
 Metaspace       used 27080K, committed 27392K, reserved 1114112K
  class space    used 3736K, committed 3904K, reserved 1048576K
}
Event: 17.716 GC heap after
{Heap after GC invocations=16 (full 0):
 garbage-first heap   total 83968K, used 41809K [0x0000000780000000, 0x0000000800000000)
  region size 1024K, 1 young (1024K), 1 survivors (1024K)
 Metaspace       used 27080K, committed 27392K, reserved 1114112K
  class space    used 3736K, committed 3904K, reserved 1048576K
}
Event: 21.614 GC heap before
{Heap before GC invocations=17 (full 0):
 garbage-first heap   total 104448K, used 70391K [0x0000000780000000, 0x0000000800000000)
  region size 1024K, 24 young (24576K), 1 survivors (1024K)
 Metaspace       used 27329K, committed 27648K, reserved 1114112K
  class space    used 3751K, committed 3904K, reserved 1048576K
}
Event: 21.618 GC heap after
{Heap after GC invocations=18 (full 0):
 garbage-first heap   total 104448K, used 40756K [0x0000000780000000, 0x0000000800000000)
  region size 1024K, 2 young (2048K), 2 survivors (2048K)
 Metaspace       used 27329K, committed 27648K, reserved 1114112K
  class space    used 3751K, committed 3904K, reserved 1048576K
}
Event: 22.832 GC heap before
{Heap before GC invocations=18 (full 0):
 garbage-first heap   total 104448K, used 69428K [0x0000000780000000, 0x0000000800000000)
  region size 1024K, 25 young (25600K), 2 survivors (2048K)
 Metaspace       used 28757K, committed 29120K, reserved 1114112K
  class space    used 4017K, committed 4224K, reserved 1048576K
}
Event: 22.839 GC heap after
{Heap after GC invocations=19 (full 0):
 garbage-first heap   total 104448K, used 49365K [0x0000000780000000, 0x0000000800000000)
  region size 1024K, 5 young (5120K), 5 survivors (5120K)
 Metaspace       used 28757K, committed 29120K, reserved 1114112K
  class space    used 4017K, committed 4224K, reserved 1048576K
}

Deoptimization events (20 events):
Event: 21.941 Thread 0x00007f8c82016a00 DEOPT PACKING pc=0x000000011fff9fe8 sp=0x0000700004955410
Event: 21.941 Thread 0x00007f8c82016a00 DEOPT UNPACKING pc=0x000000011f91c099 sp=0x0000700004955350 mode 2
Event: 21.944 Thread 0x00007f8c82016a00 Uncommon trap: trap_request=0xffffffde fr.pc=0x000000011ffa47c4 relative=0x0000000000000304
Event: 21.944 Thread 0x00007f8c82016a00 Uncommon trap: reason=class_check action=maybe_recompile pc=0x000000011ffa47c4 method=com.sun.javafx.font.CompositeStrike.getStrikeSlot(I)Lcom/sun/javafx/font/FontStrike; @ 16 c2
Event: 21.944 Thread 0x00007f8c82016a00 DEOPT PACKING pc=0x000000011ffa47c4 sp=0x0000700004955720
Event: 21.944 Thread 0x00007f8c82016a00 DEOPT UNPACKING pc=0x000000011f91c099 sp=0x00007000049556e0 mode 2
Event: 22.721 Thread 0x00007f8c82116800 DEOPT PACKING pc=0x0000000118b24c62 sp=0x00007ff7b65b3920
Event: 22.721 Thread 0x00007f8c82116800 DEOPT UNPACKING pc=0x000000011f91c82f sp=0x00007ff7b65b2e28 mode 0
Event: 22.727 Thread 0x00007f8c82116800 Uncommon trap: trap_request=0xffffffde fr.pc=0x000000012007740c relative=0x000000000000624c
Event: 22.727 Thread 0x00007f8c82116800 Uncommon trap: reason=class_check action=maybe_recompile pc=0x000000012007740c method=java.lang.reflect.Array.newInstance(Ljava/lang/Class;I)Ljava/lang/Object; @ 2 c2
Event: 22.727 Thread 0x00007f8c82116800 DEOPT PACKING pc=0x000000012007740c sp=0x00007ff7b65b2520
Event: 22.727 Thread 0x00007f8c82116800 DEOPT UNPACKING pc=0x000000011f91c099 sp=0x00007ff7b65b2218 mode 2
Event: 22.729 Thread 0x00007f8c82116800 Uncommon trap: trap_request=0xffffffde fr.pc=0x000000012007740c relative=0x000000000000624c
Event: 22.729 Thread 0x00007f8c82116800 Uncommon trap: reason=class_check action=maybe_recompile pc=0x000000012007740c method=java.lang.reflect.Array.newInstance(Ljava/lang/Class;I)Ljava/lang/Object; @ 2 c2
Event: 22.729 Thread 0x00007f8c82116800 DEOPT PACKING pc=0x000000012007740c sp=0x00007ff7b65b2ee0
Event: 22.729 Thread 0x00007f8c82116800 DEOPT UNPACKING pc=0x000000011f91c099 sp=0x00007ff7b65b2bd8 mode 2
Event: 29.720 Thread 0x00007f8c82116800 Uncommon trap: trap_request=0xffffff45 fr.pc=0x000000011ff92198 relative=0x0000000000000078
Event: 29.720 Thread 0x00007f8c82116800 Uncommon trap: reason=unstable_if action=reinterpret pc=0x000000011ff92198 method=java.lang.Math.round(F)I @ 23 c2
Event: 29.720 Thread 0x00007f8c82116800 DEOPT PACKING pc=0x000000011ff92198 sp=0x00007ff7b65b6710
Event: 29.720 Thread 0x00007f8c82116800 DEOPT UNPACKING pc=0x000000011f91c099 sp=0x00007ff7b65b66a8 mode 2

Classes unloaded (0 events):
No events

Classes redefined (0 events):
No events

Internal exceptions (20 events):
Event: 11.162 Thread 0x00007f8c82116800 Exception <a 'sun/nio/fs/UnixException'{0x00000007833f3ce8}> (0x00000007833f3ce8) 
thrown [open/src/hotspot/share/prims/jni.cpp, line 516]
Event: 11.165 Thread 0x00007f8c82116800 Exception <a 'sun/nio/fs/UnixException'{0x0000000783205800}> (0x0000000783205800) 
thrown [open/src/hotspot/share/prims/jni.cpp, line 516]
Event: 11.183 Thread 0x00007f8c82116800 Exception <a 'sun/nio/fs/UnixException'{0x0000000783263110}> (0x0000000783263110) 
thrown [open/src/hotspot/share/prims/jni.cpp, line 516]
Event: 11.185 Thread 0x00007f8c82116800 Exception <a 'sun/nio/fs/UnixException'{0x00000007832713d8}> (0x00000007832713d8) 
thrown [open/src/hotspot/share/prims/jni.cpp, line 516]
Event: 11.187 Thread 0x00007f8c82116800 Exception <a 'sun/nio/fs/UnixException'{0x000000078327fc70}> (0x000000078327fc70) 
thrown [open/src/hotspot/share/prims/jni.cpp, line 516]
Event: 11.188 Thread 0x00007f8c82116800 Exception <a 'sun/nio/fs/UnixException'{0x0000000783282690}> (0x0000000783282690) 
thrown [open/src/hotspot/share/prims/jni.cpp, line 516]
Event: 11.190 Thread 0x00007f8c82116800 Exception <a 'sun/nio/fs/UnixException'{0x000000078328cc58}> (0x000000078328cc58) 
thrown [open/src/hotspot/share/prims/jni.cpp, line 516]
Event: 11.190 Thread 0x00007f8c82116800 Exception <a 'sun/nio/fs/UnixException'{0x00000007832974b0}> (0x00000007832974b0) 
thrown [open/src/hotspot/share/prims/jni.cpp, line 516]
Event: 11.223 Thread 0x00007f8c82116800 Exception <a 'sun/nio/fs/UnixException'{0x0000000783116cc0}> (0x0000000783116cc0) 
thrown [open/src/hotspot/share/prims/jni.cpp, line 516]
Event: 11.223 Thread 0x00007f8c82116800 Exception <a 'sun/nio/fs/UnixException'{0x0000000783120dd8}> (0x0000000783120dd8) 
thrown [open/src/hotspot/share/prims/jni.cpp, line 516]
Event: 11.225 Thread 0x00007f8c82116800 Exception <a 'sun/nio/fs/UnixException'{0x000000078312abe0}> (0x000000078312abe0) 
thrown [open/src/hotspot/share/prims/jni.cpp, line 516]
Event: 15.287 Thread 0x00007f8c82116800 Exception <a 'sun/nio/fs/UnixException'{0x0000000787f02640}> (0x0000000787f02640) 
thrown [open/src/hotspot/share/prims/jni.cpp, line 516]
Event: 15.287 Thread 0x00007f8c82116800 Exception <a 'java/lang/NullPointerException'{0x0000000787f02f48}> (0x0000000787f02f48) 
thrown [open/src/hotspot/share/interpreter/linkResolver.cpp, line 1350]
Event: 17.730 Thread 0x00007f8c82116800 Exception <a 'sun/nio/fs/UnixException'{0x0000000787f4f4b8}> (0x0000000787f4f4b8) 
thrown [open/src/hotspot/share/prims/jni.cpp, line 516]
Event: 17.730 Thread 0x00007f8c82116800 Exception <a 'java/lang/NullPointerException'{0x0000000787f4fdc0}> (0x0000000787f4fdc0) 
thrown [open/src/hotspot/share/interpreter/linkResolver.cpp, line 1350]
Event: 21.650 Thread 0x00007f8c82116800 Exception <a 'java/io/FileNotFoundException'{0x0000000787f60c58}> (0x0000000787f60c58) 
thrown [open/src/hotspot/share/prims/jni.cpp, line 516]
Event: 21.759 Thread 0x00007f8c82116800 Exception <a 'java/lang/NoSuchMethodError'{0x0000000785fb01a0}: 'void java.lang.invoke.DirectMethodHandle$Holder.invokeSpecialIFC(java.lang.Object, java.lang.Object, java.lang.Object, java.lang.Object)'> (0x0000000785fb01a0) 
thrown [open/src/hotspot/share/interpreter/linkResolver.cpp, line 759]
Event: 21.799 Thread 0x00007f8c82116800 Exception <a 'java/lang/NoSuchMethodError'{0x0000000785d5b408}: 'int java.lang.invoke.DirectMethodHandle$Holder.invokeSpecial(java.lang.Object, java.lang.Object, int)'> (0x0000000785d5b408) 
thrown [open/src/hotspot/share/interpreter/linkResolver.cpp, line 759]
Event: 22.842 Thread 0x00007f8c82116800 Exception <a 'sun/nio/fs/UnixException'{0x0000000787f00830}> (0x0000000787f00830) 
thrown [open/src/hotspot/share/prims/jni.cpp, line 516]
Event: 22.842 Thread 0x00007f8c82116800 Exception <a 'java/lang/NullPointerException'{0x0000000787f01138}> (0x0000000787f01138) 
thrown [open/src/hotspot/share/interpreter/linkResolver.cpp, line 1350]

VM Operations (20 events):
Event: 18.772 Executing VM operation: Cleanup
Event: 18.772 Executing VM operation: Cleanup done
Event: 21.614 Executing VM operation: G1CollectForAllocation
Event: 21.618 Executing VM operation: G1CollectForAllocation done
Event: 21.669 Executing VM operation: HandshakeAllThreads
Event: 21.669 Executing VM operation: HandshakeAllThreads done
Event: 21.738 Executing VM operation: HandshakeAllThreads
Event: 21.738 Executing VM operation: HandshakeAllThreads done
Event: 21.740 Executing VM operation: HandshakeAllThreads
Event: 21.740 Executing VM operation: HandshakeAllThreads done
Event: 21.899 Executing VM operation: ICBufferFull
Event: 21.899 Executing VM operation: ICBufferFull done
Event: 22.832 Executing VM operation: G1TryInitiateConcMark
Event: 22.839 Executing VM operation: G1TryInitiateConcMark done
Event: 23.844 Executing VM operation: Cleanup
Event: 23.854 Executing VM operation: Cleanup done
Event: 29.868 Executing VM operation: Cleanup
Event: 29.869 Executing VM operation: Cleanup done
Event: 30.872 Executing VM operation: Cleanup
Event: 30.872 Executing VM operation: Cleanup done

Events (20 events):
Event: 29.618 Protecting memory [0x0000700003db5000,0x0000700003db9000] with protection modes 3
Event: 29.618 Thread 0x00007f8c8202dc00 Thread exited: 0x00007f8c8202dc00
Event: 30.285 Protecting memory [0x0000700005380000,0x0000700005384000] with protection modes 3
Event: 30.285 Thread 0x00007f8c8227e600 Thread exited: 0x00007f8c8227e600
Event: 30.819 Protecting memory [0x0000700003db5000,0x0000700003db9000] with protection modes 0
Event: 30.819 Thread 0x00007f8c80bc5800 Thread added: 0x00007f8c80bc5800
Event: 31.202 Protecting memory [0x0000700003db5000,0x0000700003db9000] with protection modes 3
Event: 31.202 Thread 0x00007f8c80bc5800 Thread exited: 0x00007f8c80bc5800
Event: 31.451 Protecting memory [0x0000700003db5000,0x0000700003db9000] with protection modes 0
Event: 31.451 Thread 0x00007f8c8582fc00 Thread added: 0x00007f8c8582fc00
Event: 31.472 Protecting memory [0x00007ff7b5dbb000,0x00007ff7b5dbf000] with protection modes 3
Event: 31.472 Thread 0x00007f8c82116800 Thread exited: 0x00007f8c82116800
Event: 31.473 Protecting memory [0x0000700004e71000,0x0000700004e75000] with protection modes 3
Event: 31.473 Protecting memory [0x0000700004859000,0x000070000485d000] with protection modes 3
Event: 31.473 Thread 0x00007f8c82a31200 Thread exited: 0x00007f8c82a31200
Event: 31.473 Thread 0x00007f8c82016a00 Thread exited: 0x00007f8c82016a00
Event: 31.475 Protecting memory [0x000070000349a000,0x000070000349e000] with protection modes 3
Event: 31.476 Thread 0x00007f8c81009c00 Thread exited: 0x00007f8c81009c00
Event: 31.476 Protecting memory [0x000070000349a000,0x000070000349e000] with protection modes 0
Event: 31.476 Thread 0x00007f8c82035a00 Thread added: 0x00007f8c82035a00


Dynamic libraries:
0x0000000109a6e000 	/Library/Java/JavaVirtualMachines/jdk-17.jdk/Contents/Home/lib/libjli.dylib
0x00007ff826a8c000 	/usr/lib/libz.1.dylib
0x00007ff826b6c000 	/usr/lib/libSystem.B.dylib
0x00007ff826b67000 	/usr/lib/system/libcache.dylib
0x00007ff826b23000 	/usr/lib/system/libcommonCrypto.dylib
0x00007ff826b4c000 	/usr/lib/system/libcompiler_rt.dylib
0x00007ff826b42000 	/usr/lib/system/libcopyfile.dylib
0x00007ff81bafa000 	/usr/lib/system/libcorecrypto.dylib
0x00007ff81bbb8000 	/usr/lib/system/libdispatch.dylib
0x00007ff81bd78000 	/usr/lib/system/libdyld.dylib
0x00007ff826b5e000 	/usr/lib/system/libkeymgr.dylib
0x00007ff826b01000 	/usr/lib/system/libmacho.dylib
0x00007ff826182000 	/usr/lib/system/libquarantine.dylib
0x00007ff826b5c000 	/usr/lib/system/libremovefile.dylib
0x00007ff820d0d000 	/usr/lib/system/libsystem_asl.dylib
0x00007ff81baa3000 	/usr/lib/system/libsystem_blocks.dylib
0x00007ff81bc3c000 	/usr/lib/system/libsystem_c.dylib
0x00007ff826b54000 	/usr/lib/system/libsystem_collections.dylib
0x00007ff825436000 	/usr/lib/system/libsystem_configuration.dylib
0x00007ff8246df000 	/usr/lib/system/libsystem_containermanager.dylib
0x00007ff826839000 	/usr/lib/system/libsystem_coreservices.dylib
0x00007ff81e3ae000 	/usr/lib/system/libsystem_darwin.dylib
0x00007ff826b5f000 	/usr/lib/system/libsystem_dnssd.dylib
0x00007ff81bc39000 	/usr/lib/system/libsystem_featureflags.dylib
0x00007ff81bd8e000 	/usr/lib/system/libsystem_info.dylib
0x00007ff826a9f000 	/usr/lib/system/libsystem_m.dylib
0x00007ff81bb8c000 	/usr/lib/system/libsystem_malloc.dylib
0x00007ff820ca8000 	/usr/lib/system/libsystem_networkextension.dylib
0x00007ff81e7d4000 	/usr/lib/system/libsystem_notify.dylib
0x00007ff82cddf000 	/usr/lib/system/libsystem_product_info_filter.dylib
0x00007ff82543a000 	/usr/lib/system/libsystem_sandbox.dylib
0x00007ff826b59000 	/usr/lib/system/libsystem_secinit.dylib
0x00007ff81bd34000 	/usr/lib/system/libsystem_kernel.dylib
0x00007ff81bd84000 	/usr/lib/system/libsystem_platform.dylib
0x00007ff81bd6c000 	/usr/lib/system/libsystem_pthread.dylib
0x00007ff82255b000 	/usr/lib/system/libsystem_symptoms.dylib
0x00007ff81bae1000 	/usr/lib/system/libsystem_trace.dylib
0x00007ff826b2f000 	/usr/lib/system/libunwind.dylib
0x00007ff81baa5000 	/usr/lib/system/libxpc.dylib
0x00007ff81bd1e000 	/usr/lib/libc++abi.dylib
0x00007ff81bbff000 	/usr/lib/libobjc.A.dylib
0x00007ff826b3a000 	/usr/lib/liboah.dylib
0x00007ff81bcc5000 	/usr/lib/libc++.1.dylib
0x00007ff832be5000 	/System/Library/Frameworks/Cocoa.framework/Versions/A/Cocoa
0x00007ff81e832000 	/System/Library/Frameworks/AppKit.framework/Versions/C/AppKit
0x00007ff821d49000 	/System/Library/Frameworks/CoreData.framework/Versions/A/CoreData
0x00007ff81cc35000 	/System/Library/Frameworks/Foundation.framework/Versions/C/Foundation
0x00007ff81f6c2000 	/System/Library/PrivateFrameworks/UIFoundation.framework/Versions/A/UIFoundation
0x00007ff82cae2000 	/System/Library/PrivateFrameworks/RemoteViewServices.framework/Versions/A/RemoteViewServices
0x00007ff824dc0000 	/System/Library/PrivateFrameworks/XCTTargetBootstrap.framework/Versions/A/XCTTargetBootstrap
0x00007ff828978000 	/System/Library/PrivateFrameworks/InternationalSupport.framework/Versions/A/InternationalSupport
0x00007ff828a02000 	/System/Library/PrivateFrameworks/UserActivity.framework/Versions/A/UserActivity
0x00007ff827d54000 	/usr/lib/libspindump.dylib
0x00007ff81f951000 	/System/Library/Frameworks/UniformTypeIdentifiers.framework/Versions/A/UniformTypeIdentifiers
0x00007ff8234e4000 	/usr/lib/libapp_launch_measurement.dylib
0x00007ff82271b000 	/System/Library/PrivateFrameworks/CoreAnalytics.framework/Versions/A/CoreAnalytics
0x00007ff8234e7000 	/System/Library/PrivateFrameworks/CoreAutoLayout.framework/Versions/A/CoreAutoLayout
0x00007ff824717000 	/System/Library/Frameworks/Metal.framework/Versions/A/Metal
0x00007ff825446000 	/usr/lib/liblangid.dylib
0x00007ff824dc5000 	/System/Library/PrivateFrameworks/CoreSVG.framework/Versions/A/CoreSVG
0x00007ff820d3d000 	/System/Library/PrivateFrameworks/SkyLight.framework/Versions/A/SkyLight
0x00007ff8210dc000 	/System/Library/Frameworks/CoreGraphics.framework/Versions/A/CoreGraphics
0x00007ff82d1a2000 	/System/Library/Frameworks/Accelerate.framework/Versions/A/Accelerate
0x00007ff8277d3000 	/System/Library/PrivateFrameworks/IconServices.framework/Versions/A/IconServices
0x00007ff8246fc000 	/System/Library/Frameworks/IOSurface.framework/Versions/A/IOSurface
0x00007ff822749000 	/usr/lib/libDiagnosticMessagesClient.dylib
0x00007ff830889000 	/System/Library/Frameworks/ApplicationServices.framework/Versions/A/ApplicationServices
0x00007ff824dac000 	/System/Library/PrivateFrameworks/DFRFoundation.framework/Versions/A/DFRFoundation
0x00007ff81e11a000 	/usr/lib/libicucore.A.dylib
0x00007ff82976e000 	/System/Library/Frameworks/AudioToolbox.framework/Versions/A/AudioToolbox
0x00007ff828984000 	/System/Library/PrivateFrameworks/DataDetectorsCore.framework/Versions/A/DataDetectorsCore
0x00007ff924e80000 	/System/Library/PrivateFrameworks/TextInput.framework/Versions/A/TextInput
0x00007ff820cc0000 	/usr/lib/libMobileGestalt.dylib
0x00007ff824ab8000 	/System/Library/Frameworks/Carbon.framework/Versions/A/Frameworks/HIToolbox.framework/Versions/A/HIToolbox
0x00007ff822ee6000 	/System/Library/Frameworks/QuartzCore.framework/Versions/A/QuartzCore
0x00007ff81ddbf000 	/System/Library/Frameworks/Security.framework/Versions/A/Security
0x00007ff82cb1a000 	/System/Library/Frameworks/Carbon.framework/Versions/A/Frameworks/SpeechRecognition.framework/Versions/A/SpeechRecognition
0x00007ff823244000 	/System/Library/PrivateFrameworks/CoreUI.framework/Versions/A/CoreUI
0x00007ff81d689000 	/System/Library/Frameworks/CoreAudio.framework/Versions/A/CoreAudio
0x00007ff822838000 	/System/Library/Frameworks/DiskArbitration.framework/Versions/A/DiskArbitration
0x00007ff828144000 	/System/Library/PrivateFrameworks/MultitouchSupport.framework/Versions/A/MultitouchSupport
0x00007ff820cbf000 	/usr/lib/libenergytrace.dylib
0x00007ff81e71e000 	/System/Library/Frameworks/IOKit.framework/Versions/A/IOKit
0x00007ff82cf0a000 	/System/Library/Frameworks/CoreServices.framework/Versions/A/CoreServices
0x00007ff82347e000 	/System/Library/PrivateFrameworks/PerformanceAnalysis.framework/Versions/A/PerformanceAnalysis
0x00007ffa34b5f000 	/System/Library/Frameworks/OpenGL.framework/Versions/A/OpenGL
0x00007ff8260a8000 	/System/Library/PrivateFrameworks/MobileKeyBag.framework/Versions/A/MobileKeyBag
0x00007ff8217a8000 	/System/Library/Frameworks/ColorSync.framework/Versions/A/ColorSync
0x00007ff81bdb9000 	/System/Library/Frameworks/CoreFoundation.framework/Versions/A/CoreFoundation
0x00007ff82503c000 	/System/Library/Frameworks/CoreImage.framework/Versions/A/CoreImage
0x00007ff81d49d000 	/System/Library/Frameworks/CoreText.framework/Versions/A/CoreText
0x00007ff824df5000 	/System/Library/Frameworks/ImageIO.framework/Versions/A/ImageIO
0x00007ff826b72000 	/System/Library/PrivateFrameworks/SoftLinking.framework/Versions/A/SoftLinking
0x00007ff82352f000 	/usr/lib/libxml2.2.dylib
0x00007ff826df6000 	/usr/lib/libcompression.dylib
0x00007ff8288ab000 	/System/Library/PrivateFrameworks/TextureIO.framework/Versions/A/TextureIO
0x00007ff8274e4000 	/usr/lib/libate.dylib
0x00007ff8272c0000 	/usr/lib/liblzma.5.dylib
0x00007ff81c947000 	/System/Library/Frameworks/SystemConfiguration.framework/Versions/A/SystemConfiguration
0x00007ff826b6e000 	/usr/lib/libfakelink.dylib
0x00007ff820818000 	/System/Library/Frameworks/CFNetwork.framework/Versions/A/CFNetwork
0x00007ff826caf000 	/usr/lib/libarchive.2.dylib
0x00007ff825442000 	/System/Library/PrivateFrameworks/AppleSystemInfo.framework/Versions/A/AppleSystemInfo
0x00007ff8261a9000 	/usr/lib/libbsm.0.dylib
0x00007ff81fe27000 	/usr/lib/libnetwork.dylib
0x00007ff826b07000 	/usr/lib/system/libkxld.dylib
0x00007ff825ddc000 	/System/Library/PrivateFrameworks/IOMobileFramebuffer.framework/Versions/A/IOMobileFramebuffer
0x00007ffb3453a000 	/usr/lib/libCoreEntitlements.dylib
0x00007ff82681b000 	/System/Library/PrivateFrameworks/AppleFSCompression.framework/Versions/A/AppleFSCompression
0x00007ff826191000 	/usr/lib/libcoretls.dylib
0x00007ff8272da000 	/usr/lib/libcoretls_cfhelpers.dylib
0x00007ff826df1000 	/usr/lib/libpam.2.dylib
0x00007ff82217a000 	/usr/lib/libsqlite3.dylib
0x00007ff827349000 	/usr/lib/libxar.1.dylib
0x00007ff82682b000 	/usr/lib/libbz2.1.0.dylib
0x00007ff826b73000 	/usr/lib/libpcap.A.dylib
0x00007ff822553000 	/usr/lib/libdns_services.dylib
0x00007ff826dc1000 	/usr/lib/libapple_nghttp2.dylib
0x00007ff826bad000 	/usr/lib/libiconv.2.dylib
0x00007ff826b00000 	/usr/lib/libcharset.1.dylib
0x00007ff8234b2000 	/System/Library/Frameworks/CoreServices.framework/Versions/A/Frameworks/FSEvents.framework/Versions/A/FSEvents
0x00007ff81e3b8000 	/System/Library/Frameworks/CoreServices.framework/Versions/A/Frameworks/CarbonCore.framework/Versions/A/CarbonCore
0x00007ff82279c000 	/System/Library/Frameworks/CoreServices.framework/Versions/A/Frameworks/Metadata.framework/Versions/A/Metadata
0x00007ff82683e000 	/System/Library/Frameworks/CoreServices.framework/Versions/A/Frameworks/OSServices.framework/Versions/A/OSServices
0x00007ff826d36000 	/System/Library/Frameworks/CoreServices.framework/Versions/A/Frameworks/SearchKit.framework/Versions/A/SearchKit
0x00007ff8224e5000 	/System/Library/Frameworks/CoreServices.framework/Versions/A/Frameworks/AE.framework/Versions/A/AE
0x00007ff81c2bc000 	/System/Library/Frameworks/CoreServices.framework/Versions/A/Frameworks/LaunchServices.framework/Versions/A/LaunchServices
0x00007ff827271000 	/System/Library/Frameworks/CoreServices.framework/Versions/A/Frameworks/DictionaryServices.framework/Versions/A/DictionaryServices
0x00007ff8234bf000 	/System/Library/Frameworks/CoreServices.framework/Versions/A/Frameworks/SharedFileList.framework/Versions/A/SharedFileList
0x00007ff826185000 	/usr/lib/libCheckFix.dylib
0x00007ff820d24000 	/System/Library/PrivateFrameworks/TCC.framework/Versions/A/TCC
0x00007ff825448000 	/System/Library/PrivateFrameworks/CoreNLP.framework/Versions/A/CoreNLP
0x00007ff82274c000 	/System/Library/PrivateFrameworks/MetadataUtilities.framework/Versions/A/MetadataUtilities
0x00007ff81c9f8000 	/usr/lib/libmecabra.dylib
0x00007ff8261b9000 	/usr/lib/libmecab.dylib
0x00007ff81c9c3000 	/usr/lib/libCRFSuite.dylib
0x00007ff826213000 	/usr/lib/libgermantok.dylib
0x00007ff826d9c000 	/usr/lib/libThaiTokenizer.dylib
0x00007ff82283f000 	/System/Library/Frameworks/Accelerate.framework/Versions/A/Frameworks/vImage.framework/Versions/A/vImage
0x00007ff82cee1000 	/System/Library/Frameworks/Accelerate.framework/Versions/A/Frameworks/vecLib.framework/Versions/A/vecLib
0x00007ff82738a000 	/System/Library/Frameworks/Accelerate.framework/Versions/A/Frameworks/vecLib.framework/Versions/A/libvMisc.dylib
0x00007ff825c07000 	/System/Library/Frameworks/Accelerate.framework/Versions/A/Frameworks/vecLib.framework/Versions/A/libvDSP.dylib
0x00007ff81c637000 	/System/Library/Frameworks/Accelerate.framework/Versions/A/Frameworks/vecLib.framework/Versions/A/libBLAS.dylib
0x00007ff826ed3000 	/System/Library/Frameworks/Accelerate.framework/Versions/A/Frameworks/vecLib.framework/Versions/A/libLAPACK.dylib
0x00007ff826216000 	/System/Library/Frameworks/Accelerate.framework/Versions/A/Frameworks/vecLib.framework/Versions/A/libLinearAlgebra.dylib
0x00007ff826dd9000 	/System/Library/Frameworks/Accelerate.framework/Versions/A/Frameworks/vecLib.framework/Versions/A/libSparseBLAS.dylib
0x00007ff826ecd000 	/System/Library/Frameworks/Accelerate.framework/Versions/A/Frameworks/vecLib.framework/Versions/A/libQuadrature.dylib
0x00007ff825533000 	/System/Library/Frameworks/Accelerate.framework/Versions/A/Frameworks/vecLib.framework/Versions/A/libBNNS.dylib
0x00007ff81c8d1000 	/System/Library/Frameworks/Accelerate.framework/Versions/A/Frameworks/vecLib.framework/Versions/A/libSparse.dylib
0x00007ff82552c000 	/System/Library/PrivateFrameworks/LinguisticData.framework/Versions/A/LinguisticData
0x00007ff81c887000 	/System/Library/PrivateFrameworks/Lexicon.framework/Versions/A/Lexicon
0x00007ff827383000 	/usr/lib/libChineseTokenizer.dylib
0x00007ff81cff2000 	/System/Library/PrivateFrameworks/LanguageModeling.framework/Versions/A/LanguageModeling
0x00007ff826d9e000 	/System/Library/PrivateFrameworks/AppleSauce.framework/Versions/A/AppleSauce
0x00007ff825dca000 	/System/Library/PrivateFrameworks/CoreEmoji.framework/Versions/A/CoreEmoji
0x00007ff826c9e000 	/usr/lib/libcmph.dylib
0x00007ff823496000 	/System/Library/Frameworks/OpenDirectory.framework/Versions/A/Frameworks/CFOpenDirectory.framework/Versions/A/CFOpenDirectory
0x00007ff82348a000 	/System/Library/Frameworks/OpenDirectory.framework/Versions/A/OpenDirectory
0x00007ff8272dc000 	/System/Library/PrivateFrameworks/APFS.framework/Versions/A/APFS
0x00007ff8260e0000 	/System/Library/Frameworks/SecurityFoundation.framework/Versions/A/SecurityFoundation
0x00007ff827357000 	/usr/lib/libutil.dylib
0x00007ff81e6e2000 	/System/Library/PrivateFrameworks/CoreServicesStore.framework/Versions/A/CoreServicesStore
0x00007ff82735b000 	/usr/lib/libxslt.1.dylib
0x00007ff82616d000 	/System/Library/PrivateFrameworks/BackgroundTaskManagement.framework/Versions/A/BackgroundTaskManagement
0x00007ff8287cb000 	/System/Library/Frameworks/ImageIO.framework/Versions/A/Resources/libRadiance.dylib
0x00007ff8287d4000 	/System/Library/Frameworks/ImageIO.framework/Versions/A/Resources/libJPEG.dylib
0x00007ff828723000 	/System/Library/Frameworks/ImageIO.framework/Versions/A/Resources/libPng.dylib
0x00007ff828744000 	/System/Library/Frameworks/ImageIO.framework/Versions/A/Resources/libTIFF.dylib
0x00007ff828834000 	/System/Library/Frameworks/ImageIO.framework/Versions/A/Resources/libGIF.dylib
0x00007ff82805e000 	/System/Library/Frameworks/ImageIO.framework/Versions/A/Resources/libJP2.dylib
0x00007ff827799000 	/usr/lib/libexpat.1.dylib
0x00007ff828013000 	/System/Library/PrivateFrameworks/AppleJPEG.framework/Versions/A/AppleJPEG
0x00007ff82497c000 	/System/Library/PrivateFrameworks/FontServices.framework/libFontParser.dylib
0x00007ff82248f000 	/System/Library/PrivateFrameworks/RunningBoardServices.framework/Versions/A/RunningBoardServices
0x00007ff8331a0000 	/System/Library/PrivateFrameworks/IOSurfaceAccelerator.framework/Versions/A/IOSurfaceAccelerator
0x00007ff828140000 	/System/Library/PrivateFrameworks/WatchdogClient.framework/Versions/A/WatchdogClient
0x00007ff81d0e0000 	/System/Library/Frameworks/CoreDisplay.framework/Versions/A/CoreDisplay
0x00007ff82487a000 	/System/Library/Frameworks/CoreMedia.framework/Versions/A/CoreMedia
0x00007ff82470e000 	/System/Library/PrivateFrameworks/IOAccelerator.framework/Versions/A/IOAccelerator
0x00007ff823613000 	/System/Library/Frameworks/CoreVideo.framework/Versions/A/CoreVideo
0x00007ff826def000 	/System/Library/Frameworks/MetalPerformanceShaders.framework/Versions/A/MetalPerformanceShaders
0x00007ff82817d000 	/System/Library/Frameworks/VideoToolbox.framework/Versions/A/VideoToolbox
0x00007ff8223d9000 	/System/Library/PrivateFrameworks/BaseBoard.framework/Versions/A/BaseBoard
0x00007ff822160000 	/System/Library/PrivateFrameworks/ProtocolBuffer.framework/Versions/A/ProtocolBuffer
0x00007ff8287c4000 	/System/Library/PrivateFrameworks/GPUWrangler.framework/Versions/A/GPUWrangler
0x00007ff8287a8000 	/System/Library/PrivateFrameworks/IOPresentment.framework/Versions/A/IOPresentment
0x00007ff8287ce000 	/System/Library/PrivateFrameworks/DSExternalDisplay.framework/Versions/A/DSExternalDisplay
0x00007ffa34b53000 	/System/Library/Frameworks/OpenGL.framework/Versions/A/Libraries/libCoreFSCache.dylib
0x00007ffb21c29000 	/System/Library/PrivateFrameworks/GPUCompiler.framework/Versions/31001/Libraries/libGPUCompilerUtils.dylib
0x00007ff828839000 	/System/Library/PrivateFrameworks/CMCaptureCore.framework/Versions/A/CMCaptureCore
0x00007ff827d42000 	/System/Library/PrivateFrameworks/AppServerSupport.framework/Versions/A/AppServerSupport
0x00007ff82a007000 	/System/Library/PrivateFrameworks/perfdata.framework/Versions/A/perfdata
0x00007ff81d20c000 	/System/Library/PrivateFrameworks/AudioToolboxCore.framework/Versions/A/AudioToolboxCore
0x00007ff824858000 	/System/Library/PrivateFrameworks/caulk.framework/Versions/A/caulk
0x00007ff829919000 	/usr/lib/libAudioStatistics.dylib
0x00007ff92160e000 	/System/Library/PrivateFrameworks/SystemPolicy.framework/Versions/A/SystemPolicy
0x00007ff829b74000 	/usr/lib/libSMC.dylib
0x00007ff832a98000 	/System/Library/Frameworks/CoreMIDI.framework/Versions/A/CoreMIDI
0x00007ff8286f2000 	/usr/lib/libAudioToolboxUtility.dylib
0x00007ff91d836000 	/System/Library/PrivateFrameworks/OSAServicesClient.framework/Versions/A/OSAServicesClient
0x00007ff82a014000 	/usr/lib/libperfcheck.dylib
0x00007ff9220bb000 	/usr/lib/libmis.dylib
0x00007ffa34bae000 	/System/Library/Frameworks/OpenGL.framework/Versions/A/Libraries/libGLU.dylib
0x00007ffa34b72000 	/System/Library/Frameworks/OpenGL.framework/Versions/A/Libraries/libGFXShared.dylib
0x00007ffa34d7b000 	/System/Library/Frameworks/OpenGL.framework/Versions/A/Libraries/libGL.dylib
0x00007ffa34b7b000 	/System/Library/Frameworks/OpenGL.framework/Versions/A/Libraries/libGLImage.dylib
0x00007ffa34b6f000 	/System/Library/Frameworks/OpenGL.framework/Versions/A/Libraries/libCVMSPluginSupport.dylib
0x00007ffa34b5a000 	/System/Library/Frameworks/OpenGL.framework/Versions/A/Libraries/libCoreVMClient.dylib
0x00007ff8253c4000 	/System/Library/Frameworks/MetalPerformanceShaders.framework/Versions/A/Frameworks/MPSCore.framework/Versions/A/MPSCore
0x00007ff826786000 	/System/Library/Frameworks/MetalPerformanceShaders.framework/Versions/A/Frameworks/MPSImage.framework/Versions/A/MPSImage
0x00007ff82622c000 	/System/Library/Frameworks/MetalPerformanceShaders.framework/Versions/A/Frameworks/MPSNeuralNetwork.framework/Versions/A/MPSNeuralNetwork
0x00007ff8266a0000 	/System/Library/Frameworks/MetalPerformanceShaders.framework/Versions/A/Frameworks/MPSMatrix.framework/Versions/A/MPSMatrix
0x00007ff82645b000 	/System/Library/Frameworks/MetalPerformanceShaders.framework/Versions/A/Frameworks/MPSRayIntersector.framework/Versions/A/MPSRayIntersector
0x00007ff8266d8000 	/System/Library/Frameworks/MetalPerformanceShaders.framework/Versions/A/Frameworks/MPSNDArray.framework/Versions/A/MPSNDArray
0x00007ffa3a633000 	/System/Library/Frameworks/MetalPerformanceShaders.framework/Versions/A/Frameworks/MPSFunctions.framework/Versions/A/MPSFunctions
0x00007ff81c513000 	/System/Library/PrivateFrameworks/MetalTools.framework/Versions/A/MetalTools
0x00007ff825440000 	/System/Library/PrivateFrameworks/AggregateDictionary.framework/Versions/A/AggregateDictionary
0x00007ff82757b000 	/usr/lib/libIOReport.dylib
0x00007ffa3618a000 	/System/Library/Frameworks/OpenCL.framework/Versions/A/OpenCL
0x00007ff8278e0000 	/System/Library/PrivateFrameworks/FaceCore.framework/Versions/A/FaceCore
0x00007ff8278d1000 	/System/Library/PrivateFrameworks/GraphVisualizer.framework/Versions/A/GraphVisualizer
0x00007ffb21b34000 	/System/Library/PrivateFrameworks/FontServices.framework/Versions/A/FontServices
0x00007ff827cfa000 	/System/Library/PrivateFrameworks/OTSVG.framework/Versions/A/OTSVG
0x00007ff8231f9000 	/System/Library/Frameworks/ApplicationServices.framework/Versions/A/Frameworks/ATS.framework/Versions/A/Resources/libFontRegistry.dylib
0x00007ff827d4a000 	/System/Library/PrivateFrameworks/FontServices.framework/libhvf.dylib
0x00007ffb21b35000 	/System/Library/PrivateFrameworks/FontServices.framework/libXTFontStaticRegistryData.dylib
0x00007ff827749000 	/System/Library/PrivateFrameworks/AppleVA.framework/Versions/A/AppleVA
0x00007ff829939000 	/System/Library/Frameworks/ApplicationServices.framework/Versions/A/Frameworks/ATS.framework/Versions/A/ATS
0x00007ff8218a6000 	/System/Library/Frameworks/ApplicationServices.framework/Versions/A/Frameworks/HIServices.framework/Versions/A/HIServices
0x00007ff828843000 	/System/Library/Frameworks/ApplicationServices.framework/Versions/A/Frameworks/PrintCore.framework/Versions/A/PrintCore
0x00007ff829cc7000 	/System/Library/Frameworks/ApplicationServices.framework/Versions/A/Frameworks/QD.framework/Versions/A/QD
0x00007ff829cbf000 	/System/Library/Frameworks/ApplicationServices.framework/Versions/A/Frameworks/ColorSyncLegacy.framework/Versions/A/ColorSyncLegacy
0x00007ff829929000 	/System/Library/Frameworks/ApplicationServices.framework/Versions/A/Frameworks/SpeechSynthesis.framework/Versions/A/SpeechSynthesis
0x00007ff828804000 	/System/Library/Frameworks/ApplicationServices.framework/Versions/A/Frameworks/ATSUI.framework/Versions/A/ATSUI
0x00007ff829c54000 	/usr/lib/libcups.2.dylib
0x00007ff82a023000 	/System/Library/Frameworks/Kerberos.framework/Versions/A/Kerberos
0x00007ff82a032000 	/System/Library/Frameworks/GSS.framework/Versions/A/GSS
0x00007ff8299a5000 	/usr/lib/libresolv.9.dylib
0x00007ff827d59000 	/System/Library/PrivateFrameworks/Heimdal.framework/Versions/A/Heimdal
0x00007ff830c1b000 	/System/Library/Frameworks/Kerberos.framework/Versions/A/Libraries/libHeimdalProxy.dylib
0x00007ff822563000 	/System/Library/Frameworks/Network.framework/Versions/A/Network
0x00007ff8277b4000 	/usr/lib/libheimdal-asn1.dylib
0x00007ff82a07d000 	/System/Library/PrivateFrameworks/CommonAuth.framework/Versions/A/CommonAuth
0x00007ff8298ab000 	/System/Library/PrivateFrameworks/AudioSession.framework/Versions/A/AudioSession
0x00007ff827844000 	/System/Library/PrivateFrameworks/MediaExperience.framework/Versions/A/MediaExperience
0x00007ff82973d000 	/System/Library/PrivateFrameworks/AudioSession.framework/libSessionUtility.dylib
0x00007ff829cd3000 	/System/Library/PrivateFrameworks/AudioResourceArbitration.framework/Versions/A/AudioResourceArbitration
0x00007ff82dd54000 	/System/Library/PrivateFrameworks/PowerLog.framework/Versions/A/PowerLog
0x00007ff8277bd000 	/System/Library/PrivateFrameworks/IconFoundation.framework/Versions/A/IconFoundation
0x00007ff82cb0a000 	/System/Library/PrivateFrameworks/SpeechRecognitionCore.framework/Versions/A/SpeechRecognitionCore
0x000000010aaa9000 	/Library/Java/JavaVirtualMachines/jdk-17.jdk/Contents/Home/lib/server/libjvm.dylib
0x0000000109a9d000 	/Library/Java/JavaVirtualMachines/jdk-17.jdk/Contents/Home/lib/libjimage.dylib
0x0000000109b1b000 	/Library/Java/JavaVirtualMachines/jdk-17.jdk/Contents/Home/lib/libjava.dylib
0x000000010a981000 	/Library/Java/JavaVirtualMachines/jdk-17.jdk/Contents/Home/lib/libnio.dylib
0x000000010a9bb000 	/Library/Java/JavaVirtualMachines/jdk-17.jdk/Contents/Home/lib/libnet.dylib
0x000000010a99d000 	/Library/Java/JavaVirtualMachines/jdk-17.jdk/Contents/Home/lib/libzip.dylib
0x000000010a966000 	/Users/estebannajera/.openjfx/cache/13/libprism_es2.dylib
0x00007ff81e6a4000 	/System/Library/PrivateFrameworks/CoreServicesInternal.framework/Versions/A/CoreServicesInternal
0x00007ffa34d86000 	/System/Library/Frameworks/OpenGL.framework/Versions/A/Resources/GLEngine.bundle/GLEngine
0x00007ffa34bec000 	/System/Library/Frameworks/OpenGL.framework/Versions/A/Libraries/libGLProgrammability.dylib
0x00007ffa2d558000 	/System/Library/Extensions/AppleIntelBDWGraphicsGLDriver.bundle/Contents/MacOS/AppleIntelBDWGraphicsGLDriver
0x00007ff92c256000 	/System/Library/PrivateFrameworks/GPUSupport.framework/Versions/A/Libraries/libGPUSupportMercury.dylib
0x00007ffa34f10000 	/System/Library/Frameworks/OpenGL.framework/Versions/A/Resources/GLRendererFloat.bundle/GLRendererFloat
0x00000001106d1000 	/Users/estebannajera/.openjfx/cache/13/libglass.dylib
0x00007ff82e345000 	/System/Library/Frameworks/FileProvider.framework/Versions/A/FileProvider
0x00007ff822346000 	/System/Library/Frameworks/Accounts.framework/Versions/A/Accounts
0x00007ff82e4be000 	/System/Library/PrivateFrameworks/GenerationalStorage.framework/Versions/A/GenerationalStorage
0x00007ff82efcf000 	/System/Library/PrivateFrameworks/CoreSymbolication.framework/Versions/A/CoreSymbolication
0x00007ff82dd49000 	/System/Library/PrivateFrameworks/SymptomDiagnosticReporter.framework/Versions/A/SymptomDiagnosticReporter
0x00007ff81f965000 	/System/Library/PrivateFrameworks/DesktopServicesPriv.framework/Versions/A/DesktopServicesPriv
0x00007ff81e7e3000 	/usr/lib/libsandbox.1.dylib
0x00007ff823692000 	/System/Library/PrivateFrameworks/UserManagement.framework/Versions/A/UserManagement
0x00007ff82ef94000 	/System/Library/PrivateFrameworks/DebugSymbols.framework/Versions/A/DebugSymbols
0x00007ff829cb4000 	/System/Library/PrivateFrameworks/NetAuth.framework/Versions/A/NetAuth
0x00007ff82abc3000 	/System/Library/PrivateFrameworks/Sharing.framework/Versions/A/Sharing
0x00007ff823665000 	/System/Library/PrivateFrameworks/login.framework/Versions/A/Frameworks/loginsupport.framework/Versions/A/loginsupport
0x00007ff830132000 	/System/Library/PrivateFrameworks/Apple80211.framework/Versions/A/Apple80211
0x00007ff82686b000 	/System/Library/PrivateFrameworks/AuthKit.framework/Versions/A/AuthKit
0x00007ff825ec0000 	/System/Library/PrivateFrameworks/CoreUtils.framework/Versions/A/CoreUtils
0x00007ff825de7000 	/System/Library/Frameworks/CoreWLAN.framework/Versions/A/CoreWLAN
0x00007ff82ad22000 	/System/Library/Frameworks/IOBluetooth.framework/Versions/A/IOBluetooth
0x00007ff83019a000 	/System/Library/PrivateFrameworks/CoreWiFi.framework/Versions/A/CoreWiFi
0x00007ff82eb68000 	/System/Library/PrivateFrameworks/FrontBoardServices.framework/Versions/A/FrontBoardServices
0x00007ff82ebf9000 	/System/Library/PrivateFrameworks/BoardServices.framework/Versions/A/BoardServices
0x00007ff8260cf000 	/System/Library/PrivateFrameworks/AssertionServices.framework/Versions/A/AssertionServices
0x00007ff83031d000 	/System/Library/PrivateFrameworks/BackBoardServices.framework/Versions/A/BackBoardServices
0x00007ff82a10e000 	/System/Library/PrivateFrameworks/CorePhoneNumbers.framework/Versions/A/CorePhoneNumbers
0x00007ff8299d2000 	/System/Library/PrivateFrameworks/MultiverseSupport.framework/Versions/A/MultiverseSupport
0x00007ff830591000 	/System/Library/PrivateFrameworks/RemoteServiceDiscovery.framework/Versions/A/RemoteServiceDiscovery
0x00007ff82de66000 	/System/Library/PrivateFrameworks/DiskManagement.framework/Versions/A/DiskManagement
0x00007ff82dd7a000 	/System/Library/PrivateFrameworks/AppleIDAuthSupport.framework/Versions/A/AppleIDAuthSupport
0x00007ffb1c4af000 	/System/Library/PrivateFrameworks/AAAFoundation.framework/Versions/A/AAAFoundation
0x00007ff82a0ef000 	/System/Library/PrivateFrameworks/KeychainCircle.framework/Versions/A/KeychainCircle
0x00007ff8305a1000 	/System/Library/PrivateFrameworks/RemoteXPC.framework/Versions/A/RemoteXPC
0x00007ff82de32000 	/System/Library/PrivateFrameworks/MediaKit.framework/Versions/A/MediaKit
0x00007ff82dd86000 	/System/Library/Frameworks/DiscRecording.framework/Versions/A/DiscRecording
0x00007ff8276c1000 	/usr/lib/libCoreStorage.dylib
0x00007ff83060c000 	/usr/lib/libcsfde.dylib
0x00007ff82adef000 	/System/Library/PrivateFrameworks/ProtectedCloudStorage.framework/Versions/A/ProtectedCloudStorage
0x00007ff830608000 	/System/Library/PrivateFrameworks/EFILogin.framework/Versions/A/EFILogin
0x00007ff82e4e4000 	/System/Library/PrivateFrameworks/OctagonTrust.framework/Versions/A/OctagonTrust
0x00007ffb20d97000 	/System/Library/PrivateFrameworks/CoreUtilsExtras.framework/Versions/A/CoreUtilsExtras
0x00007ff82dcad000 	/System/Library/Frameworks/CoreBluetooth.framework/Versions/A/CoreBluetooth
0x00007ff830ca0000 	/System/Library/Frameworks/AudioUnit.framework/Versions/A/AudioUnit
0x00007ff8276b9000 	/usr/lib/libMatch.1.dylib
0x00007ff9266df000 	/System/Library/Frameworks/Accelerate.framework/Versions/A/Frameworks/vImage.framework/Versions/A/Libraries/libCGInterfaces.dylib
0x0000000110b12000 	/usr/lib/libobjc-trampolines.dylib
0x00007ff82338a000 	/System/Library/PrivateFrameworks/ViewBridge.framework/Versions/A/ViewBridge
0x0000000173315000 	/Users/estebannajera/.openjfx/cache/13/libjavafx_font.dylib
0x00007ff827e11000 	/System/Library/PrivateFrameworks/login.framework/Versions/A/login
0x00007ffb34629000 	/usr/lib/libRosetta.dylib
0x00007ff82d226000 	/System/Library/PrivateFrameworks/SystemAdministration.framework/Versions/A/SystemAdministration
0x00007ff828a6d000 	/System/Library/Frameworks/MediaToolbox.framework/Versions/A/MediaToolbox
0x00007ff82cad6000 	/System/Library/Frameworks/DirectoryService.framework/Versions/A/DirectoryService
0x00007ff8304a9000 	/System/Library/PrivateFrameworks/DiskImages.framework/Versions/A/DiskImages
0x00007ff826177000 	/System/Library/Frameworks/ServiceManagement.framework/Versions/A/ServiceManagement
0x00007ff830689000 	/System/Library/PrivateFrameworks/LoginUIKit.framework/Versions/A/Frameworks/LoginUICore.framework/Versions/A/LoginUICore
0x00007ff827fba000 	/usr/lib/libodfde.dylib
0x00007ff82e315000 	/System/Library/PrivateFrameworks/CoreAVCHD.framework/Versions/A/CoreAVCHD
0x00007ff82d1ea000 	/System/Library/Frameworks/MediaAccessibility.framework/Versions/A/MediaAccessibility
0x00007ff82e311000 	/System/Library/PrivateFrameworks/Mangrove.framework/Versions/A/Mangrove
0x00007ff82d1f5000 	/System/Library/PrivateFrameworks/AlgosScoreFramework.framework/Versions/A/AlgosScoreFramework
0x00007ffb1e08b000 	/System/Library/PrivateFrameworks/CMPhoto.framework/Versions/A/CMPhoto
0x00007ff82ee6a000 	/System/Library/PrivateFrameworks/AppleVPA.framework/Versions/A/AppleVPA
0x00007ff82df56000 	/System/Library/PrivateFrameworks/CoreAUC.framework/Versions/A/CoreAUC
0x00007ff830618000 	/usr/lib/libcurl.4.dylib
0x00007ffb34a95000 	/usr/lib/libcrypto.46.dylib
0x00007ffb34f8a000 	/usr/lib/libssl.48.dylib
0x00007ff83033b000 	/System/Library/Frameworks/LDAP.framework/Versions/A/LDAP
0x00007ff830373000 	/System/Library/PrivateFrameworks/TrustEvaluationAgent.framework/Versions/A/TrustEvaluationAgent
0x00007ff8299be000 	/usr/lib/libsasl2.2.dylib
0x00007ff82d21a000 	/System/Library/PrivateFrameworks/CoreDaemon.framework/Versions/B/CoreDaemon
0x00007ff82d215000 	/System/Library/PrivateFrameworks/AppleSRP.framework/Versions/A/AppleSRP
0x0000000177e3a000 	/Users/estebannajera/.openjfx/cache/13/libjavafx_iio.dylib


VM Arguments:
jvm_args: --module-path=/Users/estebannajera/Desktop/tarea-programacion-iii-2023/evacomuna/target/classes:/Users/estebannajera/.m2/repository/commons-io/commons-io/2.11.0/commons-io-2.11.0.jar:/Users/estebannajera/.m2/repository/io/github/typhon0/AnimateFX/1.2.4/AnimateFX-1.2.4.jar:/Users/estebannajera/.m2/repository/jakarta/activation/jakarta.activation-api/2.1.2/jakarta.activation-api-2.1.2.jar:/Users/estebannajera/.m2/repository/jakarta/xml/bind/jakarta.xml.bind-api/4.0.0/jakarta.xml.bind-api-4.0.0.jar:/Users/estebannajera/.m2/repository/jakarta/xml/soap/jakarta.xml.soap-api/3.0.0/jakarta.xml.soap-api-3.0.0.jar:/Users/estebannajera/.m2/repository/jakarta/xml/ws/jakarta.xml.ws-api/4.0.0/jakarta.xml.ws-api-4.0.0.jar:/Users/estebannajera/.m2/repository/org/apache/commons/commons-compress/1.20/commons-compress-1.20.jar:/Users/estebannajera/.m2/repository/org/controlsfx/controlsfx/11.1.2/controlsfx-11.1.2.jar:/Users/estebannajera/.m2/repository/org/openjfx/javafx-base/13/javafx-base-13-mac.jar:/Users/estebannajera/.m2/repository/org/openjfx/javafx-controls/13/javafx-controls-13-mac.jar:/Users/estebannajera/.m2/repository/org/openjfx/javafx-fxml/13/javafx-fxml-13-mac.jar:/Users/estebannajera/.m2/repository/org/openjfx/javafx-graphics/13/javafx-graphics-13-mac.jar --add-modules=Evacomuna -Djdk.module.main=Evacomuna 
java_command: Evacomuna/cr.ac.una.evacomuna.App
java_class_path (initial): /Users/estebannajera/.m2/repository/com/fasterxml/woodstox/woodstox-core/6.5.0/woodstox-core-6.5.0.jar:/Users/estebannajera/.m2/repository/com/sun/xml/bind/jaxb-core/4.0.2/jaxb-core-4.0.2.jar:/Users/estebannajera/.m2/repository/com/sun/xml/bind/jaxb-impl/4.0.2/jaxb-impl-4.0.2.jar:/Users/estebannajera/.m2/repository/com/sun/xml/fastinfoset/FastInfoset/2.1.0/FastInfoset-2.1.0.jar:/Users/estebannajera/.m2/repository/com/sun/xml/messaging/saaj/saaj-impl/3.0.0/saaj-impl-3.0.0.jar:/Users/estebannajera/.m2/repository/com/sun/xml/stream/buffer/streambuffer/2.1.0/streambuffer-2.1.0.jar:/Users/estebannajera/.m2/repository/com/sun/xml/ws/jaxws-rt/4.0.1/jaxws-rt-4.0.1.jar:/Users/estebannajera/.m2/repository/jakarta/annotation/jakarta.annotation-api/2.1.1/jakarta.annotation-api-2.1.1.jar:/Users/estebannajera/.m2/repository/jakarta/mail/jakarta.mail-api/2.1.1/jakarta.mail-api-2.1.1.jar:/Users/estebannajera/.m2/repository/org/codehaus/woodstox/stax2-api/4.2.1/stax2-api-4.2.1.jar:/Users/estebannajera/.m2/repository/org/eclipse/angus/angus-activation/2.0.0/angus-activation-2.0.0.jar:/Users/estebannajera/.m2/repository/org/eclipse/angus/angus-mail/2.0.1/angus-mail-2.0.1.jar:/Users/estebannajera/.m2/repository/org/glassfish/external/management-api/3.2.3/management-api-3.2.3.jar:/Users/estebannajera/.m2/repository/org/glassfish/gmbal/gmbal-api-only/4.0.3/gmbal-api-only-4.0.3.jar:/Users/estebannajera/.m2/repository/org/glassfish/ha/ha-api/3.1.13/ha-api-3.1.13.jar:/Users/estebannajera/.m2/repository/org/jvnet/mimepull/mimepull/1.10.0/mimepull-1.10.0.jar:/Users/estebannajera/.m2/repository/org/jvnet/staxex/stax-ex/2.1.0/stax-ex-2.1.0.jar:/Users/estebannajera/.m2/repository/org/openjfx/javafx-base/13/javafx-base-13.jar:/Users/estebannajera/.m2/repository/org/openjfx/javafx-controls/13/javafx-controls-13.jar:/Users/estebannajera/.m2/repository/org/openjfx/javafx-fxml/13/javafx-fxml-13.jar:/Users/estebannajera/.m2/repository/org/openjfx/javafx-graphics/13/javafx-
Launcher Type: SUN_STANDARD

[Global flags]
     intx CICompilerCount                          = 3                                         {product} {ergonomic}
     uint ConcGCThreads                            = 1                                         {product} {ergonomic}
     uint G1ConcRefinementThreads                  = 4                                         {product} {ergonomic}
   size_t G1HeapRegionSize                         = 1048576                                   {product} {ergonomic}
    uintx GCDrainStackTargetSize                   = 64                                        {product} {ergonomic}
   size_t InitialHeapSize                          = 134217728                                 {product} {ergonomic}
   size_t MarkStackSize                            = 4194304                                   {product} {ergonomic}
   size_t MaxHeapSize                              = 2147483648                                {product} {ergonomic}
   size_t MaxNewSize                               = 1287651328                                {product} {ergonomic}
   size_t MinHeapDeltaBytes                        = 1048576                                   {product} {ergonomic}
   size_t MinHeapSize                              = 8388608                                   {product} {ergonomic}
    uintx NonNMethodCodeHeapSize                   = 5832780                                {pd product} {ergonomic}
    uintx NonProfiledCodeHeapSize                  = 122912730                              {pd product} {ergonomic}
    uintx ProfiledCodeHeapSize                     = 122912730                              {pd product} {ergonomic}
    uintx ReservedCodeCacheSize                    = 251658240                              {pd product} {ergonomic}
     bool SegmentedCodeCache                       = true                                      {product} {ergonomic}
   size_t SoftMaxHeapSize                          = 2147483648                             {manageable} {ergonomic}
     bool UseCompressedClassPointers               = true                           {product lp64_product} {ergonomic}
     bool UseCompressedOops                        = true                           {product lp64_product} {ergonomic}
     bool UseG1GC                                  = true                                      {product} {ergonomic}
     bool UseNUMA                                  = false                                     {product} {ergonomic}
     bool UseNUMAInterleaving                      = false                                     {product} {ergonomic}

Logging:
Log output configuration:
 #0: stdout all=warning uptime,level,tags
 #1: stderr all=off uptime,level,tags

Environment Variables:
JAVA_HOME=/Library/Java/JavaVirtualMachines/jdk-17.jdk/Contents/Home
PATH=/usr/bin:/bin:/usr/sbin:/sbin
SHELL=/bin/zsh
LC_CTYPE=UTF-8

Signal Handlers:
   SIGSEGV: _ZL13crash_handleriP9__siginfoPv in libjvm.dylib, mask=11100110000111110111111111111111, flags=SA_RESTART|SA_SIGINFO
    SIGBUS: _ZL13crash_handleriP9__siginfoPv in libjvm.dylib, mask=11100110000111110111111111111111, flags=SA_RESTART|SA_SIGINFO
    SIGFPE: _ZL13crash_handleriP9__siginfoPv in libjvm.dylib, mask=11100110000111110111111111111111, flags=SA_RESTART|SA_SIGINFO
   SIGPIPE: _ZL17javaSignalHandleriP9__siginfoPv in libjvm.dylib, mask=11100110000111110111111111111111, flags=SA_RESTART|SA_SIGINFO
   SIGXFSZ: _ZL17javaSignalHandleriP9__siginfoPv in libjvm.dylib, mask=11100110000111110111111111111111, flags=SA_RESTART|SA_SIGINFO
    SIGILL: _ZL13crash_handleriP9__siginfoPv in libjvm.dylib, mask=11100110000111110111111111111111, flags=SA_RESTART|SA_SIGINFO
   SIGUSR2: _ZL10SR_handleriP9__siginfoP17__darwin_ucontext in libjvm.dylib, mask=00100000000000000000000000000000, flags=SA_RESTART|SA_SIGINFO
    SIGHUP: _ZL11UserHandleriPvS_ in libjvm.dylib, mask=11100110000111110111111111111111, flags=SA_RESTART|SA_SIGINFO
    SIGINT: SIG_IGN, mask=00000000000000000000000000000000, flags=none
   SIGTERM: _ZL11UserHandleriPvS_ in libjvm.dylib, mask=11100110000111110111111111111111, flags=SA_RESTART|SA_SIGINFO
   SIGQUIT: _ZL11UserHandleriPvS_ in libjvm.dylib, mask=11100110000111110111111111111111, flags=SA_RESTART|SA_SIGINFO
   SIGTRAP: _ZL13crash_handleriP9__siginfoPv in libjvm.dylib, mask=11100110000111110111111111111111, flags=SA_RESTART|SA_SIGINFO


---------------  S Y S T E M  ---------------

OS:
uname: Darwin 21.6.0 Darwin Kernel Version 21.6.0: Thu Mar  9 20:08:59 PST 2023; root:xnu-8020.240.18.700.8~1/RELEASE_X86_64 x86_64
OS uptime: 1 days 13:44 hours
rlimit (soft/hard): STACK 8192k/65532k , CORE 0k/infinity , NPROC 1392/2088 , NOFILE 10240/infinity , AS infinity/infinity , CPU infinity/infinity , DATA infinity/infinity , FSIZE infinity/infinity , MEMLOCK infinity/infinity , RSS infinity/infinity
load average: 2.59 3.08 3.07

CPU: total 4 (initial active 4) (2 cores per cpu, 2 threads per core) family 6 model 61 stepping 4 microcode 0x2f, cx8, cmov, fxsr, ht, mmx, 3dnowpref, sse, sse2, sse3, ssse3, sse4.1, sse4.2, popcnt, lzcnt, tsc, tscinvbit, avx, avx2, aes, erms, clmul, bmi1, bmi2, rtm, adx, fma, vzeroupper, clflush

Memory: 4k page, physical 8388608k(33168k free), swap 4194304k(393472k free)

vm_info: Java HotSpot(TM) 64-Bit Server VM (17.0.8+9-LTS-211) for bsd-amd64 JRE (17.0.8+9-LTS-211), built on Jun 14 2023 09:35:19 by "mach5one" with clang Apple LLVM 12.0.0 (clang-1200.0.32.29)

END.
