#
# A fatal error has been detected by the Java Runtime Environment:
#
#  SIGSEGV (0xb) at pc=0x0000000101b916c2, pid=28453, tid=29443
#
# JRE version: Java(TM) SE Runtime Environment (17.0.8+9) (build 17.0.8+9-LTS-211)
# Java VM: Java HotSpot(TM) 64-Bit Server VM (17.0.8+9-LTS-211, mixed mode, sharing, tiered, compressed oops, compressed class ptrs, g1 gc, bsd-amd64)
# Problematic frame:
# V  [libjvm.dylib+0x5606c2]  jni_DeleteGlobalRef+0x32
#
# No core dump will be written. Core dumps have been disabled. To enable core dumping, try "ulimit -c unlimited" before starting Java again
#
# If you would like to submit a bug report, please visit:
#   https://bugreport.java.com/bugreport/crash.jsp
# The crash happened outside the Java Virtual Machine in native code.
# See problematic frame for where to report the bug.
#

---------------  S U M M A R Y ------------

Command Line: --module-path=/Users/estebannajera/Desktop/tarea-programacion-iii-2023/evacomuna/target/classes:/Users/estebannajera/.m2/repository/commons-io/commons-io/2.11.0/commons-io-2.11.0.jar:/Users/estebannajera/.m2/repository/io/github/typhon0/AnimateFX/1.2.4/AnimateFX-1.2.4.jar:/Users/estebannajera/.m2/repository/jakarta/activation/jakarta.activation-api/2.1.2/jakarta.activation-api-2.1.2.jar:/Users/estebannajera/.m2/repository/jakarta/xml/bind/jakarta.xml.bind-api/4.0.0/jakarta.xml.bind-api-4.0.0.jar:/Users/estebannajera/.m2/repository/jakarta/xml/soap/jakarta.xml.soap-api/3.0.0/jakarta.xml.soap-api-3.0.0.jar:/Users/estebannajera/.m2/repository/jakarta/xml/ws/jakarta.xml.ws-api/4.0.0/jakarta.xml.ws-api-4.0.0.jar:/Users/estebannajera/.m2/repository/org/apache/commons/commons-compress/1.20/commons-compress-1.20.jar:/Users/estebannajera/.m2/repository/org/controlsfx/controlsfx/11.1.2/controlsfx-11.1.2.jar:/Users/estebannajera/.m2/repository/org/openjfx/javafx-base/13/javafx-base-13-mac.jar:/Users/estebannajera/.m2/repository/org/openjfx/javafx-controls/13/javafx-controls-13-mac.jar:/Users/estebannajera/.m2/repository/org/openjfx/javafx-fxml/13/javafx-fxml-13-mac.jar:/Users/estebannajera/.m2/repository/org/openjfx/javafx-graphics/13/javafx-graphics-13-mac.jar --add-modules=Evacomuna -Djdk.module.main=Evacomuna Evacomuna/cr.ac.una.evacomuna.App

Host: "MacBookAir7,2" x86_64 2200 MHz, 4 cores, 8G, Darwin 21.6.0, macOS 12.6.5 (21G531)
Time: Thu Sep 21 09:58:14 2023 CST elapsed time: 27.906318 seconds (0d 0h 0m 27s)

---------------  T H R E A D  ---------------

Current thread (0x00007fe2c90dc600):  JavaThread "InvokeLaterDispatcher" daemon [_thread_in_native, id=29443, stack(0x0000700009481000,0x0000700009581000)]

Stack: [0x0000700009481000,0x0000700009581000],  sp=0x0000700009580950,  free space=1022k
Native frames: (J=compiled Java code, j=interpreted, Vv=VM code, C=native code)
V  [libjvm.dylib+0x5606c2]  jni_DeleteGlobalRef+0x32
C  [libglass.dylib+0x8e55]  -[GlassRunnable dealloc]+0x35
C  [Foundation+0x818be]  -[_NSThreadPerformInfo dealloc]+0x2a
C  [Foundation+0x4e446]  -[NSObject(NSThreadPerformAdditions) performSelectorOnMainThread:withObject:waitUntilDone:]+0x7c
J 4225  com.sun.glass.ui.mac.MacApplication._submitForLaterInvocation(Ljava/lang/Runnable;)V javafx.graphics (0 bytes) @ 0x0000000118d608e7 [0x0000000118d60820+0x00000000000000c7]
J 6120 c1 com.sun.glass.ui.mac.MacApplication.submitForLaterInvocation(Ljava/lang/Runnable;)V javafx.graphics (6 bytes) @ 0x0000000111d45c34 [0x0000000111d45bc0+0x0000000000000074]
j  com.sun.glass.ui.InvokeLaterDispatcher.run()V+82 javafx.graphics
v  ~StubRoutines::call_stub
V  [libjvm.dylib+0x508331]  _ZN9JavaCalls11call_helperEP9JavaValueRK12methodHandleP17JavaCallArgumentsP10JavaThread+0x2a1
V  [libjvm.dylib+0x5073a7]  _ZN9JavaCalls12call_virtualEP9JavaValueP5KlassP6SymbolS5_P17JavaCallArgumentsP10JavaThread+0x147
V  [libjvm.dylib+0x507473]  _ZN9JavaCalls12call_virtualEP9JavaValue6HandleP5KlassP6SymbolS6_P10JavaThread+0x63
V  [libjvm.dylib+0x5af1e4]  _ZL12thread_entryP10JavaThreadS0_+0xb4
V  [libjvm.dylib+0x9fce87]  _ZN10JavaThread17thread_main_innerEv+0x147
V  [libjvm.dylib+0x9fb46a]  _ZN6Thread8call_runEv+0x11a
V  [libjvm.dylib+0x88b5e8]  _ZL19thread_native_entryP6Thread+0x148
C  [libsystem_pthread.dylib+0x64e1]  _pthread_start+0x7d
C  [libsystem_pthread.dylib+0x1f6b]  thread_start+0xf

Java frames: (J=compiled Java code, j=interpreted, Vv=VM code)
J 4225  com.sun.glass.ui.mac.MacApplication._submitForLaterInvocation(Ljava/lang/Runnable;)V javafx.graphics (0 bytes) @ 0x0000000118d60874 [0x0000000118d60820+0x0000000000000054]
J 6120 c1 com.sun.glass.ui.mac.MacApplication.submitForLaterInvocation(Ljava/lang/Runnable;)V javafx.graphics (6 bytes) @ 0x0000000111d45c34 [0x0000000111d45bc0+0x0000000000000074]
j  com.sun.glass.ui.InvokeLaterDispatcher.run()V+82 javafx.graphics
v  ~StubRoutines::call_stub

siginfo: si_signo: 11 (SIGSEGV), si_code: 1 (SEGV_MAPERR), si_addr: 0x0000000000000338

Register to memory mapping:

RAX=0x000000000000dead is an unknown value
RBX=0x00006000032139b0 points into unknown readable memory: 0x001d8001091e2181 | 81 21 1e 09 01 80 1d 00
RCX=0x0000000000000008 is an unknown value
RDX=0x0100000000000000 is an unknown value
RSP=0x0000700009580950 is pointing into the stack for thread: 0x00007fe2c90dc600
RBP=0x0000700009580970 is pointing into the stack for thread: 0x00007fe2c90dc600
RSI=0x00007fe2cab06d18 is a global jni handle
RDI=0x00007fe2ca226e00 points into unknown readable memory: 0x0000000102284398 | 98 43 28 02 01 00 00 00
R8 =0x00000000000130a8 is an unknown value
R9 =0x0 is NULL
R10=0x00000001091e2180: OBJC_CLASS_$_GlassRunnable+0 in /Users/estebannajera/.openjfx/cache/13/libglass.dylib at 0x000000010919e000
R11=0x00000001091a6e20: -[GlassRunnable dealloc]+0 in /Users/estebannajera/.openjfx/cache/13/libglass.dylib at 0x000000010919e000
R12=0x00007ff8361921d0 points into unknown readable memory: 0x6c616564006e7572 | 72 75 6e 00 64 65 61 6c
R13=0x00006000032139b0 points into unknown readable memory: 0x001d8001091e2181 | 81 21 1e 09 01 80 1d 00
R14=0x00007fe2cab06d18 is a global jni handle
R15=0x0 is NULL


Registers:
RAX=0x000000000000dead, RBX=0x00006000032139b0, RCX=0x0000000000000008, RDX=0x0100000000000000
RSP=0x0000700009580950, RBP=0x0000700009580970, RSI=0x00007fe2cab06d18, RDI=0x00007fe2ca226e00
R8 =0x00000000000130a8, R9 =0x0000000000000000, R10=0x00000001091e2180, R11=0x00000001091a6e20
R12=0x00007ff8361921d0, R13=0x00006000032139b0, R14=0x00007fe2cab06d18, R15=0x0000000000000000
RIP=0x0000000101b916c2, EFLAGS=0x0000000000010246, ERR=0x0000000000000006
  TRAPNO=0x000000000000000e

Top of Stack: (sp=0x0000700009580950)
0x0000700009580950:   00000001022930c0 00006000032139b0
0x0000700009580960:   00006000032139b8 0000000000000000
0x0000700009580970:   00007000095809a0 00000001091a6e55
0x0000700009580980:   0000000000000000 0000600003213cf0
0x0000700009580990:   0000600002b2a9c0 00007ff81bc08000
0x00007000095809a0:   00007000095809e0 00007ff81ccb68be
0x00007000095809b0:   00006000032139b0 0000600003213cf0
0x00007000095809c0:   00007ff8361921d0 e3feb8e650ae00d3
0x00007000095809d0:   0000600003213cf0 00007ff81bc05400
0x00007000095809e0:   0000700009580a30 00007ff81cc83446
0x00007000095809f0:   0000600003213cf0 00006000032139b0
0x0000700009580a00:   0000000009580a30 00000001632b91a8
0x0000700009580a10:   0000000000000000 0000700009580ad8
0x0000700009580a20:   000000012202ba18 00007fe2c90dc600
0x0000700009580a30:   0000700009580a80 0000000118d608e7
0x0000700009580a40:   000000078168f140 00000007847b8300
0x0000700009580a50:   00007fe2c90dc600 000000016250ff6e
0x0000700009580a60:   0000000784106630 000000016259afc8
0x0000700009580a70:   0000700009580b40 000000011190ac6d
0x0000700009580a80:   0000700009580b40 0000000111d45c34
0x0000700009580a90:   000000078000ead8 0000000784106630
0x0000700009580aa0:   0000700009580b78 00007fe2c90dc600
0x0000700009580ab0:   0000700009580b40 000000011862242b
0x0000700009580ac0:   0000700009580b40 000000011862288f
0x0000700009580ad0:   000000011862288f 00000007847b8300
0x0000700009580ae0:   000000078168f140 0000000000000003
0x0000700009580af0:   0000000000000000 0000700009580ae8
0x0000700009580b00:   000000016250ff62 0000700009580b78
0x0000700009580b10:   00000001625189c0 0000000000000000
0x0000700009580b20:   00000007820838a8 0000000162518498
0x0000700009580b30:   0000700009580ad8 0000700009580b78
0x0000700009580b40:   0000700009580be0 0000000118619cc9 

Instructions: (pc=0x0000000101b916c2)
0x0000000101b915c2:   83 ff f8 72 18 48 8d 15 47 7a 59 00 be 08 00 00
0x0000000101b915d2:   00 4c 89 ff e8 35 7a bf ff 49 8b 7f 18 48 8d 47
0x0000000101b915e2:   08 49 3b 47 20 76 14 be 08 00 00 00 4c 89 ff 31
0x0000000101b915f2:   d2 e8 48 7a bf ff 48 89 c7 eb 04 49 89 47 18 4c
0x0000000101b91602:   89 37 be 01 00 00 00 e8 42 8f 03 00 49 89 c6 48
0x0000000101b91612:   83 7d c8 00 74 09 48 8d 7d c0 e8 ff f6 36 00 49
0x0000000101b91622:   8b 9c 24 e8 00 00 00 48 8b 43 10 48 83 38 00 74
0x0000000101b91632:   0c 48 89 df e8 a5 76 f4 ff 48 8b 43 10 48 8b 4b
0x0000000101b91642:   08 48 89 41 10 48 8b 43 08 48 8b 4b 18 48 89 48
0x0000000101b91652:   18 48 8b 43 08 48 8b 4b 20 48 89 48 20 49 8d bc
0x0000000101b91662:   24 88 02 00 00 4c 89 e6 e8 41 32 e9 ff 41 c7 84
0x0000000101b91672:   24 38 03 00 00 04 00 00 00 4c 89 f0 48 83 c4 20
0x0000000101b91682:   5b 41 5c 41 5e 41 5f 5d c3 0f 1f 44 00 00 55 48
0x0000000101b91692:   89 e5 41 57 41 56 53 50 49 89 ff b8 55 21 ff ff
0x0000000101b916a2:   03 87 b8 00 00 00 49 89 f6 49 81 c7 58 fd ff ff
0x0000000101b916b2:   83 f8 02 72 0b 4c 89 ff e8 81 c3 49 00 45 31 ff
0x0000000101b916c2:   41 c7 87 38 03 00 00 05 00 00 00 f0 83 04 24 00
0x0000000101b916d2:   49 8b 87 40 03 00 00 48 a9 01 00 00 00 74 0d 4c
0x0000000101b916e2:   89 ff be 01 00 00 00 e8 32 c3 3b 00 41 83 bf 2c
0x0000000101b916f2:   03 00 00 00 75 0d 41 f7 87 28 03 00 00 0c 00 00
0x0000000101b91702:   00 74 0a 4c 89 ff 31 f6 e8 71 da 49 00 41 c7 87
0x0000000101b91712:   38 03 00 00 06 00 00 00 4c 89 f7 e8 9e 8f 03 00
0x0000000101b91722:   49 8b 9f e8 00 00 00 48 8b 43 10 48 83 38 00 74
0x0000000101b91732:   0c 48 89 df e8 a5 75 f4 ff 48 8b 43 10 48 8b 4b
0x0000000101b91742:   08 48 89 41 10 48 8b 43 08 48 8b 4b 18 48 89 48
0x0000000101b91752:   18 48 8b 43 08 48 8b 4b 20 48 89 48 20 49 8d bf
0x0000000101b91762:   88 02 00 00 4c 89 fe e8 42 31 e9 ff 41 c7 87 38
0x0000000101b91772:   03 00 00 04 00 00 00 48 83 c4 08 5b 41 5e 41 5f
0x0000000101b91782:   5d c3 66 2e 0f 1f 84 00 00 00 00 00 66 90 55 48
0x0000000101b91792:   89 e5 41 57 41 56 53 50 49 89 ff b8 55 21 ff ff
0x0000000101b917a2:   03 87 b8 00 00 00 49 89 f6 49 81 c7 58 fd ff ff
0x0000000101b917b2:   83 f8 02 72 0b 4c 89 ff e8 81 c2 49 00 45 31 ff 


Stack slot to memory mapping:
stack at sp + 0 slots: 0x00000001022930c0: jni_NativeInterface+0 in /Library/Java/JavaVirtualMachines/jdk-17.jdk/Contents/Home/lib/server/libjvm.dylib at 0x0000000101631000
stack at sp + 1 slots: 0x00006000032139b0 points into unknown readable memory: 0x001d8001091e2181 | 81 21 1e 09 01 80 1d 00
stack at sp + 2 slots: 0x00006000032139b8 points into unknown readable memory: 0x00007fe2cab06d18 | 18 6d b0 ca e2 7f 00 00
stack at sp + 3 slots: 0x0 is NULL
stack at sp + 4 slots: 0x00007000095809a0 is pointing into the stack for thread: 0x00007fe2c90dc600
stack at sp + 5 slots: 0x00000001091a6e55: -[GlassRunnable dealloc]+0x35 in /Users/estebannajera/.openjfx/cache/13/libglass.dylib at 0x000000010919e000
stack at sp + 6 slots: 0x0 is NULL
stack at sp + 7 slots: 0x0000600003213cf0 points into unknown readable memory: 0x011dfff85d32e491 | 91 e4 32 5d f8 ff 1d 01


---------------  P R O C E S S  ---------------

Threads class SMR info:
_java_thread_list=0x000060000306b100, length=15, elements={
0x00007fe2c980c600, 0x00007fe2ca066c00, 0x00007fe2c900d000, 0x00007fe2ca06d400,
0x00007fe2cb025600, 0x00007fe2cb026a00, 0x00007fe2c9040e00, 0x00007fe2ca06da00,
0x00007fe2cb028a00, 0x00007fe2ca072c00, 0x00007fe2c90dc600, 0x00007fe2ca7e8600,
0x00007fe2ca7db000, 0x00007fe2ca229400, 0x00007fe2ca0d1600
}

Java Threads: ( => current thread )
  0x00007fe2c980c600 JavaThread "Reference Handler" daemon [_thread_blocked, id=16387, stack(0x0000700008551000,0x0000700008651000)]
  0x00007fe2ca066c00 JavaThread "Finalizer" daemon [_thread_blocked, id=17667, stack(0x0000700008654000,0x0000700008754000)]
  0x00007fe2c900d000 JavaThread "Signal Dispatcher" daemon [_thread_blocked, id=43011, stack(0x000070000885d000,0x000070000895d000)]
  0x00007fe2ca06d400 JavaThread "Service Thread" daemon [_thread_blocked, id=23811, stack(0x0000700008960000,0x0000700008a60000)]
  0x00007fe2cb025600 JavaThread "Monitor Deflation Thread" daemon [_thread_blocked, id=42755, stack(0x0000700008a63000,0x0000700008b63000)]
  0x00007fe2cb026a00 JavaThread "C2 CompilerThread0" daemon [_thread_in_native, id=42243, stack(0x0000700008b66000,0x0000700008c66000)]
  0x00007fe2c9040e00 JavaThread "C1 CompilerThread0" daemon [_thread_blocked, id=41731, stack(0x0000700008c69000,0x0000700008d69000)]
  0x00007fe2ca06da00 JavaThread "Sweeper thread" daemon [_thread_blocked, id=24323, stack(0x0000700008d6c000,0x0000700008e6c000)]
  0x00007fe2cb028a00 JavaThread "Common-Cleaner" daemon [_thread_blocked, id=40963, stack(0x0000700008e6f000,0x0000700008f6f000)]
  0x00007fe2ca072c00 JavaThread "Notification Thread" daemon [_thread_blocked, id=24579, stack(0x0000700008f72000,0x0000700009072000)]
=>0x00007fe2c90dc600 JavaThread "InvokeLaterDispatcher" daemon [_thread_in_native, id=29443, stack(0x0000700009481000,0x0000700009581000)]
  0x00007fe2ca7e8600 JavaThread "Prism Font Disposer" daemon [_thread_blocked, id=57355, stack(0x0000700009c9f000,0x0000700009d9f000)]
  0x00007fe2ca7db000 JavaThread "Cleaner-0" daemon [_thread_blocked, id=58375, stack(0x0000700009da2000,0x0000700009ea2000)]
  0x00007fe2ca229400 JavaThread "PulseTimer-CVDisplayLink thread" daemon [_thread_in_native, id=52595, stack(0x000070000978d000,0x000070000980d000)]
  0x00007fe2ca0d1600 JavaThread "DestroyJavaVM" [_thread_blocked, id=6147, stack(0x0000700007e3c000,0x0000700007f3c000)]

Other Threads:
  0x00007fe2ca807ed0 VMThread "VM Thread" [stack: 0x000070000844e000,0x000070000854e000] [id=15875]
  0x00007fe2c8f0b400 WatcherThread [stack: 0x0000700009075000,0x0000700009175000] [id=24835]
  0x00007fe2ca805e90 GCTaskThread "GC Thread#0" [stack: 0x0000700007f3f000,0x000070000803f000] [id=19715]
  0x00007fe2ca8258c0 GCTaskThread "GC Thread#1" [stack: 0x000070000927b000,0x000070000937b000] [id=35847]
  0x00007fe2ca825d30 GCTaskThread "GC Thread#2" [stack: 0x000070000937e000,0x000070000947e000] [id=28931]
  0x00007fe2cab1cc20 GCTaskThread "GC Thread#3" [stack: 0x0000700009893000,0x0000700009993000] [id=83207]
  0x00007fe2ca806530 ConcurrentGCThread "G1 Main Marker" [stack: 0x0000700008042000,0x0000700008142000] [id=12547]
  0x00007fe2ca806db0 ConcurrentGCThread "G1 Conc#0" [stack: 0x0000700008145000,0x0000700008245000] [id=13059]
  0x00007fe2caa053d0 ConcurrentGCThread "G1 Refine#0" [stack: 0x0000700008248000,0x0000700008348000] [id=13827]
  0x00007fe2c8f2b330 ConcurrentGCThread "G1 Refine#1" [stack: 0x0000700009996000,0x0000700009a96000] [id=74499]
  0x00007fe2c8f2b600 ConcurrentGCThread "G1 Refine#2" [stack: 0x0000700009a99000,0x0000700009b99000] [id=55299]
  0x00007fe2caa05c60 ConcurrentGCThread "G1 Service" [stack: 0x000070000834b000,0x000070000844b000] [id=14339]

Threads with active compile tasks:
C2 CompilerThread0    27930 6144   !   4       javafx.scene.CssStyleHelper::transitionToState (1018 bytes)

VM state: not at safepoint (normal execution)

VM Mutex/Monitor currently owned by a thread: None

Heap address: 0x0000000780000000, size: 2048 MB, Compressed Oops mode: Zero based, Oop shift amount: 3

CDS archive(s) mapped at: [0x0000000121000000-0x0000000121be4000-0x0000000121be4000), size 12468224, SharedBaseAddress: 0x0000000121000000, ArchiveRelocationMode: 1.
Compressed class space mapped at: 0x0000000122000000-0x0000000162000000, reserved size: 1073741824
Narrow klass base: 0x0000000121000000, Narrow klass shift: 0, Narrow klass range: 0x100000000

GC Precious Log:
 CPUs: 4 total, 4 available
 Memory: 8192M
 Large Page Support: Disabled
 NUMA Support: Disabled
 Compressed Oops: Enabled (Zero based)
 Heap Region Size: 1M
 Heap Min Capacity: 8M
 Heap Initial Capacity: 128M
 Heap Max Capacity: 2G
 Pre-touch: Disabled
 Parallel Workers: 4
 Concurrent Workers: 1
 Concurrent Refinement Workers: 4
 Periodic GC: Disabled

Heap:
 garbage-first heap   total 83968K, used 58169K [0x0000000780000000, 0x0000000800000000)
  region size 1024K, 14 young (14336K), 2 survivors (2048K)
 Metaspace       used 29615K, committed 29952K, reserved 1114112K
  class space    used 4180K, committed 4352K, reserved 1048576K

Heap Regions: E=young(eden), S=young(survivor), O=old, HS=humongous(starts), HC=humongous(continues), CS=collection set, F=free, OA=open archive, CA=closed archive, TAMS=top-at-mark-start (previous, next)
|   0|0x0000000780000000, 0x0000000780100000, 0x0000000780100000|100%| O|  |TAMS 0x0000000780100000, 0x0000000780000000| Untracked 
|   1|0x0000000780100000, 0x00000007801e5a00, 0x0000000780200000| 89%| O|  |TAMS 0x00000007801e5a00, 0x0000000780100000| Untracked 
|   2|0x0000000780200000, 0x0000000780300000, 0x0000000780300000|100%|HS|  |TAMS 0x0000000780300000, 0x0000000780200000| Complete 
|   3|0x0000000780300000, 0x0000000780400000, 0x0000000780400000|100%|HC|  |TAMS 0x0000000780400000, 0x0000000780300000| Complete 
|   4|0x0000000780400000, 0x0000000780500000, 0x0000000780500000|100%| O|  |TAMS 0x0000000780500000, 0x0000000780400000| Untracked 
|   5|0x0000000780500000, 0x0000000780600000, 0x0000000780600000|100%| O|  |TAMS 0x0000000780600000, 0x0000000780500000| Untracked 
|   6|0x0000000780600000, 0x0000000780700000, 0x0000000780700000|100%|HS|  |TAMS 0x0000000780700000, 0x0000000780600000| Complete 
|   7|0x0000000780700000, 0x0000000780800000, 0x0000000780800000|100%|HC|  |TAMS 0x0000000780800000, 0x0000000780700000| Complete 
|   8|0x0000000780800000, 0x0000000780900000, 0x0000000780900000|100%|HS|  |TAMS 0x0000000780900000, 0x0000000780800000| Complete 
|   9|0x0000000780900000, 0x0000000780a00000, 0x0000000780a00000|100%|HC|  |TAMS 0x0000000780a00000, 0x0000000780900000| Complete 
|  10|0x0000000780a00000, 0x0000000780b00000, 0x0000000780b00000|100%|HS|  |TAMS 0x0000000780b00000, 0x0000000780a00000| Complete 
|  11|0x0000000780b00000, 0x0000000780c00000, 0x0000000780c00000|100%|HC|  |TAMS 0x0000000780c00000, 0x0000000780b00000| Complete 
|  12|0x0000000780c00000, 0x0000000780d00000, 0x0000000780d00000|100%|HS|  |TAMS 0x0000000780d00000, 0x0000000780c00000| Complete 
|  13|0x0000000780d00000, 0x0000000780e00000, 0x0000000780e00000|100%|HC|  |TAMS 0x0000000780e00000, 0x0000000780d00000| Complete 
|  14|0x0000000780e00000, 0x0000000780f00000, 0x0000000780f00000|100%|HS|  |TAMS 0x0000000780f00000, 0x0000000780e00000| Complete 
|  15|0x0000000780f00000, 0x0000000781000000, 0x0000000781000000|100%|HC|  |TAMS 0x0000000781000000, 0x0000000780f00000| Complete 
|  16|0x0000000781000000, 0x0000000781100000, 0x0000000781100000|100%|HS|  |TAMS 0x0000000781100000, 0x0000000781000000| Complete 
|  17|0x0000000781100000, 0x0000000781200000, 0x0000000781200000|100%|HC|  |TAMS 0x0000000781200000, 0x0000000781100000| Complete 
|  18|0x0000000781200000, 0x0000000781300000, 0x0000000781300000|100%|HS|  |TAMS 0x0000000781300000, 0x0000000781200000| Complete 
|  19|0x0000000781300000, 0x0000000781400000, 0x0000000781400000|100%|HC|  |TAMS 0x0000000781400000, 0x0000000781300000| Complete 
|  20|0x0000000781400000, 0x0000000781500000, 0x0000000781500000|100%| O|  |TAMS 0x0000000781500000, 0x0000000781400000| Untracked 
|  21|0x0000000781500000, 0x0000000781600000, 0x0000000781600000|100%| O|  |TAMS 0x0000000781600000, 0x0000000781500000| Untracked 
|  22|0x0000000781600000, 0x0000000781700000, 0x0000000781700000|100%| O|  |TAMS 0x0000000781700000, 0x0000000781600000| Untracked 
|  23|0x0000000781700000, 0x0000000781800000, 0x0000000781800000|100%| O|  |TAMS 0x0000000781800000, 0x0000000781700000| Untracked 
|  24|0x0000000781800000, 0x0000000781900000, 0x0000000781900000|100%| O|  |TAMS 0x0000000781900000, 0x0000000781800000| Untracked 
|  25|0x0000000781900000, 0x0000000781a00000, 0x0000000781a00000|100%| O|  |TAMS 0x0000000781a00000, 0x0000000781900000| Untracked 
|  26|0x0000000781a00000, 0x0000000781b00000, 0x0000000781b00000|100%|HS|  |TAMS 0x0000000781b00000, 0x0000000781a00000| Complete 
|  27|0x0000000781b00000, 0x0000000781c00000, 0x0000000781c00000|100%|HC|  |TAMS 0x0000000781c00000, 0x0000000781b00000| Complete 
|  28|0x0000000781c00000, 0x0000000781d00000, 0x0000000781d00000|100%| O|  |TAMS 0x0000000781d00000, 0x0000000781c00000| Untracked 
|  29|0x0000000781d00000, 0x0000000781e00000, 0x0000000781e00000|100%| O|  |TAMS 0x0000000781e00000, 0x0000000781d00000| Untracked 
|  30|0x0000000781e00000, 0x0000000781f00000, 0x0000000781f00000|100%| O|  |TAMS 0x0000000781f00000, 0x0000000781e00000| Untracked 
|  31|0x0000000781f00000, 0x0000000782000000, 0x0000000782000000|100%| O|  |TAMS 0x0000000782000000, 0x0000000781f00000| Untracked 
|  32|0x0000000782000000, 0x0000000782100000, 0x0000000782100000|100%| O|  |TAMS 0x0000000782100000, 0x0000000782000000| Untracked 
|  33|0x0000000782100000, 0x0000000782200000, 0x0000000782200000|100%| O|  |TAMS 0x0000000782200000, 0x0000000782100000| Untracked 
|  34|0x0000000782200000, 0x0000000782300000, 0x0000000782300000|100%| O|  |TAMS 0x0000000782300000, 0x0000000782200000| Untracked 
|  35|0x0000000782300000, 0x0000000782400000, 0x0000000782400000|100%| O|  |TAMS 0x0000000782400000, 0x0000000782300000| Untracked 
|  36|0x0000000782400000, 0x0000000782500000, 0x0000000782500000|100%| O|  |TAMS 0x00000007824aba00, 0x0000000782400000| Untracked 
|  37|0x0000000782500000, 0x0000000782600000, 0x0000000782600000|100%| O|  |TAMS 0x0000000782500000, 0x0000000782500000| Untracked 
|  38|0x0000000782600000, 0x00000007826f2a00, 0x0000000782700000| 94%| O|  |TAMS 0x0000000782600000, 0x0000000782600000| Untracked 
|  39|0x0000000782700000, 0x0000000782800000, 0x0000000782800000|100%|HS|  |TAMS 0x0000000782700000, 0x0000000782700000| Complete 
|  40|0x0000000782800000, 0x0000000782900000, 0x0000000782900000|100%|HC|  |TAMS 0x0000000782800000, 0x0000000782800000| Complete 
|  41|0x0000000782900000, 0x0000000782900000, 0x0000000782a00000|  0%| F|  |TAMS 0x0000000782900000, 0x0000000782900000| Untracked 
|  42|0x0000000782a00000, 0x0000000782a00000, 0x0000000782b00000|  0%| F|  |TAMS 0x0000000782a00000, 0x0000000782a00000| Untracked 
|  43|0x0000000782b00000, 0x0000000782b00000, 0x0000000782c00000|  0%| F|  |TAMS 0x0000000782b00000, 0x0000000782b00000| Untracked 
|  44|0x0000000782c00000, 0x0000000782c00000, 0x0000000782d00000|  0%| F|  |TAMS 0x0000000782c00000, 0x0000000782c00000| Untracked 
|  45|0x0000000782d00000, 0x0000000782d00000, 0x0000000782e00000|  0%| F|  |TAMS 0x0000000782d00000, 0x0000000782d00000| Untracked 
|  46|0x0000000782e00000, 0x0000000782e00000, 0x0000000782f00000|  0%| F|  |TAMS 0x0000000782e00000, 0x0000000782e00000| Untracked 
|  47|0x0000000782f00000, 0x0000000782f00000, 0x0000000783000000|  0%| F|  |TAMS 0x0000000782f00000, 0x0000000782f00000| Untracked 
|  48|0x0000000783000000, 0x0000000783000000, 0x0000000783100000|  0%| F|  |TAMS 0x0000000783000000, 0x0000000783000000| Untracked 
|  49|0x0000000783100000, 0x0000000783100000, 0x0000000783200000|  0%| F|  |TAMS 0x0000000783100000, 0x0000000783100000| Untracked 
|  50|0x0000000783200000, 0x0000000783200000, 0x0000000783300000|  0%| F|  |TAMS 0x0000000783200000, 0x0000000783200000| Untracked 
|  51|0x0000000783300000, 0x0000000783300000, 0x0000000783400000|  0%| F|  |TAMS 0x0000000783300000, 0x0000000783300000| Untracked 
|  52|0x0000000783400000, 0x0000000783400000, 0x0000000783500000|  0%| F|  |TAMS 0x0000000783400000, 0x0000000783400000| Untracked 
|  53|0x0000000783500000, 0x0000000783500000, 0x0000000783600000|  0%| F|  |TAMS 0x0000000783500000, 0x0000000783500000| Untracked 
|  54|0x0000000783600000, 0x0000000783600000, 0x0000000783700000|  0%| F|  |TAMS 0x0000000783600000, 0x0000000783600000| Untracked 
|  55|0x0000000783700000, 0x0000000783700000, 0x0000000783800000|  0%| F|  |TAMS 0x0000000783700000, 0x0000000783700000| Untracked 
|  56|0x0000000783800000, 0x0000000783800000, 0x0000000783900000|  0%| F|  |TAMS 0x0000000783800000, 0x0000000783800000| Untracked 
|  57|0x0000000783900000, 0x0000000783900000, 0x0000000783a00000|  0%| F|  |TAMS 0x0000000783900000, 0x0000000783900000| Untracked 
|  58|0x0000000783a00000, 0x0000000783a00000, 0x0000000783b00000|  0%| F|  |TAMS 0x0000000783a00000, 0x0000000783a00000| Untracked 
|  59|0x0000000783b00000, 0x0000000783b00000, 0x0000000783c00000|  0%| F|  |TAMS 0x0000000783b00000, 0x0000000783b00000| Untracked 
|  60|0x0000000783c00000, 0x0000000783c00000, 0x0000000783d00000|  0%| F|  |TAMS 0x0000000783c00000, 0x0000000783c00000| Untracked 
|  61|0x0000000783d00000, 0x0000000783d00000, 0x0000000783e00000|  0%| F|  |TAMS 0x0000000783d00000, 0x0000000783d00000| Untracked 
|  62|0x0000000783e00000, 0x0000000783f00000, 0x0000000783f00000|100%| S|CS|TAMS 0x0000000783e00000, 0x0000000783e00000| Complete 
|  63|0x0000000783f00000, 0x0000000783f00000, 0x0000000784000000|  0%| F|  |TAMS 0x0000000783f00000, 0x0000000783f00000| Untracked 
|  64|0x0000000784000000, 0x0000000784000000, 0x0000000784100000|  0%| F|  |TAMS 0x0000000784000000, 0x0000000784000000| Untracked 
|  65|0x0000000784100000, 0x000000078416a2a8, 0x0000000784200000| 41%| E|  |TAMS 0x0000000784100000, 0x0000000784100000| Complete 
|  66|0x0000000784200000, 0x0000000784300000, 0x0000000784300000|100%| E|CS|TAMS 0x0000000784200000, 0x0000000784200000| Complete 
|  67|0x0000000784300000, 0x0000000784400000, 0x0000000784400000|100%| E|CS|TAMS 0x0000000784300000, 0x0000000784300000| Complete 
|  70|0x0000000784600000, 0x0000000784700000, 0x0000000784700000|100%| S|CS|TAMS 0x0000000784600000, 0x0000000784600000| Complete 
|  71|0x0000000784700000, 0x0000000784800000, 0x0000000784800000|100%| E|CS|TAMS 0x0000000784700000, 0x0000000784700000| Complete 
|  72|0x0000000784800000, 0x0000000784900000, 0x0000000784900000|100%| E|CS|TAMS 0x0000000784800000, 0x0000000784800000| Complete 
|  73|0x0000000784900000, 0x0000000784a00000, 0x0000000784a00000|100%| E|CS|TAMS 0x0000000784900000, 0x0000000784900000| Complete 
|  74|0x0000000784a00000, 0x0000000784b00000, 0x0000000784b00000|100%| E|CS|TAMS 0x0000000784a00000, 0x0000000784a00000| Complete 
|  75|0x0000000784b00000, 0x0000000784c00000, 0x0000000784c00000|100%| E|CS|TAMS 0x0000000784b00000, 0x0000000784b00000| Complete 
|  76|0x0000000784c00000, 0x0000000784d00000, 0x0000000784d00000|100%| E|CS|TAMS 0x0000000784c00000, 0x0000000784c00000| Complete 
|  77|0x0000000784d00000, 0x0000000784e00000, 0x0000000784e00000|100%| E|CS|TAMS 0x0000000784d00000, 0x0000000784d00000| Complete 
|  78|0x0000000784e00000, 0x0000000784f00000, 0x0000000784f00000|100%| E|CS|TAMS 0x0000000784e00000, 0x0000000784e00000| Complete 
| 127|0x0000000787f00000, 0x0000000788000000, 0x0000000788000000|100%| E|CS|TAMS 0x0000000787f00000, 0x0000000787f00000| Complete 
|2044|0x00000007ffc00000, 0x00000007ffd00000, 0x00000007ffd00000|100%| O|  |TAMS 0x00000007ffd00000, 0x00000007ffc00000| Untracked 
|2045|0x00000007ffd00000, 0x00000007ffe00000, 0x00000007ffe00000|100%| O|  |TAMS 0x00000007ffe00000, 0x00000007ffd00000| Untracked 
|2046|0x00000007ffe00000, 0x00000007ffe76000, 0x00000007fff00000| 46%|OA|  |TAMS 0x00000007ffe76000, 0x00000007ffe00000| Untracked 
|2047|0x00000007fff00000, 0x00000007fff80000, 0x0000000800000000| 50%|CA|  |TAMS 0x00000007fff80000, 0x00000007fff00000| Untracked 

Card table byte_map: [0x0000000100ca9000,0x00000001010a9000] _byte_map_base: 0x00000000fd0a9000

Marking Bits (Prev, Next): (CMBitMap*) 0x00007fe2c9023050, (CMBitMap*) 0x00007fe2c9023010
 Prev Bits: [0x00000001046a5000, 0x00000001066a5000)
 Next Bits: [0x00000001026a5000, 0x00000001046a5000)

Polling page: 0x00000001005f4000

Metaspace:

Usage:
  Non-class:     24.84 MB used.
      Class:      4.08 MB used.
       Both:     28.92 MB used.

Virtual space:
  Non-class space:       64.00 MB reserved,      25.00 MB ( 39%) committed,  1 nodes.
      Class space:        1.00 GB reserved,       4.25 MB ( <1%) committed,  1 nodes.
             Both:        1.06 GB reserved,      29.25 MB (  3%) committed. 

Chunk freelists:
   Non-Class:  7.02 MB
       Class:  11.78 MB
        Both:  18.80 MB

MaxMetaspaceSize: unlimited
CompressedClassSpaceSize: 1.00 GB
Initial GC threshold: 21.00 MB
Current GC threshold: 47.44 MB
CDS: on
MetaspaceReclaimPolicy: balanced
 - commit_granule_bytes: 65536.
 - commit_granule_words: 8192.
 - virtual_space_node_default_size: 8388608.
 - enlarge_chunks_in_place: 1.
 - new_chunks_are_fully_committed: 0.
 - uncommit_free_chunks: 1.
 - use_allocation_guard: 0.
 - handle_deallocations: 1.


Internal statistics:

num_allocs_failed_limit: 3.
num_arena_births: 372.
num_arena_deaths: 0.
num_vsnodes_births: 2.
num_vsnodes_deaths: 0.
num_space_committed: 468.
num_space_uncommitted: 0.
num_chunks_returned_to_freelist: 3.
num_chunks_taken_from_freelist: 1421.
num_chunk_merges: 0.
num_chunk_splits: 963.
num_chunks_enlarged: 717.
num_purges: 0.
num_inconsistent_stats: 0.

CodeHeap 'non-profiled nmethods': size=120032Kb used=2848Kb max_used=2848Kb free=117183Kb
 bounds [0x0000000118baa000, 0x0000000118e7a000, 0x00000001200e2000]
CodeHeap 'profiled nmethods': size=120028Kb used=12747Kb max_used=12747Kb free=107280Kb
 bounds [0x00000001110e2000, 0x0000000111d62000, 0x0000000118619000]
CodeHeap 'non-nmethods': size=5700Kb used=1468Kb max_used=1508Kb free=4231Kb
 bounds [0x0000000118619000, 0x0000000118889000, 0x0000000118baa000]
 total_blobs=6976 nmethods=6134 adapters=752
 compilation: enabled
              stopped_count=0, restarted_count=0
 full_count=0

Compilation events (20 events):
Event: 27.357 Thread 0x00007fe2c9040e00 6148       3       javafx.scene.Parent::updateCachedBounds (502 bytes)
Event: 27.359 Thread 0x00007fe2c9040e00 nmethod 6148 0x0000000111d4d390 code [0x0000000111d4d700, 0x0000000111d4f6e0]
Event: 27.359 Thread 0x00007fe2c9040e00 6149       3       javafx.scene.Parent::getChildTransformedBounds (19 bytes)
Event: 27.360 Thread 0x00007fe2c9040e00 nmethod 6149 0x0000000111d50010 code [0x0000000111d501c0, 0x0000000111d50440]
Event: 27.375 Thread 0x00007fe2c9040e00 6151  s    3       com.sun.javafx.tk.quantum.QuantumToolkit::pauseTimer (93 bytes)
Event: 27.375 Thread 0x00007fe2c9040e00 nmethod 6151 0x0000000111d50510 code [0x0000000111d50740, 0x0000000111d50ec0]
Event: 27.545 Thread 0x00007fe2cb026a00 nmethod 6131 0x0000000118e69710 code [0x0000000118e69c00, 0x0000000118e6e700]
Event: 27.545 Thread 0x00007fe2cb026a00 6140       4       com.sun.javafx.css.StyleCacheEntry$Key::equals (190 bytes)
Event: 27.553 Thread 0x00007fe2cb026a00 nmethod 6140 0x0000000118e71690 code [0x0000000118e71880, 0x0000000118e71d78]
Event: 27.553 Thread 0x00007fe2cb026a00 6144   !   4       javafx.scene.CssStyleHelper::transitionToState (1018 bytes)
Event: 27.880 Thread 0x00007fe2c9040e00 6152   !   3       java.util.ArrayList$Itr::remove (68 bytes)
Event: 27.881 Thread 0x00007fe2c9040e00 nmethod 6152 0x0000000111d51110 code [0x0000000111d51320, 0x0000000111d51890]
Event: 27.881 Thread 0x00007fe2c9040e00 6153       3       javafx.scene.Node$$Lambda$140/0x00000001220e68f0::changed (17 bytes)
Event: 27.882 Thread 0x00007fe2c9040e00 nmethod 6153 0x0000000111d51b10 code [0x0000000111d51d80, 0x0000000111d52b90]
Event: 27.882 Thread 0x00007fe2c9040e00 6154       3       javafx.scene.Node::lambda$new$2 (5 bytes)
Event: 27.882 Thread 0x00007fe2c9040e00 nmethod 6154 0x0000000111d52f90 code [0x0000000111d531e0, 0x0000000111d53d90]
Event: 27.886 Thread 0x00007fe2c9040e00 6155       3       java.security.AccessController::getContext (23 bytes)
Event: 27.886 Thread 0x00007fe2c9040e00 nmethod 6155 0x0000000111d54110 code [0x0000000111d542e0, 0x0000000111d545b0]
Event: 27.897 Thread 0x00007fe2c9040e00 6156       3       java.util.concurrent.CopyOnWriteArraySet::iterator (8 bytes)
Event: 27.897 Thread 0x00007fe2c9040e00 nmethod 6156 0x0000000111d54710 code [0x0000000111d548c0, 0x0000000111d54bd0]

GC Heap History (20 events):
Event: 1.929 GC heap before
{Heap before GC invocations=1 (full 0):
 garbage-first heap   total 133120K, used 25085K [0x0000000780000000, 0x0000000800000000)
  region size 1024K, 25 young (25600K), 2 survivors (2048K)
 Metaspace       used 8925K, committed 9152K, reserved 1114112K
  class space    used 1178K, committed 1280K, reserved 1048576K
}
Event: 1.942 GC heap after
{Heap after GC invocations=2 (full 0):
 garbage-first heap   total 133120K, used 7022K [0x0000000780000000, 0x0000000800000000)
  region size 1024K, 4 young (4096K), 4 survivors (4096K)
 Metaspace       used 8925K, committed 9152K, reserved 1114112K
  class space    used 1178K, committed 1280K, reserved 1048576K
}
Event: 4.691 GC heap before
{Heap before GC invocations=2 (full 0):
 garbage-first heap   total 133120K, used 58222K [0x0000000780000000, 0x0000000800000000)
  region size 1024K, 49 young (50176K), 4 survivors (4096K)
 Metaspace       used 21271K, committed 21504K, reserved 1114112K
  class space    used 3084K, committed 3200K, reserved 1048576K
}
Event: 4.718 GC heap after
{Heap after GC invocations=3 (full 0):
 garbage-first heap   total 133120K, used 15305K [0x0000000780000000, 0x0000000800000000)
  region size 1024K, 9 young (9216K), 9 survivors (9216K)
 Metaspace       used 21271K, committed 21504K, reserved 1114112K
  class space    used 3084K, committed 3200K, reserved 1048576K
}
Event: 8.579 GC heap before
{Heap before GC invocations=4 (full 0):
 garbage-first heap   total 61440K, used 48073K [0x0000000780000000, 0x0000000800000000)
  region size 1024K, 29 young (29696K), 9 survivors (9216K)
 Metaspace       used 23464K, committed 23808K, reserved 1114112K
  class space    used 3301K, committed 3456K, reserved 1048576K
}
Event: 8.603 GC heap after
{Heap after GC invocations=5 (full 0):
 garbage-first heap   total 64512K, used 32958K [0x0000000780000000, 0x0000000800000000)
  region size 1024K, 4 young (4096K), 4 survivors (4096K)
 Metaspace       used 23464K, committed 23808K, reserved 1114112K
  class space    used 3301K, committed 3456K, reserved 1048576K
}
Event: 8.722 GC heap before
{Heap before GC invocations=5 (full 0):
 garbage-first heap   total 64512K, used 36030K [0x0000000780000000, 0x0000000800000000)
  region size 1024K, 8 young (8192K), 4 survivors (4096K)
 Metaspace       used 23620K, committed 23872K, reserved 1114112K
  class space    used 3316K, committed 3456K, reserved 1048576K
}
Event: 8.728 GC heap after
{Heap after GC invocations=6 (full 0):
 garbage-first heap   total 64512K, used 33247K [0x0000000780000000, 0x0000000800000000)
  region size 1024K, 1 young (1024K), 1 survivors (1024K)
 Metaspace       used 23620K, committed 23872K, reserved 1114112K
  class space    used 3316K, committed 3456K, reserved 1048576K
}
Event: 9.572 GC heap before
{Heap before GC invocations=7 (full 0):
 garbage-first heap   total 64512K, used 48607K [0x0000000780000000, 0x0000000800000000)
  region size 1024K, 15 young (15360K), 1 survivors (1024K)
 Metaspace       used 24829K, committed 25152K, reserved 1114112K
  class space    used 3495K, committed 3648K, reserved 1048576K
}
Event: 9.578 GC heap after
{Heap after GC invocations=8 (full 0):
 garbage-first heap   total 64512K, used 38213K [0x0000000780000000, 0x0000000800000000)
  region size 1024K, 2 young (2048K), 2 survivors (2048K)
 Metaspace       used 24829K, committed 25152K, reserved 1114112K
  class space    used 3495K, committed 3648K, reserved 1048576K
}
Event: 9.603 GC heap before
{Heap before GC invocations=8 (full 0):
 garbage-first heap   total 64512K, used 39237K [0x0000000780000000, 0x0000000800000000)
  region size 1024K, 3 young (3072K), 2 survivors (2048K)
 Metaspace       used 24848K, committed 25152K, reserved 1114112K
  class space    used 3496K, committed 3648K, reserved 1048576K
}
Event: 9.615 GC heap after
{Heap after GC invocations=9 (full 0):
 garbage-first heap   total 64512K, used 38120K [0x0000000780000000, 0x0000000800000000)
  region size 1024K, 1 young (1024K), 1 survivors (1024K)
 Metaspace       used 24848K, committed 25152K, reserved 1114112K
  class space    used 3496K, committed 3648K, reserved 1048576K
}
Event: 9.765 GC heap before
{Heap before GC invocations=9 (full 0):
 garbage-first heap   total 64512K, used 48360K [0x0000000780000000, 0x0000000800000000)
  region size 1024K, 12 young (12288K), 1 survivors (1024K)
 Metaspace       used 25090K, committed 25408K, reserved 1114112K
  class space    used 3521K, committed 3648K, reserved 1048576K
}
Event: 9.768 GC heap after
{Heap after GC invocations=10 (full 0):
 garbage-first heap   total 64512K, used 40613K [0x0000000780000000, 0x0000000800000000)
  region size 1024K, 2 young (2048K), 2 survivors (2048K)
 Metaspace       used 25090K, committed 25408K, reserved 1114112K
  class space    used 3521K, committed 3648K, reserved 1048576K
}
Event: 10.041 GC heap before
{Heap before GC invocations=11 (full 0):
 garbage-first heap   total 70656K, used 47781K [0x0000000780000000, 0x0000000800000000)
  region size 1024K, 11 young (11264K), 2 survivors (2048K)
 Metaspace       used 26259K, committed 26560K, reserved 1114112K
  class space    used 3757K, committed 3904K, reserved 1048576K
}
Event: 10.046 GC heap after
{Heap after GC invocations=12 (full 0):
 garbage-first heap   total 70656K, used 40338K [0x0000000780000000, 0x0000000800000000)
  region size 1024K, 2 young (2048K), 2 survivors (2048K)
 Metaspace       used 26259K, committed 26560K, reserved 1114112K
  class space    used 3757K, committed 3904K, reserved 1048576K
}
Event: 11.512 GC heap before
{Heap before GC invocations=12 (full 0):
 garbage-first heap   total 70656K, used 52626K [0x0000000780000000, 0x0000000800000000)
  region size 1024K, 15 young (15360K), 2 survivors (2048K)
 Metaspace       used 28239K, committed 28544K, reserved 1114112K
  class space    used 3987K, committed 4160K, reserved 1048576K
}
Event: 11.516 GC heap after
{Heap after GC invocations=13 (full 0):
 garbage-first heap   total 70656K, used 42525K [0x0000000780000000, 0x0000000800000000)
  region size 1024K, 2 young (2048K), 2 survivors (2048K)
 Metaspace       used 28239K, committed 28544K, reserved 1114112K
  class space    used 3987K, committed 4160K, reserved 1048576K
}
Event: 12.767 GC heap before
{Heap before GC invocations=14 (full 0):
 garbage-first heap   total 78848K, used 50717K [0x0000000780000000, 0x0000000800000000)
  region size 1024K, 11 young (11264K), 2 survivors (2048K)
 Metaspace       used 28720K, committed 29056K, reserved 1114112K
  class space    used 4045K, committed 4224K, reserved 1048576K
}
Event: 12.772 GC heap after
{Heap after GC invocations=15 (full 0):
 garbage-first heap   total 78848K, used 44857K [0x0000000780000000, 0x0000000800000000)
  region size 1024K, 2 young (2048K), 2 survivors (2048K)
 Metaspace       used 28720K, committed 29056K, reserved 1114112K
  class space    used 4045K, committed 4224K, reserved 1048576K
}

Deoptimization events (20 events):
Event: 23.976 Thread 0x00007fe2ca0d1600 DEOPT PACKING pc=0x0000000118d66fac sp=0x0000700009275f70
Event: 23.976 Thread 0x00007fe2ca0d1600 DEOPT UNPACKING pc=0x000000011866b099 sp=0x0000700009275f20 mode 2
Event: 25.732 Thread 0x00007fe2ca0d1600 DEOPT PACKING pc=0x00000001116d2e1f sp=0x0000700009274290
Event: 25.732 Thread 0x00007fe2ca0d1600 DEOPT UNPACKING pc=0x000000011866b82f sp=0x00007000092737d0 mode 0
Event: 27.341 Thread 0x00007fe2ca226e00 Uncommon trap: trap_request=0xffffffde fr.pc=0x0000000118da7270 relative=0x0000000000002b50
Event: 27.341 Thread 0x00007fe2ca226e00 Uncommon trap: reason=class_check action=maybe_recompile pc=0x0000000118da7270 method=javafx.css.CompoundSelector.stateMatches(Ljavafx/css/Styleable;Ljava/util/Set;I)Z @ 123 c2
Event: 27.341 Thread 0x00007fe2ca226e00 DEOPT PACKING pc=0x0000000118da7270 sp=0x00007ff7bfa29f10
Event: 27.341 Thread 0x00007fe2ca226e00 DEOPT UNPACKING pc=0x000000011866b099 sp=0x00007ff7bfa29dc0 mode 2
Event: 27.341 Thread 0x00007fe2ca226e00 Uncommon trap: trap_request=0xffffffde fr.pc=0x0000000118da7270 relative=0x0000000000002b50
Event: 27.341 Thread 0x00007fe2ca226e00 Uncommon trap: reason=class_check action=maybe_recompile pc=0x0000000118da7270 method=javafx.css.CompoundSelector.stateMatches(Ljavafx/css/Styleable;Ljava/util/Set;I)Z @ 123 c2
Event: 27.341 Thread 0x00007fe2ca226e00 DEOPT PACKING pc=0x0000000118da7270 sp=0x00007ff7bfa29f10
Event: 27.341 Thread 0x00007fe2ca226e00 DEOPT UNPACKING pc=0x000000011866b099 sp=0x00007ff7bfa29dc0 mode 2
Event: 27.341 Thread 0x00007fe2ca226e00 Uncommon trap: trap_request=0xffffffde fr.pc=0x0000000118da7270 relative=0x0000000000002b50
Event: 27.341 Thread 0x00007fe2ca226e00 Uncommon trap: reason=class_check action=maybe_recompile pc=0x0000000118da7270 method=javafx.css.CompoundSelector.stateMatches(Ljavafx/css/Styleable;Ljava/util/Set;I)Z @ 123 c2
Event: 27.341 Thread 0x00007fe2ca226e00 DEOPT PACKING pc=0x0000000118da7270 sp=0x00007ff7bfa29e60
Event: 27.341 Thread 0x00007fe2ca226e00 DEOPT UNPACKING pc=0x000000011866b099 sp=0x00007ff7bfa29d10 mode 2
Event: 27.341 Thread 0x00007fe2ca226e00 Uncommon trap: trap_request=0xffffffde fr.pc=0x0000000118da7270 relative=0x0000000000002b50
Event: 27.341 Thread 0x00007fe2ca226e00 Uncommon trap: reason=class_check action=maybe_recompile pc=0x0000000118da7270 method=javafx.css.CompoundSelector.stateMatches(Ljavafx/css/Styleable;Ljava/util/Set;I)Z @ 123 c2
Event: 27.341 Thread 0x00007fe2ca226e00 DEOPT PACKING pc=0x0000000118da7270 sp=0x00007ff7bfa29e60
Event: 27.341 Thread 0x00007fe2ca226e00 DEOPT UNPACKING pc=0x000000011866b099 sp=0x00007ff7bfa29d10 mode 2

Classes unloaded (0 events):
No events

Classes redefined (0 events):
No events

Internal exceptions (20 events):
Event: 11.420 Thread 0x00007fe2ca226e00 Exception <a 'sun/nio/fs/UnixException'{0x000000078342b420}> (0x000000078342b420) 
thrown [open/src/hotspot/share/prims/jni.cpp, line 516]
Event: 11.420 Thread 0x00007fe2ca226e00 Exception <a 'sun/nio/fs/UnixException'{0x000000078342de40}> (0x000000078342de40) 
thrown [open/src/hotspot/share/prims/jni.cpp, line 516]
Event: 11.422 Thread 0x00007fe2ca226e00 Exception <a 'sun/nio/fs/UnixException'{0x0000000783438408}> (0x0000000783438408) 
thrown [open/src/hotspot/share/prims/jni.cpp, line 516]
Event: 11.423 Thread 0x00007fe2ca226e00 Exception <a 'sun/nio/fs/UnixException'{0x0000000783442f28}> (0x0000000783442f28) 
thrown [open/src/hotspot/share/prims/jni.cpp, line 516]
Event: 11.464 Thread 0x00007fe2ca226e00 Exception <a 'sun/nio/fs/UnixException'{0x00000007834c0ed0}> (0x00000007834c0ed0) 
thrown [open/src/hotspot/share/prims/jni.cpp, line 516]
Event: 11.464 Thread 0x00007fe2ca226e00 Exception <a 'sun/nio/fs/UnixException'{0x00000007834cb230}> (0x00000007834cb230) 
thrown [open/src/hotspot/share/prims/jni.cpp, line 516]
Event: 11.466 Thread 0x00007fe2ca226e00 Exception <a 'sun/nio/fs/UnixException'{0x00000007834d5038}> (0x00000007834d5038) 
thrown [open/src/hotspot/share/prims/jni.cpp, line 516]
Event: 11.476 Thread 0x00007fe2ca226e00 Exception <a 'java/io/FileNotFoundException'{0x0000000783317bf0}> (0x0000000783317bf0) 
thrown [open/src/hotspot/share/prims/jni.cpp, line 516]
Event: 11.483 Thread 0x00007fe2ca226e00 Exception <a 'java/lang/ClassNotFoundException'{0x0000000783342460}: com/sun/javafx/scene/control/skin/resources/controls-nt> (0x0000000783342460) 
thrown [open/src/hotspot/share/prims/jni.cpp, line 535]
Event: 11.485 Thread 0x00007fe2ca226e00 Exception <a 'java/lang/ClassNotFoundException'{0x000000078334a810}: com/sun/javafx/scene/control/skin/resources/controls-nt_es> (0x000000078334a810) 
thrown [open/src/hotspot/share/prims/jni.cpp, line 535]
Event: 11.485 Thread 0x00007fe2ca226e00 Exception <a 'java/lang/ClassNotFoundException'{0x000000078334ba58}: com/sun/javafx/scene/control/skin/resources/controls-nt_es_419> (0x000000078334ba58) 
thrown [open/src/hotspot/share/prims/jni.cpp, line 535]
Event: 12.790 Thread 0x00007fe2ca226e00 Exception <a 'java/io/FileNotFoundException'{0x0000000787f3c750}> (0x0000000787f3c750) 
thrown [open/src/hotspot/share/prims/jni.cpp, line 516]
Event: 12.901 Thread 0x00007fe2ca226e00 Exception <a 'java/lang/NoSuchMethodError'{0x00000007849647b0}: 'java.lang.Object java.lang.invoke.DirectMethodHandle$Holder.newInvokeSpecial(java.lang.Object, java.lang.Object, int, int)'> (0x00000007849647b0) 
thrown [open/src/hotspot/share/interpreter/linkResolver.cpp, line 759]
Event: 13.123 Thread 0x00007fe2ca226e00 Implicit null exception at 0x0000000118d1d086 to 0x0000000118d1dab8
Event: 17.845 Thread 0x00007fe2ca226e00 Exception <a 'java/lang/NoSuchMethodError'{0x00000007848d1d10}: 'java.lang.Object java.lang.invoke.DirectMethodHandle$Holder.newInvokeSpecial(java.lang.Object, java.lang.Object, int, int, int, int, int, java.lang.Object)'> (0x00000007848d1d10) 
thrown [open/src/hotspot/share/interpreter/linkResolver.cpp, line 759]
Event: 17.846 Thread 0x00007fe2ca226e00 Exception <a 'java/lang/NoSuchMethodError'{0x00000007848f6f80}: 'java.lang.Object java.lang.invoke.DirectMethodHandle$Holder.newInvokeSpecial(java.lang.Object, java.lang.Object, java.lang.Object, int, int, int, int, int)'> (0x00000007848f6f80) 
thrown [open/src/hotspot/share/interpreter/linkResolver.cpp, line 759]
Event: 17.846 Thread 0x00007fe2ca226e00 Exception <a 'java/lang/NoSuchMethodError'{0x00000007848fe7e0}: 'java.lang.Object java.lang.invoke.Invokers$Holder.linkToTargetMethod(java.lang.Object, java.lang.Object, int, int, int, int, int, java.lang.Object)'> (0x00000007848fe7e0) 
thrown [open/src/hotspot/share/interpreter/linkResolver.cpp, line 759]
Event: 18.108 Thread 0x00007fe2ca226e00 Implicit null exception at 0x0000000118df91b2 to 0x0000000118dfcce0
Event: 18.109 Thread 0x00007fe2ca226e00 Implicit null exception at 0x0000000118e1c8ff to 0x0000000118e1d984
Event: 18.322 Thread 0x00007fe2ca226e00 Exception <a 'java/lang/NoSuchMethodError'{0x000000078471d038}: 'java.lang.Object java.lang.invoke.DirectMethodHandle$Holder.newInvokeSpecial(java.lang.Object, java.lang.Object, int, java.lang.Object, double, double, double, double, double, double, int, int, int, int, int, int, int, int)'> (0x000000078471d038) 
thrown [open/src/hotspot/share/interpreter/linkResolver.cpp, line 759]

VM Operations (20 events):
Event: 18.141 Executing VM operation: Cleanup
Event: 18.141 Executing VM operation: Cleanup done
Event: 19.144 Executing VM operation: Cleanup
Event: 19.144 Executing VM operation: Cleanup done
Event: 20.146 Executing VM operation: Cleanup
Event: 20.147 Executing VM operation: Cleanup done
Event: 21.150 Executing VM operation: Cleanup
Event: 21.150 Executing VM operation: Cleanup done
Event: 22.154 Executing VM operation: Cleanup
Event: 22.154 Executing VM operation: Cleanup done
Event: 23.159 Executing VM operation: Cleanup
Event: 23.159 Executing VM operation: Cleanup done
Event: 24.162 Executing VM operation: Cleanup
Event: 24.163 Executing VM operation: Cleanup done
Event: 25.166 Executing VM operation: Cleanup
Event: 25.166 Executing VM operation: Cleanup done
Event: 26.171 Executing VM operation: Cleanup
Event: 26.171 Executing VM operation: Cleanup done
Event: 27.175 Executing VM operation: Cleanup
Event: 27.175 Executing VM operation: Cleanup done

Events (20 events):
Event: 24.658 Protecting memory [0x000070000978d000,0x0000700009791000] with protection modes 0
Event: 24.658 Thread 0x00007fe2c9c54c00 Thread added: 0x00007fe2c9c54c00
Event: 25.126 Protecting memory [0x000070000978d000,0x0000700009791000] with protection modes 3
Event: 25.126 Thread 0x00007fe2c9c54c00 Thread exited: 0x00007fe2c9c54c00
Event: 25.742 Protecting memory [0x000070000978d000,0x0000700009791000] with protection modes 0
Event: 25.742 Thread 0x00007fe2cb2a8000 Thread added: 0x00007fe2cb2a8000
Event: 26.041 Protecting memory [0x000070000978d000,0x0000700009791000] with protection modes 3
Event: 26.042 Thread 0x00007fe2cb2a8000 Thread exited: 0x00007fe2cb2a8000
Event: 26.425 Protecting memory [0x000070000978d000,0x0000700009791000] with protection modes 0
Event: 26.425 Thread 0x00007fe2cb2a8000 Thread added: 0x00007fe2cb2a8000
Event: 26.725 Protecting memory [0x000070000978d000,0x0000700009791000] with protection modes 3
Event: 26.725 Thread 0x00007fe2cb2a8000 Thread exited: 0x00007fe2cb2a8000
Event: 27.292 Protecting memory [0x000070000978d000,0x0000700009791000] with protection modes 0
Event: 27.292 Thread 0x00007fe2c94a4200 Thread added: 0x00007fe2c94a4200
Event: 27.625 Protecting memory [0x000070000978d000,0x0000700009791000] with protection modes 3
Event: 27.625 Thread 0x00007fe2c94a4200 Thread exited: 0x00007fe2c94a4200
Event: 27.892 Protecting memory [0x000070000978d000,0x0000700009791000] with protection modes 0
Event: 27.892 Thread 0x00007fe2ca229400 Thread added: 0x00007fe2ca229400
Event: 27.901 Protecting memory [0x00007ff7bf233000,0x00007ff7bf237000] with protection modes 3
Event: 27.901 Thread 0x00007fe2ca226e00 Thread exited: 0x00007fe2ca226e00


Dynamic libraries:
0x00000001005f6000 	/Library/Java/JavaVirtualMachines/jdk-17.jdk/Contents/Home/lib/libjli.dylib
0x00007ff826a8c000 	/usr/lib/libz.1.dylib
0x00007ff826b6c000 	/usr/lib/libSystem.B.dylib
0x00007ff826b67000 	/usr/lib/system/libcache.dylib
0x00007ff826b23000 	/usr/lib/system/libcommonCrypto.dylib
0x00007ff826b4c000 	/usr/lib/system/libcompiler_rt.dylib
0x00007ff826b42000 	/usr/lib/system/libcopyfile.dylib
0x00007ff81bafa000 	/usr/lib/system/libcorecrypto.dylib
0x00007ff81bbb8000 	/usr/lib/system/libdispatch.dylib
0x00007ff81bd78000 	/usr/lib/system/libdyld.dylib
0x00007ff826b5e000 	/usr/lib/system/libkeymgr.dylib
0x00007ff826b01000 	/usr/lib/system/libmacho.dylib
0x00007ff826182000 	/usr/lib/system/libquarantine.dylib
0x00007ff826b5c000 	/usr/lib/system/libremovefile.dylib
0x00007ff820d0d000 	/usr/lib/system/libsystem_asl.dylib
0x00007ff81baa3000 	/usr/lib/system/libsystem_blocks.dylib
0x00007ff81bc3c000 	/usr/lib/system/libsystem_c.dylib
0x00007ff826b54000 	/usr/lib/system/libsystem_collections.dylib
0x00007ff825436000 	/usr/lib/system/libsystem_configuration.dylib
0x00007ff8246df000 	/usr/lib/system/libsystem_containermanager.dylib
0x00007ff826839000 	/usr/lib/system/libsystem_coreservices.dylib
0x00007ff81e3ae000 	/usr/lib/system/libsystem_darwin.dylib
0x00007ff826b5f000 	/usr/lib/system/libsystem_dnssd.dylib
0x00007ff81bc39000 	/usr/lib/system/libsystem_featureflags.dylib
0x00007ff81bd8e000 	/usr/lib/system/libsystem_info.dylib
0x00007ff826a9f000 	/usr/lib/system/libsystem_m.dylib
0x00007ff81bb8c000 	/usr/lib/system/libsystem_malloc.dylib
0x00007ff820ca8000 	/usr/lib/system/libsystem_networkextension.dylib
0x00007ff81e7d4000 	/usr/lib/system/libsystem_notify.dylib
0x00007ff82cddf000 	/usr/lib/system/libsystem_product_info_filter.dylib
0x00007ff82543a000 	/usr/lib/system/libsystem_sandbox.dylib
0x00007ff826b59000 	/usr/lib/system/libsystem_secinit.dylib
0x00007ff81bd34000 	/usr/lib/system/libsystem_kernel.dylib
0x00007ff81bd84000 	/usr/lib/system/libsystem_platform.dylib
0x00007ff81bd6c000 	/usr/lib/system/libsystem_pthread.dylib
0x00007ff82255b000 	/usr/lib/system/libsystem_symptoms.dylib
0x00007ff81bae1000 	/usr/lib/system/libsystem_trace.dylib
0x00007ff826b2f000 	/usr/lib/system/libunwind.dylib
0x00007ff81baa5000 	/usr/lib/system/libxpc.dylib
0x00007ff81bd1e000 	/usr/lib/libc++abi.dylib
0x00007ff81bbff000 	/usr/lib/libobjc.A.dylib
0x00007ff826b3a000 	/usr/lib/liboah.dylib
0x00007ff81bcc5000 	/usr/lib/libc++.1.dylib
0x00007ff832be5000 	/System/Library/Frameworks/Cocoa.framework/Versions/A/Cocoa
0x00007ff81e832000 	/System/Library/Frameworks/AppKit.framework/Versions/C/AppKit
0x00007ff821d49000 	/System/Library/Frameworks/CoreData.framework/Versions/A/CoreData
0x00007ff81cc35000 	/System/Library/Frameworks/Foundation.framework/Versions/C/Foundation
0x00007ff81f6c2000 	/System/Library/PrivateFrameworks/UIFoundation.framework/Versions/A/UIFoundation
0x00007ff82cae2000 	/System/Library/PrivateFrameworks/RemoteViewServices.framework/Versions/A/RemoteViewServices
0x00007ff824dc0000 	/System/Library/PrivateFrameworks/XCTTargetBootstrap.framework/Versions/A/XCTTargetBootstrap
0x00007ff828978000 	/System/Library/PrivateFrameworks/InternationalSupport.framework/Versions/A/InternationalSupport
0x00007ff828a02000 	/System/Library/PrivateFrameworks/UserActivity.framework/Versions/A/UserActivity
0x00007ff827d54000 	/usr/lib/libspindump.dylib
0x00007ff81f951000 	/System/Library/Frameworks/UniformTypeIdentifiers.framework/Versions/A/UniformTypeIdentifiers
0x00007ff8234e4000 	/usr/lib/libapp_launch_measurement.dylib
0x00007ff82271b000 	/System/Library/PrivateFrameworks/CoreAnalytics.framework/Versions/A/CoreAnalytics
0x00007ff8234e7000 	/System/Library/PrivateFrameworks/CoreAutoLayout.framework/Versions/A/CoreAutoLayout
0x00007ff824717000 	/System/Library/Frameworks/Metal.framework/Versions/A/Metal
0x00007ff825446000 	/usr/lib/liblangid.dylib
0x00007ff824dc5000 	/System/Library/PrivateFrameworks/CoreSVG.framework/Versions/A/CoreSVG
0x00007ff820d3d000 	/System/Library/PrivateFrameworks/SkyLight.framework/Versions/A/SkyLight
0x00007ff8210dc000 	/System/Library/Frameworks/CoreGraphics.framework/Versions/A/CoreGraphics
0x00007ff82d1a2000 	/System/Library/Frameworks/Accelerate.framework/Versions/A/Accelerate
0x00007ff8277d3000 	/System/Library/PrivateFrameworks/IconServices.framework/Versions/A/IconServices
0x00007ff8246fc000 	/System/Library/Frameworks/IOSurface.framework/Versions/A/IOSurface
0x00007ff822749000 	/usr/lib/libDiagnosticMessagesClient.dylib
0x00007ff830889000 	/System/Library/Frameworks/ApplicationServices.framework/Versions/A/ApplicationServices
0x00007ff824dac000 	/System/Library/PrivateFrameworks/DFRFoundation.framework/Versions/A/DFRFoundation
0x00007ff81e11a000 	/usr/lib/libicucore.A.dylib
0x00007ff82976e000 	/System/Library/Frameworks/AudioToolbox.framework/Versions/A/AudioToolbox
0x00007ff828984000 	/System/Library/PrivateFrameworks/DataDetectorsCore.framework/Versions/A/DataDetectorsCore
0x00007ff924e80000 	/System/Library/PrivateFrameworks/TextInput.framework/Versions/A/TextInput
0x00007ff820cc0000 	/usr/lib/libMobileGestalt.dylib
0x00007ff824ab8000 	/System/Library/Frameworks/Carbon.framework/Versions/A/Frameworks/HIToolbox.framework/Versions/A/HIToolbox
0x00007ff822ee6000 	/System/Library/Frameworks/QuartzCore.framework/Versions/A/QuartzCore
0x00007ff81ddbf000 	/System/Library/Frameworks/Security.framework/Versions/A/Security
0x00007ff82cb1a000 	/System/Library/Frameworks/Carbon.framework/Versions/A/Frameworks/SpeechRecognition.framework/Versions/A/SpeechRecognition
0x00007ff823244000 	/System/Library/PrivateFrameworks/CoreUI.framework/Versions/A/CoreUI
0x00007ff81d689000 	/System/Library/Frameworks/CoreAudio.framework/Versions/A/CoreAudio
0x00007ff822838000 	/System/Library/Frameworks/DiskArbitration.framework/Versions/A/DiskArbitration
0x00007ff828144000 	/System/Library/PrivateFrameworks/MultitouchSupport.framework/Versions/A/MultitouchSupport
0x00007ff820cbf000 	/usr/lib/libenergytrace.dylib
0x00007ff81e71e000 	/System/Library/Frameworks/IOKit.framework/Versions/A/IOKit
0x00007ff82cf0a000 	/System/Library/Frameworks/CoreServices.framework/Versions/A/CoreServices
0x00007ff82347e000 	/System/Library/PrivateFrameworks/PerformanceAnalysis.framework/Versions/A/PerformanceAnalysis
0x00007ffa34b5f000 	/System/Library/Frameworks/OpenGL.framework/Versions/A/OpenGL
0x00007ff8260a8000 	/System/Library/PrivateFrameworks/MobileKeyBag.framework/Versions/A/MobileKeyBag
0x00007ff8217a8000 	/System/Library/Frameworks/ColorSync.framework/Versions/A/ColorSync
0x00007ff81bdb9000 	/System/Library/Frameworks/CoreFoundation.framework/Versions/A/CoreFoundation
0x00007ff82503c000 	/System/Library/Frameworks/CoreImage.framework/Versions/A/CoreImage
0x00007ff81d49d000 	/System/Library/Frameworks/CoreText.framework/Versions/A/CoreText
0x00007ff824df5000 	/System/Library/Frameworks/ImageIO.framework/Versions/A/ImageIO
0x00007ff826b72000 	/System/Library/PrivateFrameworks/SoftLinking.framework/Versions/A/SoftLinking
0x00007ff82352f000 	/usr/lib/libxml2.2.dylib
0x00007ff826df6000 	/usr/lib/libcompression.dylib
0x00007ff8288ab000 	/System/Library/PrivateFrameworks/TextureIO.framework/Versions/A/TextureIO
0x00007ff8274e4000 	/usr/lib/libate.dylib
0x00007ff8272c0000 	/usr/lib/liblzma.5.dylib
0x00007ff81c947000 	/System/Library/Frameworks/SystemConfiguration.framework/Versions/A/SystemConfiguration
0x00007ff826b6e000 	/usr/lib/libfakelink.dylib
0x00007ff820818000 	/System/Library/Frameworks/CFNetwork.framework/Versions/A/CFNetwork
0x00007ff826caf000 	/usr/lib/libarchive.2.dylib
0x00007ff825442000 	/System/Library/PrivateFrameworks/AppleSystemInfo.framework/Versions/A/AppleSystemInfo
0x00007ff8261a9000 	/usr/lib/libbsm.0.dylib
0x00007ff81fe27000 	/usr/lib/libnetwork.dylib
0x00007ff826b07000 	/usr/lib/system/libkxld.dylib
0x00007ff825ddc000 	/System/Library/PrivateFrameworks/IOMobileFramebuffer.framework/Versions/A/IOMobileFramebuffer
0x00007ffb3453a000 	/usr/lib/libCoreEntitlements.dylib
0x00007ff82681b000 	/System/Library/PrivateFrameworks/AppleFSCompression.framework/Versions/A/AppleFSCompression
0x00007ff826191000 	/usr/lib/libcoretls.dylib
0x00007ff8272da000 	/usr/lib/libcoretls_cfhelpers.dylib
0x00007ff826df1000 	/usr/lib/libpam.2.dylib
0x00007ff82217a000 	/usr/lib/libsqlite3.dylib
0x00007ff827349000 	/usr/lib/libxar.1.dylib
0x00007ff82682b000 	/usr/lib/libbz2.1.0.dylib
0x00007ff826b73000 	/usr/lib/libpcap.A.dylib
0x00007ff822553000 	/usr/lib/libdns_services.dylib
0x00007ff826dc1000 	/usr/lib/libapple_nghttp2.dylib
0x00007ff826bad000 	/usr/lib/libiconv.2.dylib
0x00007ff826b00000 	/usr/lib/libcharset.1.dylib
0x00007ff8234b2000 	/System/Library/Frameworks/CoreServices.framework/Versions/A/Frameworks/FSEvents.framework/Versions/A/FSEvents
0x00007ff81e3b8000 	/System/Library/Frameworks/CoreServices.framework/Versions/A/Frameworks/CarbonCore.framework/Versions/A/CarbonCore
0x00007ff82279c000 	/System/Library/Frameworks/CoreServices.framework/Versions/A/Frameworks/Metadata.framework/Versions/A/Metadata
0x00007ff82683e000 	/System/Library/Frameworks/CoreServices.framework/Versions/A/Frameworks/OSServices.framework/Versions/A/OSServices
0x00007ff826d36000 	/System/Library/Frameworks/CoreServices.framework/Versions/A/Frameworks/SearchKit.framework/Versions/A/SearchKit
0x00007ff8224e5000 	/System/Library/Frameworks/CoreServices.framework/Versions/A/Frameworks/AE.framework/Versions/A/AE
0x00007ff81c2bc000 	/System/Library/Frameworks/CoreServices.framework/Versions/A/Frameworks/LaunchServices.framework/Versions/A/LaunchServices
0x00007ff827271000 	/System/Library/Frameworks/CoreServices.framework/Versions/A/Frameworks/DictionaryServices.framework/Versions/A/DictionaryServices
0x00007ff8234bf000 	/System/Library/Frameworks/CoreServices.framework/Versions/A/Frameworks/SharedFileList.framework/Versions/A/SharedFileList
0x00007ff826185000 	/usr/lib/libCheckFix.dylib
0x00007ff820d24000 	/System/Library/PrivateFrameworks/TCC.framework/Versions/A/TCC
0x00007ff825448000 	/System/Library/PrivateFrameworks/CoreNLP.framework/Versions/A/CoreNLP
0x00007ff82274c000 	/System/Library/PrivateFrameworks/MetadataUtilities.framework/Versions/A/MetadataUtilities
0x00007ff81c9f8000 	/usr/lib/libmecabra.dylib
0x00007ff8261b9000 	/usr/lib/libmecab.dylib
0x00007ff81c9c3000 	/usr/lib/libCRFSuite.dylib
0x00007ff826213000 	/usr/lib/libgermantok.dylib
0x00007ff826d9c000 	/usr/lib/libThaiTokenizer.dylib
0x00007ff82283f000 	/System/Library/Frameworks/Accelerate.framework/Versions/A/Frameworks/vImage.framework/Versions/A/vImage
0x00007ff82cee1000 	/System/Library/Frameworks/Accelerate.framework/Versions/A/Frameworks/vecLib.framework/Versions/A/vecLib
0x00007ff82738a000 	/System/Library/Frameworks/Accelerate.framework/Versions/A/Frameworks/vecLib.framework/Versions/A/libvMisc.dylib
0x00007ff825c07000 	/System/Library/Frameworks/Accelerate.framework/Versions/A/Frameworks/vecLib.framework/Versions/A/libvDSP.dylib
0x00007ff81c637000 	/System/Library/Frameworks/Accelerate.framework/Versions/A/Frameworks/vecLib.framework/Versions/A/libBLAS.dylib
0x00007ff826ed3000 	/System/Library/Frameworks/Accelerate.framework/Versions/A/Frameworks/vecLib.framework/Versions/A/libLAPACK.dylib
0x00007ff826216000 	/System/Library/Frameworks/Accelerate.framework/Versions/A/Frameworks/vecLib.framework/Versions/A/libLinearAlgebra.dylib
0x00007ff826dd9000 	/System/Library/Frameworks/Accelerate.framework/Versions/A/Frameworks/vecLib.framework/Versions/A/libSparseBLAS.dylib
0x00007ff826ecd000 	/System/Library/Frameworks/Accelerate.framework/Versions/A/Frameworks/vecLib.framework/Versions/A/libQuadrature.dylib
0x00007ff825533000 	/System/Library/Frameworks/Accelerate.framework/Versions/A/Frameworks/vecLib.framework/Versions/A/libBNNS.dylib
0x00007ff81c8d1000 	/System/Library/Frameworks/Accelerate.framework/Versions/A/Frameworks/vecLib.framework/Versions/A/libSparse.dylib
0x00007ff82552c000 	/System/Library/PrivateFrameworks/LinguisticData.framework/Versions/A/LinguisticData
0x00007ff81c887000 	/System/Library/PrivateFrameworks/Lexicon.framework/Versions/A/Lexicon
0x00007ff827383000 	/usr/lib/libChineseTokenizer.dylib
0x00007ff81cff2000 	/System/Library/PrivateFrameworks/LanguageModeling.framework/Versions/A/LanguageModeling
0x00007ff826d9e000 	/System/Library/PrivateFrameworks/AppleSauce.framework/Versions/A/AppleSauce
0x00007ff825dca000 	/System/Library/PrivateFrameworks/CoreEmoji.framework/Versions/A/CoreEmoji
0x00007ff826c9e000 	/usr/lib/libcmph.dylib
0x00007ff823496000 	/System/Library/Frameworks/OpenDirectory.framework/Versions/A/Frameworks/CFOpenDirectory.framework/Versions/A/CFOpenDirectory
0x00007ff82348a000 	/System/Library/Frameworks/OpenDirectory.framework/Versions/A/OpenDirectory
0x00007ff8272dc000 	/System/Library/PrivateFrameworks/APFS.framework/Versions/A/APFS
0x00007ff8260e0000 	/System/Library/Frameworks/SecurityFoundation.framework/Versions/A/SecurityFoundation
0x00007ff827357000 	/usr/lib/libutil.dylib
0x00007ff81e6e2000 	/System/Library/PrivateFrameworks/CoreServicesStore.framework/Versions/A/CoreServicesStore
0x00007ff82735b000 	/usr/lib/libxslt.1.dylib
0x00007ff82616d000 	/System/Library/PrivateFrameworks/BackgroundTaskManagement.framework/Versions/A/BackgroundTaskManagement
0x00007ff8287cb000 	/System/Library/Frameworks/ImageIO.framework/Versions/A/Resources/libRadiance.dylib
0x00007ff8287d4000 	/System/Library/Frameworks/ImageIO.framework/Versions/A/Resources/libJPEG.dylib
0x00007ff828723000 	/System/Library/Frameworks/ImageIO.framework/Versions/A/Resources/libPng.dylib
0x00007ff828744000 	/System/Library/Frameworks/ImageIO.framework/Versions/A/Resources/libTIFF.dylib
0x00007ff828834000 	/System/Library/Frameworks/ImageIO.framework/Versions/A/Resources/libGIF.dylib
0x00007ff82805e000 	/System/Library/Frameworks/ImageIO.framework/Versions/A/Resources/libJP2.dylib
0x00007ff827799000 	/usr/lib/libexpat.1.dylib
0x00007ff828013000 	/System/Library/PrivateFrameworks/AppleJPEG.framework/Versions/A/AppleJPEG
0x00007ff82497c000 	/System/Library/PrivateFrameworks/FontServices.framework/libFontParser.dylib
0x00007ff82248f000 	/System/Library/PrivateFrameworks/RunningBoardServices.framework/Versions/A/RunningBoardServices
0x00007ff8331a0000 	/System/Library/PrivateFrameworks/IOSurfaceAccelerator.framework/Versions/A/IOSurfaceAccelerator
0x00007ff828140000 	/System/Library/PrivateFrameworks/WatchdogClient.framework/Versions/A/WatchdogClient
0x00007ff81d0e0000 	/System/Library/Frameworks/CoreDisplay.framework/Versions/A/CoreDisplay
0x00007ff82487a000 	/System/Library/Frameworks/CoreMedia.framework/Versions/A/CoreMedia
0x00007ff82470e000 	/System/Library/PrivateFrameworks/IOAccelerator.framework/Versions/A/IOAccelerator
0x00007ff823613000 	/System/Library/Frameworks/CoreVideo.framework/Versions/A/CoreVideo
0x00007ff826def000 	/System/Library/Frameworks/MetalPerformanceShaders.framework/Versions/A/MetalPerformanceShaders
0x00007ff82817d000 	/System/Library/Frameworks/VideoToolbox.framework/Versions/A/VideoToolbox
0x00007ff8223d9000 	/System/Library/PrivateFrameworks/BaseBoard.framework/Versions/A/BaseBoard
0x00007ff822160000 	/System/Library/PrivateFrameworks/ProtocolBuffer.framework/Versions/A/ProtocolBuffer
0x00007ff8287c4000 	/System/Library/PrivateFrameworks/GPUWrangler.framework/Versions/A/GPUWrangler
0x00007ff8287a8000 	/System/Library/PrivateFrameworks/IOPresentment.framework/Versions/A/IOPresentment
0x00007ff8287ce000 	/System/Library/PrivateFrameworks/DSExternalDisplay.framework/Versions/A/DSExternalDisplay
0x00007ffa34b53000 	/System/Library/Frameworks/OpenGL.framework/Versions/A/Libraries/libCoreFSCache.dylib
0x00007ffb21c29000 	/System/Library/PrivateFrameworks/GPUCompiler.framework/Versions/31001/Libraries/libGPUCompilerUtils.dylib
0x00007ff828839000 	/System/Library/PrivateFrameworks/CMCaptureCore.framework/Versions/A/CMCaptureCore
0x00007ff827d42000 	/System/Library/PrivateFrameworks/AppServerSupport.framework/Versions/A/AppServerSupport
0x00007ff82a007000 	/System/Library/PrivateFrameworks/perfdata.framework/Versions/A/perfdata
0x00007ff81d20c000 	/System/Library/PrivateFrameworks/AudioToolboxCore.framework/Versions/A/AudioToolboxCore
0x00007ff824858000 	/System/Library/PrivateFrameworks/caulk.framework/Versions/A/caulk
0x00007ff829919000 	/usr/lib/libAudioStatistics.dylib
0x00007ff92160e000 	/System/Library/PrivateFrameworks/SystemPolicy.framework/Versions/A/SystemPolicy
0x00007ff829b74000 	/usr/lib/libSMC.dylib
0x00007ff832a98000 	/System/Library/Frameworks/CoreMIDI.framework/Versions/A/CoreMIDI
0x00007ff8286f2000 	/usr/lib/libAudioToolboxUtility.dylib
0x00007ff91d836000 	/System/Library/PrivateFrameworks/OSAServicesClient.framework/Versions/A/OSAServicesClient
0x00007ff82a014000 	/usr/lib/libperfcheck.dylib
0x00007ff9220bb000 	/usr/lib/libmis.dylib
0x00007ffa34bae000 	/System/Library/Frameworks/OpenGL.framework/Versions/A/Libraries/libGLU.dylib
0x00007ffa34b72000 	/System/Library/Frameworks/OpenGL.framework/Versions/A/Libraries/libGFXShared.dylib
0x00007ffa34d7b000 	/System/Library/Frameworks/OpenGL.framework/Versions/A/Libraries/libGL.dylib
0x00007ffa34b7b000 	/System/Library/Frameworks/OpenGL.framework/Versions/A/Libraries/libGLImage.dylib
0x00007ffa34b6f000 	/System/Library/Frameworks/OpenGL.framework/Versions/A/Libraries/libCVMSPluginSupport.dylib
0x00007ffa34b5a000 	/System/Library/Frameworks/OpenGL.framework/Versions/A/Libraries/libCoreVMClient.dylib
0x00007ff8253c4000 	/System/Library/Frameworks/MetalPerformanceShaders.framework/Versions/A/Frameworks/MPSCore.framework/Versions/A/MPSCore
0x00007ff826786000 	/System/Library/Frameworks/MetalPerformanceShaders.framework/Versions/A/Frameworks/MPSImage.framework/Versions/A/MPSImage
0x00007ff82622c000 	/System/Library/Frameworks/MetalPerformanceShaders.framework/Versions/A/Frameworks/MPSNeuralNetwork.framework/Versions/A/MPSNeuralNetwork
0x00007ff8266a0000 	/System/Library/Frameworks/MetalPerformanceShaders.framework/Versions/A/Frameworks/MPSMatrix.framework/Versions/A/MPSMatrix
0x00007ff82645b000 	/System/Library/Frameworks/MetalPerformanceShaders.framework/Versions/A/Frameworks/MPSRayIntersector.framework/Versions/A/MPSRayIntersector
0x00007ff8266d8000 	/System/Library/Frameworks/MetalPerformanceShaders.framework/Versions/A/Frameworks/MPSNDArray.framework/Versions/A/MPSNDArray
0x00007ffa3a633000 	/System/Library/Frameworks/MetalPerformanceShaders.framework/Versions/A/Frameworks/MPSFunctions.framework/Versions/A/MPSFunctions
0x00007ff81c513000 	/System/Library/PrivateFrameworks/MetalTools.framework/Versions/A/MetalTools
0x00007ff825440000 	/System/Library/PrivateFrameworks/AggregateDictionary.framework/Versions/A/AggregateDictionary
0x00007ff82757b000 	/usr/lib/libIOReport.dylib
0x00007ffa3618a000 	/System/Library/Frameworks/OpenCL.framework/Versions/A/OpenCL
0x00007ff8278e0000 	/System/Library/PrivateFrameworks/FaceCore.framework/Versions/A/FaceCore
0x00007ff8278d1000 	/System/Library/PrivateFrameworks/GraphVisualizer.framework/Versions/A/GraphVisualizer
0x00007ffb21b34000 	/System/Library/PrivateFrameworks/FontServices.framework/Versions/A/FontServices
0x00007ff827cfa000 	/System/Library/PrivateFrameworks/OTSVG.framework/Versions/A/OTSVG
0x00007ff8231f9000 	/System/Library/Frameworks/ApplicationServices.framework/Versions/A/Frameworks/ATS.framework/Versions/A/Resources/libFontRegistry.dylib
0x00007ff827d4a000 	/System/Library/PrivateFrameworks/FontServices.framework/libhvf.dylib
0x00007ffb21b35000 	/System/Library/PrivateFrameworks/FontServices.framework/libXTFontStaticRegistryData.dylib
0x00007ff827749000 	/System/Library/PrivateFrameworks/AppleVA.framework/Versions/A/AppleVA
0x00007ff829939000 	/System/Library/Frameworks/ApplicationServices.framework/Versions/A/Frameworks/ATS.framework/Versions/A/ATS
0x00007ff8218a6000 	/System/Library/Frameworks/ApplicationServices.framework/Versions/A/Frameworks/HIServices.framework/Versions/A/HIServices
0x00007ff828843000 	/System/Library/Frameworks/ApplicationServices.framework/Versions/A/Frameworks/PrintCore.framework/Versions/A/PrintCore
0x00007ff829cc7000 	/System/Library/Frameworks/ApplicationServices.framework/Versions/A/Frameworks/QD.framework/Versions/A/QD
0x00007ff829cbf000 	/System/Library/Frameworks/ApplicationServices.framework/Versions/A/Frameworks/ColorSyncLegacy.framework/Versions/A/ColorSyncLegacy
0x00007ff829929000 	/System/Library/Frameworks/ApplicationServices.framework/Versions/A/Frameworks/SpeechSynthesis.framework/Versions/A/SpeechSynthesis
0x00007ff828804000 	/System/Library/Frameworks/ApplicationServices.framework/Versions/A/Frameworks/ATSUI.framework/Versions/A/ATSUI
0x00007ff829c54000 	/usr/lib/libcups.2.dylib
0x00007ff82a023000 	/System/Library/Frameworks/Kerberos.framework/Versions/A/Kerberos
0x00007ff82a032000 	/System/Library/Frameworks/GSS.framework/Versions/A/GSS
0x00007ff8299a5000 	/usr/lib/libresolv.9.dylib
0x00007ff827d59000 	/System/Library/PrivateFrameworks/Heimdal.framework/Versions/A/Heimdal
0x00007ff830c1b000 	/System/Library/Frameworks/Kerberos.framework/Versions/A/Libraries/libHeimdalProxy.dylib
0x00007ff822563000 	/System/Library/Frameworks/Network.framework/Versions/A/Network
0x00007ff8277b4000 	/usr/lib/libheimdal-asn1.dylib
0x00007ff82a07d000 	/System/Library/PrivateFrameworks/CommonAuth.framework/Versions/A/CommonAuth
0x00007ff8298ab000 	/System/Library/PrivateFrameworks/AudioSession.framework/Versions/A/AudioSession
0x00007ff827844000 	/System/Library/PrivateFrameworks/MediaExperience.framework/Versions/A/MediaExperience
0x00007ff82973d000 	/System/Library/PrivateFrameworks/AudioSession.framework/libSessionUtility.dylib
0x00007ff829cd3000 	/System/Library/PrivateFrameworks/AudioResourceArbitration.framework/Versions/A/AudioResourceArbitration
0x00007ff82dd54000 	/System/Library/PrivateFrameworks/PowerLog.framework/Versions/A/PowerLog
0x00007ff8277bd000 	/System/Library/PrivateFrameworks/IconFoundation.framework/Versions/A/IconFoundation
0x00007ff82cb0a000 	/System/Library/PrivateFrameworks/SpeechRecognitionCore.framework/Versions/A/SpeechRecognitionCore
0x0000000101631000 	/Library/Java/JavaVirtualMachines/jdk-17.jdk/Contents/Home/lib/server/libjvm.dylib
0x0000000100625000 	/Library/Java/JavaVirtualMachines/jdk-17.jdk/Contents/Home/lib/libjimage.dylib
0x00000001006a3000 	/Library/Java/JavaVirtualMachines/jdk-17.jdk/Contents/Home/lib/libjava.dylib
0x0000000101509000 	/Library/Java/JavaVirtualMachines/jdk-17.jdk/Contents/Home/lib/libnio.dylib
0x0000000101543000 	/Library/Java/JavaVirtualMachines/jdk-17.jdk/Contents/Home/lib/libnet.dylib
0x0000000101525000 	/Library/Java/JavaVirtualMachines/jdk-17.jdk/Contents/Home/lib/libzip.dylib
0x00000001014ee000 	/Users/estebannajera/.openjfx/cache/13/libprism_es2.dylib
0x00007ff81e6a4000 	/System/Library/PrivateFrameworks/CoreServicesInternal.framework/Versions/A/CoreServicesInternal
0x00007ffa34d86000 	/System/Library/Frameworks/OpenGL.framework/Versions/A/Resources/GLEngine.bundle/GLEngine
0x00007ffa34bec000 	/System/Library/Frameworks/OpenGL.framework/Versions/A/Libraries/libGLProgrammability.dylib
0x00007ffa2d558000 	/System/Library/Extensions/AppleIntelBDWGraphicsGLDriver.bundle/Contents/MacOS/AppleIntelBDWGraphicsGLDriver
0x00007ff92c256000 	/System/Library/PrivateFrameworks/GPUSupport.framework/Versions/A/Libraries/libGPUSupportMercury.dylib
0x00007ffa34f10000 	/System/Library/Frameworks/OpenGL.framework/Versions/A/Resources/GLRendererFloat.bundle/GLRendererFloat
0x000000010919e000 	/Users/estebannajera/.openjfx/cache/13/libglass.dylib
0x00007ff82e345000 	/System/Library/Frameworks/FileProvider.framework/Versions/A/FileProvider
0x00007ff822346000 	/System/Library/Frameworks/Accounts.framework/Versions/A/Accounts
0x00007ff82e4be000 	/System/Library/PrivateFrameworks/GenerationalStorage.framework/Versions/A/GenerationalStorage
0x00007ff82efcf000 	/System/Library/PrivateFrameworks/CoreSymbolication.framework/Versions/A/CoreSymbolication
0x00007ff82dd49000 	/System/Library/PrivateFrameworks/SymptomDiagnosticReporter.framework/Versions/A/SymptomDiagnosticReporter
0x00007ff81f965000 	/System/Library/PrivateFrameworks/DesktopServicesPriv.framework/Versions/A/DesktopServicesPriv
0x00007ff81e7e3000 	/usr/lib/libsandbox.1.dylib
0x00007ff823692000 	/System/Library/PrivateFrameworks/UserManagement.framework/Versions/A/UserManagement
0x00007ff82ef94000 	/System/Library/PrivateFrameworks/DebugSymbols.framework/Versions/A/DebugSymbols
0x00007ff829cb4000 	/System/Library/PrivateFrameworks/NetAuth.framework/Versions/A/NetAuth
0x00007ff82abc3000 	/System/Library/PrivateFrameworks/Sharing.framework/Versions/A/Sharing
0x00007ff823665000 	/System/Library/PrivateFrameworks/login.framework/Versions/A/Frameworks/loginsupport.framework/Versions/A/loginsupport
0x00007ff830132000 	/System/Library/PrivateFrameworks/Apple80211.framework/Versions/A/Apple80211
0x00007ff82686b000 	/System/Library/PrivateFrameworks/AuthKit.framework/Versions/A/AuthKit
0x00007ff825ec0000 	/System/Library/PrivateFrameworks/CoreUtils.framework/Versions/A/CoreUtils
0x00007ff825de7000 	/System/Library/Frameworks/CoreWLAN.framework/Versions/A/CoreWLAN
0x00007ff82ad22000 	/System/Library/Frameworks/IOBluetooth.framework/Versions/A/IOBluetooth
0x00007ff83019a000 	/System/Library/PrivateFrameworks/CoreWiFi.framework/Versions/A/CoreWiFi
0x00007ff82eb68000 	/System/Library/PrivateFrameworks/FrontBoardServices.framework/Versions/A/FrontBoardServices
0x00007ff82ebf9000 	/System/Library/PrivateFrameworks/BoardServices.framework/Versions/A/BoardServices
0x00007ff8260cf000 	/System/Library/PrivateFrameworks/AssertionServices.framework/Versions/A/AssertionServices
0x00007ff83031d000 	/System/Library/PrivateFrameworks/BackBoardServices.framework/Versions/A/BackBoardServices
0x00007ff82a10e000 	/System/Library/PrivateFrameworks/CorePhoneNumbers.framework/Versions/A/CorePhoneNumbers
0x00007ff8299d2000 	/System/Library/PrivateFrameworks/MultiverseSupport.framework/Versions/A/MultiverseSupport
0x00007ff830591000 	/System/Library/PrivateFrameworks/RemoteServiceDiscovery.framework/Versions/A/RemoteServiceDiscovery
0x00007ff82de66000 	/System/Library/PrivateFrameworks/DiskManagement.framework/Versions/A/DiskManagement
0x00007ff82dd7a000 	/System/Library/PrivateFrameworks/AppleIDAuthSupport.framework/Versions/A/AppleIDAuthSupport
0x00007ffb1c4af000 	/System/Library/PrivateFrameworks/AAAFoundation.framework/Versions/A/AAAFoundation
0x00007ff82a0ef000 	/System/Library/PrivateFrameworks/KeychainCircle.framework/Versions/A/KeychainCircle
0x00007ff8305a1000 	/System/Library/PrivateFrameworks/RemoteXPC.framework/Versions/A/RemoteXPC
0x00007ff82de32000 	/System/Library/PrivateFrameworks/MediaKit.framework/Versions/A/MediaKit
0x00007ff82dd86000 	/System/Library/Frameworks/DiscRecording.framework/Versions/A/DiscRecording
0x00007ff8276c1000 	/usr/lib/libCoreStorage.dylib
0x00007ff83060c000 	/usr/lib/libcsfde.dylib
0x00007ff82adef000 	/System/Library/PrivateFrameworks/ProtectedCloudStorage.framework/Versions/A/ProtectedCloudStorage
0x00007ff830608000 	/System/Library/PrivateFrameworks/EFILogin.framework/Versions/A/EFILogin
0x00007ff82e4e4000 	/System/Library/PrivateFrameworks/OctagonTrust.framework/Versions/A/OctagonTrust
0x00007ffb20d97000 	/System/Library/PrivateFrameworks/CoreUtilsExtras.framework/Versions/A/CoreUtilsExtras
0x00007ff82dcad000 	/System/Library/Frameworks/CoreBluetooth.framework/Versions/A/CoreBluetooth
0x00007ff830ca0000 	/System/Library/Frameworks/AudioUnit.framework/Versions/A/AudioUnit
0x00007ff8276b9000 	/usr/lib/libMatch.1.dylib
0x00007ff9266df000 	/System/Library/Frameworks/Accelerate.framework/Versions/A/Frameworks/vImage.framework/Versions/A/Libraries/libCGInterfaces.dylib
0x0000000109855000 	/usr/lib/libobjc-trampolines.dylib
0x00007ff82338a000 	/System/Library/PrivateFrameworks/ViewBridge.framework/Versions/A/ViewBridge
0x0000000169dfb000 	/Users/estebannajera/.openjfx/cache/13/libjavafx_font.dylib
0x00007ffb34629000 	/usr/lib/libRosetta.dylib
0x00007ff827e11000 	/System/Library/PrivateFrameworks/login.framework/Versions/A/login
0x00007ff82d226000 	/System/Library/PrivateFrameworks/SystemAdministration.framework/Versions/A/SystemAdministration
0x00007ff828a6d000 	/System/Library/Frameworks/MediaToolbox.framework/Versions/A/MediaToolbox
0x00007ff82cad6000 	/System/Library/Frameworks/DirectoryService.framework/Versions/A/DirectoryService
0x00007ff8304a9000 	/System/Library/PrivateFrameworks/DiskImages.framework/Versions/A/DiskImages
0x00007ff826177000 	/System/Library/Frameworks/ServiceManagement.framework/Versions/A/ServiceManagement
0x00007ff830689000 	/System/Library/PrivateFrameworks/LoginUIKit.framework/Versions/A/Frameworks/LoginUICore.framework/Versions/A/LoginUICore
0x00007ff827fba000 	/usr/lib/libodfde.dylib
0x00007ff82e315000 	/System/Library/PrivateFrameworks/CoreAVCHD.framework/Versions/A/CoreAVCHD
0x00007ff82d1ea000 	/System/Library/Frameworks/MediaAccessibility.framework/Versions/A/MediaAccessibility
0x00007ff82e311000 	/System/Library/PrivateFrameworks/Mangrove.framework/Versions/A/Mangrove
0x00007ff82d1f5000 	/System/Library/PrivateFrameworks/AlgosScoreFramework.framework/Versions/A/AlgosScoreFramework
0x00007ffb1e08b000 	/System/Library/PrivateFrameworks/CMPhoto.framework/Versions/A/CMPhoto
0x00007ff82ee6a000 	/System/Library/PrivateFrameworks/AppleVPA.framework/Versions/A/AppleVPA
0x00007ff82df56000 	/System/Library/PrivateFrameworks/CoreAUC.framework/Versions/A/CoreAUC
0x00007ff830618000 	/usr/lib/libcurl.4.dylib
0x00007ffb34a95000 	/usr/lib/libcrypto.46.dylib
0x00007ffb34f8a000 	/usr/lib/libssl.48.dylib
0x00007ff83033b000 	/System/Library/Frameworks/LDAP.framework/Versions/A/LDAP
0x00007ff830373000 	/System/Library/PrivateFrameworks/TrustEvaluationAgent.framework/Versions/A/TrustEvaluationAgent
0x00007ff8299be000 	/usr/lib/libsasl2.2.dylib
0x00007ff82d21a000 	/System/Library/PrivateFrameworks/CoreDaemon.framework/Versions/B/CoreDaemon
0x00007ff82d215000 	/System/Library/PrivateFrameworks/AppleSRP.framework/Versions/A/AppleSRP
0x000000016e91a000 	/Users/estebannajera/.openjfx/cache/13/libjavafx_iio.dylib
0x00007ff921773000 	/System/Library/PrivateFrameworks/AccessibilitySharedSupport.framework/Versions/A/AccessibilitySharedSupport
0x00007ff91d895000 	/usr/lib/libAccessibility.dylib
0x00007ff91d880000 	/System/Library/PrivateFrameworks/AXCoreUtilities.framework/Versions/A/AXCoreUtilities
0x00007ff823668000 	/System/Library/PrivateFrameworks/ApplePushService.framework/Versions/A/ApplePushService
0x00007ff8236b7000 	/System/Library/Frameworks/CloudKit.framework/Versions/A/CloudKit
0x00007ff82a892000 	/System/Library/PrivateFrameworks/IDS.framework/Versions/A/IDS
0x00007ff8223c1000 	/System/Library/PrivateFrameworks/CommonUtilities.framework/Versions/A/CommonUtilities
0x00007ff827fbe000 	/System/Library/PrivateFrameworks/Bom.framework/Versions/A/Bom
0x00007ff8299e2000 	/usr/lib/libParallelCompression.dylib
0x00007ff827584000 	/System/Library/PrivateFrameworks/CrashReporterSupport.framework/Versions/A/CrashReporterSupport
0x00007ff830d4c000 	/System/Library/PrivateFrameworks/C2.framework/Versions/A/C2
0x00007ff82463d000 	/System/Library/Frameworks/CoreLocation.framework/Versions/A/CoreLocation
0x00007ffb1e292000 	/System/Library/PrivateFrameworks/CloudKitDistributedSync.framework/Versions/A/CloudKitDistributedSync
0x00007ff830d44000 	/System/Library/Frameworks/PushKit.framework/Versions/A/PushKit
0x00007ff92e0fb000 	/System/Library/PrivateFrameworks/OSAnalytics.framework/Versions/A/OSAnalytics
0x00007ff9392b9000 	/System/Library/PrivateFrameworks/Symbolication.framework/Versions/A/Symbolication
0x00007ff922098000 	/System/Library/PrivateFrameworks/MallocStackLogging.framework/Versions/A/MallocStackLogging
0x00007ff82f0a5000 	/System/Library/PrivateFrameworks/CoreTime.framework/Versions/A/CoreTime
0x00007ff83283d000 	/System/Library/PrivateFrameworks/RTCReporting.framework/Versions/A/RTCReporting
0x00007ff82b0b8000 	/System/Library/PrivateFrameworks/GeoServices.framework/Versions/A/GeoServices
0x00007ff829715000 	/System/Library/PrivateFrameworks/LocationSupport.framework/Versions/A/LocationSupport
0x00007ffb22323000 	/System/Library/PrivateFrameworks/GeoServicesCore.framework/Versions/A/GeoServicesCore
0x00007ff91d876000 	/System/Library/PrivateFrameworks/PhoneNumbers.framework/Versions/A/PhoneNumbers
0x00007ff8296a2000 	/System/Library/PrivateFrameworks/IMFoundation.framework/Versions/A/IMFoundation
0x00007ff91d07a000 	/System/Library/PrivateFrameworks/Marco.framework/Versions/A/Marco
0x00007ff82aa06000 	/System/Library/PrivateFrameworks/IDSFoundation.framework/Versions/A/IDSFoundation
0x00007ff921ccb000 	/System/Library/PrivateFrameworks/FTServices.framework/Versions/A/FTServices
0x00007ff8344f5000 	/System/Library/PrivateFrameworks/Engram.framework/Versions/A/Engram
0x00007ff83449c000 	/usr/lib/libtidy.A.dylib
0x00007ff92c01f000 	/System/Library/PrivateFrameworks/FTAWD.framework/Versions/A/FTAWD
0x00007ff922681000 	/System/Library/PrivateFrameworks/SidecarUI.framework/Versions/A/SidecarUI
0x00007ff921132000 	/System/Library/Frameworks/Carbon.framework/Versions/A/Carbon
0x00007ff9217d6000 	/System/Library/PrivateFrameworks/SidecarCore.framework/Versions/A/SidecarCore
0x00007ff834537000 	/System/Library/Frameworks/Carbon.framework/Versions/A/Frameworks/CommonPanels.framework/Versions/A/CommonPanels
0x00007ff830604000 	/System/Library/Frameworks/Carbon.framework/Versions/A/Frameworks/Help.framework/Versions/A/Help
0x00007ff83453b000 	/System/Library/Frameworks/Carbon.framework/Versions/A/Frameworks/ImageCapture.framework/Versions/A/ImageCapture
0x00007ff83450b000 	/System/Library/Frameworks/Carbon.framework/Versions/A/Frameworks/OpenScripting.framework/Versions/A/OpenScripting
0x00007ff834533000 	/System/Library/Frameworks/Carbon.framework/Versions/A/Frameworks/Ink.framework/Versions/A/Ink
0x00007ff92112e000 	/System/Library/Frameworks/Carbon.framework/Versions/A/Frameworks/Print.framework/Versions/A/Print
0x00007ff83452f000 	/System/Library/Frameworks/Carbon.framework/Versions/A/Frameworks/SecurityHI.framework/Versions/A/SecurityHI


VM Arguments:
jvm_args: --module-path=/Users/estebannajera/Desktop/tarea-programacion-iii-2023/evacomuna/target/classes:/Users/estebannajera/.m2/repository/commons-io/commons-io/2.11.0/commons-io-2.11.0.jar:/Users/estebannajera/.m2/repository/io/github/typhon0/AnimateFX/1.2.4/AnimateFX-1.2.4.jar:/Users/estebannajera/.m2/repository/jakarta/activation/jakarta.activation-api/2.1.2/jakarta.activation-api-2.1.2.jar:/Users/estebannajera/.m2/repository/jakarta/xml/bind/jakarta.xml.bind-api/4.0.0/jakarta.xml.bind-api-4.0.0.jar:/Users/estebannajera/.m2/repository/jakarta/xml/soap/jakarta.xml.soap-api/3.0.0/jakarta.xml.soap-api-3.0.0.jar:/Users/estebannajera/.m2/repository/jakarta/xml/ws/jakarta.xml.ws-api/4.0.0/jakarta.xml.ws-api-4.0.0.jar:/Users/estebannajera/.m2/repository/org/apache/commons/commons-compress/1.20/commons-compress-1.20.jar:/Users/estebannajera/.m2/repository/org/controlsfx/controlsfx/11.1.2/controlsfx-11.1.2.jar:/Users/estebannajera/.m2/repository/org/openjfx/javafx-base/13/javafx-base-13-mac.jar:/Users/estebannajera/.m2/repository/org/openjfx/javafx-controls/13/javafx-controls-13-mac.jar:/Users/estebannajera/.m2/repository/org/openjfx/javafx-fxml/13/javafx-fxml-13-mac.jar:/Users/estebannajera/.m2/repository/org/openjfx/javafx-graphics/13/javafx-graphics-13-mac.jar --add-modules=Evacomuna -Djdk.module.main=Evacomuna 
java_command: Evacomuna/cr.ac.una.evacomuna.App
java_class_path (initial): /Users/estebannajera/.m2/repository/com/fasterxml/woodstox/woodstox-core/6.5.0/woodstox-core-6.5.0.jar:/Users/estebannajera/.m2/repository/com/sun/xml/bind/jaxb-core/4.0.2/jaxb-core-4.0.2.jar:/Users/estebannajera/.m2/repository/com/sun/xml/bind/jaxb-impl/4.0.2/jaxb-impl-4.0.2.jar:/Users/estebannajera/.m2/repository/com/sun/xml/fastinfoset/FastInfoset/2.1.0/FastInfoset-2.1.0.jar:/Users/estebannajera/.m2/repository/com/sun/xml/messaging/saaj/saaj-impl/3.0.0/saaj-impl-3.0.0.jar:/Users/estebannajera/.m2/repository/com/sun/xml/stream/buffer/streambuffer/2.1.0/streambuffer-2.1.0.jar:/Users/estebannajera/.m2/repository/com/sun/xml/ws/jaxws-rt/4.0.1/jaxws-rt-4.0.1.jar:/Users/estebannajera/.m2/repository/jakarta/annotation/jakarta.annotation-api/2.1.1/jakarta.annotation-api-2.1.1.jar:/Users/estebannajera/.m2/repository/jakarta/mail/jakarta.mail-api/2.1.1/jakarta.mail-api-2.1.1.jar:/Users/estebannajera/.m2/repository/org/codehaus/woodstox/stax2-api/4.2.1/stax2-api-4.2.1.jar:/Users/estebannajera/.m2/repository/org/eclipse/angus/angus-activation/2.0.0/angus-activation-2.0.0.jar:/Users/estebannajera/.m2/repository/org/eclipse/angus/angus-mail/2.0.1/angus-mail-2.0.1.jar:/Users/estebannajera/.m2/repository/org/glassfish/external/management-api/3.2.3/management-api-3.2.3.jar:/Users/estebannajera/.m2/repository/org/glassfish/gmbal/gmbal-api-only/4.0.3/gmbal-api-only-4.0.3.jar:/Users/estebannajera/.m2/repository/org/glassfish/ha/ha-api/3.1.13/ha-api-3.1.13.jar:/Users/estebannajera/.m2/repository/org/jvnet/mimepull/mimepull/1.10.0/mimepull-1.10.0.jar:/Users/estebannajera/.m2/repository/org/jvnet/staxex/stax-ex/2.1.0/stax-ex-2.1.0.jar:/Users/estebannajera/.m2/repository/org/openjfx/javafx-base/13/javafx-base-13.jar:/Users/estebannajera/.m2/repository/org/openjfx/javafx-controls/13/javafx-controls-13.jar:/Users/estebannajera/.m2/repository/org/openjfx/javafx-fxml/13/javafx-fxml-13.jar:/Users/estebannajera/.m2/repository/org/openjfx/javafx-graphics/13/javafx-
Launcher Type: SUN_STANDARD

[Global flags]
     intx CICompilerCount                          = 3                                         {product} {ergonomic}
     uint ConcGCThreads                            = 1                                         {product} {ergonomic}
     uint G1ConcRefinementThreads                  = 4                                         {product} {ergonomic}
   size_t G1HeapRegionSize                         = 1048576                                   {product} {ergonomic}
    uintx GCDrainStackTargetSize                   = 64                                        {product} {ergonomic}
   size_t InitialHeapSize                          = 134217728                                 {product} {ergonomic}
   size_t MarkStackSize                            = 4194304                                   {product} {ergonomic}
   size_t MaxHeapSize                              = 2147483648                                {product} {ergonomic}
   size_t MaxNewSize                               = 1287651328                                {product} {ergonomic}
   size_t MinHeapDeltaBytes                        = 1048576                                   {product} {ergonomic}
   size_t MinHeapSize                              = 8388608                                   {product} {ergonomic}
    uintx NonNMethodCodeHeapSize                   = 5832780                                {pd product} {ergonomic}
    uintx NonProfiledCodeHeapSize                  = 122912730                              {pd product} {ergonomic}
    uintx ProfiledCodeHeapSize                     = 122912730                              {pd product} {ergonomic}
    uintx ReservedCodeCacheSize                    = 251658240                              {pd product} {ergonomic}
     bool SegmentedCodeCache                       = true                                      {product} {ergonomic}
   size_t SoftMaxHeapSize                          = 2147483648                             {manageable} {ergonomic}
     bool UseCompressedClassPointers               = true                           {product lp64_product} {ergonomic}
     bool UseCompressedOops                        = true                           {product lp64_product} {ergonomic}
     bool UseG1GC                                  = true                                      {product} {ergonomic}
     bool UseNUMA                                  = false                                     {product} {ergonomic}
     bool UseNUMAInterleaving                      = false                                     {product} {ergonomic}

Logging:
Log output configuration:
 #0: stdout all=warning uptime,level,tags
 #1: stderr all=off uptime,level,tags

Environment Variables:
JAVA_HOME=/Library/Java/JavaVirtualMachines/jdk-17.jdk/Contents/Home
PATH=/usr/bin:/bin:/usr/sbin:/sbin
SHELL=/bin/zsh
LC_CTYPE=UTF-8

Signal Handlers:
   SIGSEGV: _ZL13crash_handleriP9__siginfoPv in libjvm.dylib, mask=11100110000111110111111111111111, flags=SA_RESTART|SA_SIGINFO
    SIGBUS: _ZL13crash_handleriP9__siginfoPv in libjvm.dylib, mask=11100110000111110111111111111111, flags=SA_RESTART|SA_SIGINFO
    SIGFPE: _ZL13crash_handleriP9__siginfoPv in libjvm.dylib, mask=11100110000111110111111111111111, flags=SA_RESTART|SA_SIGINFO
   SIGPIPE: _ZL17javaSignalHandleriP9__siginfoPv in libjvm.dylib, mask=11100110000111110111111111111111, flags=SA_RESTART|SA_SIGINFO
   SIGXFSZ: _ZL17javaSignalHandleriP9__siginfoPv in libjvm.dylib, mask=11100110000111110111111111111111, flags=SA_RESTART|SA_SIGINFO
    SIGILL: _ZL13crash_handleriP9__siginfoPv in libjvm.dylib, mask=11100110000111110111111111111111, flags=SA_RESTART|SA_SIGINFO
   SIGUSR2: _ZL10SR_handleriP9__siginfoP17__darwin_ucontext in libjvm.dylib, mask=00100000000000000000000000000000, flags=SA_RESTART|SA_SIGINFO
    SIGHUP: _ZL11UserHandleriPvS_ in libjvm.dylib, mask=11100110000111110111111111111111, flags=SA_RESTART|SA_SIGINFO
    SIGINT: SIG_IGN, mask=00000000000000000000000000000000, flags=none
   SIGTERM: _ZL11UserHandleriPvS_ in libjvm.dylib, mask=11100110000111110111111111111111, flags=SA_RESTART|SA_SIGINFO
   SIGQUIT: _ZL11UserHandleriPvS_ in libjvm.dylib, mask=11100110000111110111111111111111, flags=SA_RESTART|SA_SIGINFO
   SIGTRAP: _ZL13crash_handleriP9__siginfoPv in libjvm.dylib, mask=11100110000111110111111111111111, flags=SA_RESTART|SA_SIGINFO


---------------  S Y S T E M  ---------------

OS:
uname: Darwin 21.6.0 Darwin Kernel Version 21.6.0: Thu Mar  9 20:08:59 PST 2023; root:xnu-8020.240.18.700.8~1/RELEASE_X86_64 x86_64
OS uptime: 2 days 13:27 hours
rlimit (soft/hard): STACK 8192k/65532k , CORE 0k/infinity , NPROC 1392/2088 , NOFILE 10240/infinity , AS infinity/infinity , CPU infinity/infinity , DATA infinity/infinity , FSIZE infinity/infinity , MEMLOCK infinity/infinity , RSS infinity/infinity
load average: 2.17 2.94 3.49

CPU: total 4 (initial active 4) (2 cores per cpu, 2 threads per core) family 6 model 61 stepping 4 microcode 0x2f, cx8, cmov, fxsr, ht, mmx, 3dnowpref, sse, sse2, sse3, ssse3, sse4.1, sse4.2, popcnt, lzcnt, tsc, tscinvbit, avx, avx2, aes, erms, clmul, bmi1, bmi2, rtm, adx, fma, vzeroupper, clflush

Memory: 4k page, physical 8388608k(26860k free), swap 4194304k(1422848k free)

vm_info: Java HotSpot(TM) 64-Bit Server VM (17.0.8+9-LTS-211) for bsd-amd64 JRE (17.0.8+9-LTS-211), built on Jun 14 2023 09:35:19 by "mach5one" with clang Apple LLVM 12.0.0 (clang-1200.0.32.29)

END.
